timestamp,batchTime,transformTime,bulkTime
1561322955,0.032370090484619,0.021829128265381,0.57554507255554
1561322956,0.030347108840942,0.02353310585022,0.62112092971802
1561322957,0.030072927474976,0.01970100402832,0.52804207801819
1561322957,0.03020191192627,0.021821022033691,0.59988903999329
1561322958,0.029546022415161,0.019556045532227,0.53960990905762
1561322958,0.02934718132019,0.021054029464722,0.62173700332642
1561322959,0.030414819717407,0.022229909896851,0.54354405403137
1561322960,0.030253887176514,0.023292779922485,0.56362986564636
1561322960,0.029464960098267,0.019683122634888,0.53856897354126
1561322961,0.030145168304443,0.024188041687012,0.65697908401489
1561322962,0.030663013458252,0.022207021713257,0.54396510124207
1561322962,0.030309915542603,0.024523019790649,0.56206297874451
1561322963,0.030194044113159,0.019929170608521,0.54012703895569
1561322963,0.030133008956909,0.022137880325317,0.54676914215088
1561322964,0.029872179031372,0.019340038299561,0.61906003952026
1561322965,0.029993057250977,0.02137303352356,0.628249168396
1561322965,0.029695987701416,0.019115924835205,0.57386112213135
1561322966,0.03059720993042,0.024410963058472,0.59477591514587
1561322967,0.029964923858643,0.019868135452271,0.62321901321411
1561322967,0.03017783164978,0.021780014038086,0.5766749382019
1561322968,0.029731035232544,0.019554853439331,0.67399191856384
1561322969,0.029769897460938,0.02106499671936,0.55839490890503
1561322969,0.029926061630249,0.019641160964966,0.55677103996277
1561322970,0.029821157455444,0.021748065948486,0.64712405204773
1561322971,0.030362844467163,0.019873857498169,0.57294988632202
1561322971,0.02949595451355,0.02162504196167,0.56475806236267
1561322972,0.029353857040405,0.019645929336548,0.56034898757935
1561322973,0.030147075653076,0.021797180175781,0.69347596168518
1561322973,0.029966115951538,0.019763946533203,0.56217980384827
1561322974,0.029266119003296,0.021537065505981,0.56596994400024
1561322974,0.029397964477539,0.019634962081909,0.56112504005432
1561322975,0.02906608581543,0.021145105361938,0.56660008430481
1561322976,0.029476881027222,0.019929885864258,0.64421415328979
1561322976,0.029054880142212,0.02170991897583,0.57385110855103
1561322977,0.02934193611145,0.019927978515625,0.56593990325928
1561322978,0.028769969940186,0.022116899490356,0.5727858543396
1561322978,0.02938985824585,0.019929885864258,0.69276213645935
1561322979,0.029139995574951,0.022346019744873,0.647057056427
1561322980,0.029433012008667,0.019872903823853,0.57241797447205
1561322980,0.029186964035034,0.021763801574707,0.63872885704041
1561322981,0.029444932937622,0.020011186599731,0.57368803024292
1561322982,0.029195785522461,0.022227048873901,0.64623594284058
1561322982,0.029681921005249,0.019773006439209,0.611407995224
1561322983,0.029129028320312,0.022168159484863,0.57282090187073
1561322984,0.02962589263916,0.020167827606201,0.68804383277893
1561322984,0.029119968414307,0.022487163543701,0.64287900924683
1561322985,0.029210805892944,0.019618034362793,0.5875039100647
1561322986,0.029150009155273,0.022172927856445,0.62395811080933
1561322986,0.029496192932129,0.020047903060913,0.56722784042358
1561322987,0.029184103012085,0.020999908447266,0.68393397331238
1561322988,0.029491901397705,0.019989013671875,0.57209801673889
1561322988,0.029185056686401,0.021435022354126,0.58360505104065
1561322989,0.029851913452148,0.020051002502441,0.62997102737427
1561322990,0.029392004013062,0.021644115447998,0.62740206718445
1561322990,0.029591083526611,0.020067930221558,0.63843417167664
1561322991,0.029109954833984,0.02161693572998,0.58494782447815
1561322992,0.029989004135132,0.019998073577881,0.57179307937622
1561322992,0.029132127761841,0.021847009658813,0.57099103927612
1561322993,0.029427051544189,0.019858121871948,0.64222311973572
1561322994,0.02861499786377,0.021414041519165,0.57840514183044
1561322994,0.029476165771484,0.02000904083252,0.58698296546936
1561322995,0.029209136962891,0.021717071533203,0.57315301895142
1561322996,0.029502868652344,0.019685029983521,0.59122109413147
1561322996,0.028609991073608,0.021859884262085,0.69209599494934
1561322997,0.028857946395874,0.019509077072144,0.59981298446655
1561322998,0.028773069381714,0.020940065383911,0.56562399864197
1561322998,0.029212951660156,0.019747018814087,0.56200289726257
1561322999,0.028788089752197,0.021101951599121,0.75143909454346
1561323000,0.028988122940063,0.019550085067749,0.56394696235657
1561323000,0.029007196426392,0.021981954574585,0.57102012634277
1561323001,0.029365062713623,0.01973295211792,0.6445939540863
1561323002,0.028678178787231,0.021781921386719,0.58079218864441
1561323002,0.02903413772583,0.019782066345215,0.63428711891174
1561323003,0.028892040252686,0.02125883102417,0.57402491569519
1561323003,0.028812885284424,0.019607067108154,0.5649139881134
1561323004,0.028521776199341,0.021102905273438,0.56537914276123
1561323005,0.028846025466919,0.019237995147705,0.63577198982239
1561323005,0.028718948364258,0.021621942520142,0.57447791099548
1561323006,0.029136896133423,0.020126819610596,0.68735790252686
1561323007,0.028716087341309,0.021718978881836,0.58383893966675
1561323007,0.029345989227295,0.019867181777954,0.57310390472412
1561323008,0.028863906860352,0.021821022033691,0.64752197265625
1561323009,0.029291152954102,0.019589900970459,0.61732506752014
1561323009,0.028850078582764,0.021929979324341,0.57907795906067
1561323010,0.028929948806763,0.019707202911377,0.57130193710327
1561323011,0.028733015060425,0.021758794784546,0.6598219871521
1561323011,0.029365062713623,0.019621849060059,0.62496018409729
1561323012,0.028959035873413,0.021583795547485,0.60114407539368
1561323013,0.029140949249268,0.019829034805298,0.59072804450989
1561323013,0.02878999710083,0.022260904312134,0.57394099235535
1561323014,0.028990983963013,0.019747972488403,0.68087983131409
1561323015,0.028410196304321,0.021919012069702,0.63958597183228
1561323015,0.029051065444946,0.019609928131104,0.59018301963806
1561323016,0.028827905654907,0.022743940353394,0.65489292144775
1561323017,0.029349088668823,0.019970893859863,0.78865909576416
1561323018,0.02895712852478,0.022078990936279,0.66499185562134
1561323018,0.028847932815552,0.020027160644531,0.5727870464325
1561323019,0.028856992721558,0.022033929824829,0.67126703262329
1561323020,0.029298067092896,0.019773960113525,0.57301998138428
1561323020,0.029224872589111,0.021848917007446,0.76391100883484
1561323021,0.029797792434692,0.019832849502563,0.6386570930481
1561323022,0.029058933258057,0.022741079330444,0.58122110366821
1561323022,0.029273986816406,0.019892930984497,0.59510898590088
1561323023,0.028793096542358,0.021168947219849,0.68911409378052
1561323024,0.029128074645996,0.01994514465332,0.5729808807373
1561323024,0.028764009475708,0.021528959274292,0.57256603240967
1561323025,0.029461145401001,0.019970893859863,0.57256698608398
1561323026,0.029060125350952,0.021646976470947,0.63047218322754
1561323026,0.029146909713745,0.019992828369141,0.62882804870605
1561323027,0.028650999069214,0.02187705039978,0.57621288299561
1561323028,0.029232025146484,0.019505977630615,0.56641006469727
1561323028,0.028856039047241,0.021675109863281,0.5819149017334
1561323029,0.029266834259033,0.020256996154785,0.61849403381348
1561323030,0.028800010681152,0.021377801895142,0.62926983833313
1561323030,0.029222011566162,0.020228147506714,0.56074094772339
1561323031,0.028933048248291,0.021198987960815,0.65847086906433
1561323032,0.028958082199097,0.019885063171387,0.60446095466614
1561323032,0.029054880142212,0.02102518081665,0.70617604255676
1561323032,0.0068619251251221,0.0032920837402344,0.099194049835205
1561323033,0.019122123718262,0.013148069381714,0.3938090801239
1561323033,0.0097198486328125,0.0055139064788818,0.16416311264038
1561323033,0.0034489631652832,0.0021798610687256,0.070121049880981
1561323033,0.014335870742798,0.010967969894409,0.28958892822266
1561323034,0.026221036911011,0.019240140914917,0.57282304763794
1561323035,0.026875019073486,0.020637035369873,0.58202886581421
1561323035,0.026907920837402,0.019199132919312,0.6325569152832
1561323036,0.027863025665283,0.020408153533936,0.5442590713501
1561323037,0.027033090591431,0.019155025482178,0.53758192062378
1561323037,0.027390003204346,0.020723104476929,0.55677890777588
1561323038,0.027268171310425,0.019258975982666,0.65797710418701
1561323039,0.030786037445068,0.022926092147827,0.69711184501648
1561323039,0.026057958602905,0.018702030181885,0.5455379486084
1561323040,0.029837846755981,0.022103786468506,0.60673594474792
1561323040,0.028614044189453,0.019705057144165,0.55303406715393
1561323041,0.028107881546021,0.021084785461426,0.6365168094635
1561323042,0.027335166931152,0.019256114959717,0.56054091453552
1561323042,0.028156042098999,0.020987987518311,0.57138204574585
1561323043,0.028004884719849,0.019399881362915,0.61153602600098
1561323044,0.027862071990967,0.020545959472656,0.55485200881958
1561323044,0.027606964111328,0.019432067871094,0.62716507911682
1561323045,0.02758002281189,0.02082896232605,0.59572887420654
1561323046,0.027491092681885,0.01908802986145,0.67044901847839
1561323047,0.035612821578979,0.026691198348999,0.72621989250183
1561323047,0.041788101196289,0.029345989227295,0.89939284324646
1561323048,0.042054891586304,0.03062891960144,0.81702494621277
1561323049,0.031793117523193,0.02190113067627,0.70627808570862
1561323050,0.028666973114014,0.021426916122437,0.63828110694885
1561323051,0.029085874557495,0.020548105239868,0.6353611946106
1561323051,0.028068065643311,0.020760059356689,0.56007504463196
1561323052,0.028671026229858,0.019847869873047,0.62186098098755
1561323053,0.028636932373047,0.021379947662354,0.67170095443726
1561323053,0.028897047042847,0.020486116409302,0.57084202766418
1561323054,0.028898954391479,0.020875930786133,0.62019801139832
