timestamp,batchTime,transformTime,bulkTime
1561312281,0.0053069591522217,0.0030889511108398,0.078994989395142
1561312281,0.0043110847473145,0.0029170513153076,0.078787088394165
1561312281,0.0042338371276855,0.0026378631591797,0.0747971534729
1561312281,0.0041458606719971,0.0027971267700195,0.092670917510986
1561312281,0.0041148662567139,0.0023000240325928,0.063100814819336
1561312281,0.0041310787200928,0.0024290084838867,0.06855297088623
1561312281,0.0041971206665039,0.002626895904541,0.069682121276855
1561312281,0.0042970180511475,0.0027909278869629,0.071521043777466
1561312281,0.004209041595459,0.0023901462554932,0.073261022567749
1561312281,0.0041611194610596,0.0027830600738525,0.073645114898682
1561312281,0.0043299198150635,0.0026388168334961,0.07473611831665
1561312281,0.0040929317474365,0.0027740001678467,0.068290948867798
1561312282,0.0041389465332031,0.002338171005249,0.069486856460571
1561312282,0.004133939743042,0.0027151107788086,0.069001913070679
1561312282,0.0043580532073975,0.0026700496673584,0.070212841033936
1561312282,0.004148006439209,0.0024080276489258,0.068773984909058
1561312282,0.0042281150817871,0.0026538372039795,0.078459978103638
1561312282,0.0041441917419434,0.0027980804443359,0.071384906768799
1561312282,0.0043680667877197,0.0026857852935791,0.077802896499634
1561312282,0.0041608810424805,0.002777099609375,0.072797060012817
1561312282,0.0041611194610596,0.0026569366455078,0.069254159927368
1561312282,0.0039138793945312,0.002357006072998,0.071588039398193
1561312282,0.0041358470916748,0.0024118423461914,0.068828105926514
1561312282,0.0042569637298584,0.0028610229492188,0.068973064422607
1561312283,0.0041520595550537,0.0024240016937256,0.080365896224976
1561312283,0.0041649341583252,0.002769947052002,0.081713914871216
1561312283,0.004284143447876,0.0026888847351074,0.082201957702637
1561312283,0.0041239261627197,0.0028011798858643,0.069944858551025
1561312283,0.0043249130249023,0.0026509761810303,0.070761919021606
1561312283,0.004086971282959,0.0025911331176758,0.069881916046143
1561312283,0.004180908203125,0.0023949146270752,0.070614099502563
1561312283,0.0037391185760498,0.0027608871459961,0.069745063781738
1561312283,0.004241943359375,0.0026841163635254,0.072022914886475
1561312283,0.0041511058807373,0.0027730464935303,0.079370975494385
1561312283,0.0042049884796143,0.0024428367614746,0.083484172821045
1561312283,0.0041420459747314,0.0028409957885742,0.071923971176147
1561312283,0.0042119026184082,0.002406120300293,0.070099830627441
1561312284,0.0041370391845703,0.0027740001678467,0.070837020874023
1561312284,0.004317045211792,0.0027050971984863,0.10077285766602
1561312284,0.0041611194610596,0.0027749538421631,0.073812961578369
1561312284,0.004155158996582,0.002377986907959,0.0694420337677
1561312284,0.0043940544128418,0.002824068069458,0.079830884933472
1561312284,0.0042409896850586,0.0026781558990479,0.077985763549805
1561312284,0.0041630268096924,0.0027651786804199,0.070204973220825
1561312284,0.0042798519134521,0.0023758411407471,0.070028066635132
1561312284,0.0041348934173584,0.0028088092803955,0.069472789764404
1561312284,0.0042598247528076,0.002647876739502,0.069508075714111
1561312284,0.0040991306304932,0.0023748874664307,0.07243013381958
1561312284,0.0042319297790527,0.0024240016937256,0.077984809875488
1561312285,0.0042731761932373,0.0028209686279297,0.074662923812866
1561312285,0.0042848587036133,0.0026769638061523,0.080126047134399
1561312285,0.0041859149932861,0.0027801990509033,0.071202039718628
1561312285,0.0041210651397705,0.0023219585418701,0.070602893829346
1561312285,0.0041718482971191,0.0024940967559814,0.071569919586182
1561312285,0.0041089057922363,0.0023930072784424,0.070784091949463
1561312285,0.0039441585540771,0.0024049282073975,0.071282148361206
1561312285,0.0041129589080811,0.0023720264434814,0.070636034011841
1561312285,0.0039989948272705,0.0024189949035645,0.074460029602051
1561312285,0.0041000843048096,0.0023720264434814,0.076473951339722
1561312285,0.0040199756622314,0.0024259090423584,0.071198225021362
1561312285,0.0041830539703369,0.002349853515625,0.080433130264282
1561312286,0.0039730072021484,0.0023941993713379,0.071177005767822
1561312286,0.0041007995605469,0.0023720264434814,0.071532011032104
1561312286,0.0041449069976807,0.0024080276489258,0.070394992828369
1561312286,0.004082202911377,0.0023438930511475,0.070137023925781
1561312286,0.0039680004119873,0.0023880004882812,0.070816993713379
1561312286,0.004086971282959,0.0024039745330811,0.071015119552612
1561312286,0.003957986831665,0.0024127960205078,0.073330163955688
1561312286,0.0040798187255859,0.0023348331451416,0.070226192474365
1561312286,0.0039641857147217,0.0023808479309082,0.069765090942383
1561312286,0.0040287971496582,0.0023798942565918,0.071748971939087
1561312286,0.0039541721343994,0.0023858547210693,0.071824073791504
1561312286,0.0040929317474365,0.0023641586303711,0.070497989654541
1561312286,0.0039570331573486,0.0024049282073975,0.081032037734985
1561312287,0.0040760040283203,0.0023820400238037,0.10613203048706
1561312287,0.0040290355682373,0.0024371147155762,0.071327924728394
1561312287,0.0042519569396973,0.0023810863494873,0.072427988052368
1561312287,0.0039870738983154,0.0024330615997314,0.075505018234253
1561312287,0.0040650367736816,0.0023550987243652,0.080869913101196
1561312287,0.0039548873901367,0.0024271011352539,0.081520080566406
1561312287,0.0040638446807861,0.0024738311767578,0.071624040603638
1561312287,0.0039758682250977,0.0024218559265137,0.070793151855469
1561312287,0.0040998458862305,0.002363920211792,0.072489023208618
1561312287,0.0041229724884033,0.0024158954620361,0.069859981536865
1561312287,0.0040769577026367,0.0023670196533203,0.071672916412354
1561312287,0.0039670467376709,0.0025961399078369,0.071132898330688
1561312288,0.0040481090545654,0.0023629665374756,0.072059154510498
1561312288,0.0039529800415039,0.002406120300293,0.071471929550171
1561312288,0.0041091442108154,0.0023620128631592,0.069704055786133
1561312288,0.0041420459747314,0.0023949146270752,0.072474002838135
1561312288,0.0040760040283203,0.002377986907959,0.072009086608887
1561312288,0.0040521621704102,0.0024459362030029,0.087178945541382
1561312288,0.0040359497070312,0.0023500919342041,0.06879186630249
1561312288,0.0039429664611816,0.0020890235900879,0.070505142211914
1561312288,0.0041079521179199,0.002310037612915,0.070357084274292
1561312288,0.0040531158447266,0.0024290084838867,0.070551156997681
1561312288,0.0040528774261475,0.0023899078369141,0.070948123931885
1561312288,0.0039451122283936,0.0023999214172363,0.070808172225952
1561312288,0.0043108463287354,0.0024788379669189,0.070967197418213
1561312289,0.004382848739624,0.0024690628051758,0.072159051895142
1561312289,0.0044598579406738,0.0023758411407471,0.071522951126099
1561312289,0.0043318271636963,0.0024569034576416,0.070542097091675
1561312289,0.0040690898895264,0.002371072769165,0.071433067321777
1561312289,0.0039842128753662,0.0024199485778809,0.072585105895996
1561312289,0.0040950775146484,0.0023870468139648,0.078180074691772
1561312289,0.0041329860687256,0.0028040409088135,0.080479145050049
1561312289,0.0042550563812256,0.0026798248291016,0.071854114532471
1561312289,0.0039811134338379,0.0024781227111816,0.072901010513306
1561312289,0.0040569305419922,0.0024049282073975,0.071254968643188
1561312289,0.0039470195770264,0.0023858547210693,0.070420980453491
1561312289,0.004115104675293,0.0024418830871582,0.1068480014801
1561312290,0.0040178298950195,0.0024220943450928,0.072067022323608
1561312290,0.0041148662567139,0.0023849010467529,0.0731201171875
1561312290,0.0039529800415039,0.0024099349975586,0.073726892471313
1561312290,0.0040261745452881,0.0023269653320312,0.072048902511597
1561312290,0.0040340423583984,0.0024621486663818,0.07345986366272
1561312290,0.0040688514709473,0.0023248195648193,0.071429014205933
1561312290,0.0040109157562256,0.0024042129516602,0.073663949966431
1561312290,0.004148006439209,0.0023210048675537,0.070333003997803
1561312290,0.0039770603179932,0.0023930072784424,0.074477910995483
1561312290,0.0042660236358643,0.0023679733276367,0.073560953140259
1561312290,0.0039458274841309,0.0024440288543701,0.073055982589722
1561312290,0.0041968822479248,0.0023880004882812,0.074995040893555
1561312291,0.003993034362793,0.0024440288543701,0.073090791702271
1561312291,0.0041100978851318,0.0023460388183594,0.072227954864502
1561312291,0.0039799213409424,0.0024120807647705,0.075350046157837
1561312291,0.0043201446533203,0.0024058818817139,0.072391986846924
1561312291,0.0039639472961426,0.0024178028106689,0.074638843536377
1561312291,0.0041279792785645,0.0023770332336426,0.086107015609741
1561312291,0.0039670467376709,0.0024278163909912,0.073734998703003
1561312291,0.0040240287780762,0.0023419857025146,0.079856872558594
1561312291,0.0040411949157715,0.0024318695068359,0.074595928192139
1561312291,0.005122184753418,0.0023970603942871,0.074783086776733
1561312291,0.004004955291748,0.0023949146270752,0.072895050048828
1561312291,0.0041348934173584,0.0024030208587646,0.074817180633545
1561312292,0.0039598941802979,0.0024118423461914,0.07380199432373
1561312292,0.0040371417999268,0.0023510456085205,0.074420928955078
1561312292,0.0039589405059814,0.0024218559265137,0.072820901870728
1561312292,0.0041000843048096,0.0023820400238037,0.074309825897217
1561312292,0.004000186920166,0.002424955368042,0.075427055358887
1561312292,0.0040559768676758,0.0023481845855713,0.093338966369629
1561312292,0.0039181709289551,0.0023410320281982,0.084709882736206
1561312292,0.0041091442108154,0.0024230480194092,0.074018001556396
1561312292,0.0040819644927979,0.0024280548095703,0.075168132781982
1561312292,0.0040609836578369,0.0023629665374756,0.072399139404297
1561312292,0.0040090084075928,0.0024080276489258,0.1045138835907
1561312292,0.0040237903594971,0.002349853515625,0.071320056915283
1561312293,0.0039620399475098,0.0024051666259766,0.074042797088623
1561312293,0.0040929317474365,0.002371072769165,0.073081970214844
1561312293,0.0040650367736816,0.0024271011352539,0.073726892471313
1561312293,0.0041511058807373,0.0023691654205322,0.072958946228027
1561312293,0.0039451122283936,0.0024328231811523,0.07404613494873
1561312293,0.004162073135376,0.0023388862609863,0.074654102325439
1561312293,0.0040130615234375,0.0024840831756592,0.072471141815186
1561312293,0.0040290355682373,0.0023620128631592,0.072808027267456
1561312293,0.003903865814209,0.0023880004882812,0.072630882263184
1561312293,0.004086971282959,0.0023829936981201,0.070962905883789
1561312293,0.0039880275726318,0.0024302005767822,0.09524393081665
1561312293,0.0040850639343262,0.0023899078369141,0.071703195571899
1561312294,0.0041670799255371,0.0024409294128418,0.074522972106934
1561312294,0.0041069984436035,0.0023939609527588,0.082288026809692
1561312294,0.0041511058807373,0.0028078556060791,0.076756954193115
1561312294,0.0041210651397705,0.0023989677429199,0.073410987854004
1561312294,0.0039710998535156,0.0024099349975586,0.073451042175293
1561312294,0.0041069984436035,0.0023741722106934,0.073389053344727
1561312294,0.0039908885955811,0.0024440288543701,0.073244094848633
1561312294,0.0040948390960693,0.0023598670959473,0.072775840759277
1561312294,0.0039191246032715,0.002108097076416,0.073004007339478
1561312294,0.0040919780731201,0.0023889541625977,0.074033975601196
1561312294,0.0040931701660156,0.0024380683898926,0.074259996414185
1561312294,0.0040829181671143,0.0023689270019531,0.072639942169189
1561312294,0.0039939880371094,0.0023770332336426,0.073627948760986
1561312295,0.0040950775146484,0.0023620128631592,0.074087142944336
1561312295,0.0039620399475098,0.002432107925415,0.074802875518799
1561312295,0.0041129589080811,0.0023078918457031,0.071682214736938
1561312295,0.0040152072906494,0.0023360252380371,0.070698022842407
1561312295,0.0040838718414307,0.0023610591888428,0.078356981277466
1561312295,0.004019021987915,0.0024538040161133,0.074084997177124
1561312295,0.0040678977966309,0.0023658275604248,0.074210166931152
1561312295,0.0039558410644531,0.0024251937866211,0.074264049530029
1561312295,0.0040929317474365,0.0023519992828369,0.072739839553833
1561312295,0.0039899349212646,0.0024211406707764,0.075562953948975
1561312295,0.0041141510009766,0.0023889541625977,0.10492587089539
1561312295,0.0040299892425537,0.0023899078369141,0.072557926177979
1561312296,0.0040609836578369,0.0023379325866699,0.074818134307861
1561312296,0.0040199756622314,0.0024309158325195,0.073640108108521
1561312296,0.0040988922119141,0.0023880004882812,0.074054956436157
1561312296,0.0042209625244141,0.0024378299713135,0.081838130950928
1561312296,0.0041289329528809,0.0023868083953857,0.07526683807373
1561312296,0.0039660930633545,0.0024189949035645,0.080518007278442
1561312296,0.0040531158447266,0.0023589134216309,0.075209856033325
1561312296,0.0039710998535156,0.0024099349975586,0.073215007781982
1561312296,0.0040731430053711,0.0023880004882812,0.07390308380127
1561312296,0.0039739608764648,0.0024039745330811,0.073692798614502
1561312296,0.004094123840332,0.0023789405822754,0.074170827865601
1561312296,0.0039718151092529,0.0023818016052246,0.073609113693237
1561312297,0.0040938854217529,0.0024240016937256,0.075419902801514
1561312297,0.0040831565856934,0.0024580955505371,0.09422492980957
1561312297,0.0042121410369873,0.0023560523986816,0.095967054367065
1561312297,0.0039710998535156,0.0024290084838867,0.073645114898682
1561312297,0.0041098594665527,0.0023698806762695,0.074415922164917
1561312297,0.0041739940643311,0.0024371147155762,0.075567960739136
1561312297,0.0040998458862305,0.0024118423461914,0.074628829956055
1561312297,0.0041790008544922,0.0024611949920654,0.073479890823364
1561312297,0.0041658878326416,0.0024299621582031,0.074905872344971
1561312297,0.0039920806884766,0.002418041229248,0.074307203292847
1561312297,0.0040960311889648,0.0023839473724365,0.074421882629395
1561312297,0.0039989948272705,0.0024380683898926,0.075191020965576
1561312298,0.0041210651397705,0.0023720264434814,0.074388980865479
1561312298,0.0040090084075928,0.0025300979614258,0.074282884597778
1561312298,0.0041120052337646,0.0023958683013916,0.074193954467773
1561312298,0.0040051937103271,0.0024449825286865,0.073883056640625
1561312298,0.0041298866271973,0.0024149417877197,0.074789047241211
1561312298,0.0040252208709717,0.002424955368042,0.074054002761841
1561312298,0.0041670799255371,0.0023460388183594,0.073899984359741
1561312298,0.0040180683135986,0.0024318695068359,0.07508111000061
1561312298,0.0040931701660156,0.0023889541625977,0.073889017105103
1561312298,0.0039880275726318,0.0024139881134033,0.07408881187439
1561312298,0.0041038990020752,0.0023789405822754,0.10697293281555
1561312298,0.0040240287780762,0.0025100708007812,0.07819390296936
1561312299,0.0041830539703369,0.002396821975708,0.076066970825195
1561312299,0.0040209293365479,0.0024631023406982,0.074265956878662
1561312299,0.0041189193725586,0.0024189949035645,0.072728157043457
1561312299,0.0040221214294434,0.0024340152740479,0.075224876403809
1561312299,0.0041210651397705,0.0024139881134033,0.07449197769165
1561312299,0.0040159225463867,0.0024340152740479,0.074180841445923
1561312299,0.0040950775146484,0.0023720264434814,0.072862863540649
1561312299,0.0040149688720703,0.0024418830871582,0.073769092559814
1561312299,0.0041558742523193,0.0024089813232422,0.074187994003296
1561312299,0.0040450096130371,0.0023989677429199,0.074087142944336
1561312299,0.0041079521179199,0.0022740364074707,0.073292016983032
1561312299,0.0040931701660156,0.0024240016937256,0.074532985687256
1561312300,0.0041189193725586,0.0024271011352539,0.073683977127075
1561312300,0.0040290355682373,0.0024590492248535,0.076092004776001
1561312300,0.0040969848632812,0.0023760795593262,0.07398796081543
1561312300,0.0040738582611084,0.002479076385498,0.073452949523926
1561312300,0.0041050910949707,0.002418041229248,0.074755907058716
1561312300,0.0041489601135254,0.0024359226226807,0.073734998703003
1561312300,0.0040919780731201,0.0023448467254639,0.073652029037476
1561312300,0.0039699077606201,0.0024001598358154,0.073686838150024
1561312300,0.0041038990020752,0.0023398399353027,0.072182893753052
1561312300,0.0040669441223145,0.002392053604126,0.073542833328247
1561312300,0.0041031837463379,0.0023770332336426,0.071928024291992
1561312300,0.0039749145507812,0.0024042129516602,0.07463002204895
1561312301,0.0040922164916992,0.0023679733276367,0.074134111404419
1561312301,0.0040249824523926,0.0024828910827637,0.075446844100952
1561312301,0.004127025604248,0.0023770332336426,0.074629068374634
1561312301,0.0040428638458252,0.0024170875549316,0.075870037078857
1561312301,0.0040929317474365,0.0024158954620361,0.075523138046265
1561312301,0.004004955291748,0.0024499893188477,0.075850009918213
1561312301,0.0041179656982422,0.0023629665374756,0.074628114700317
1561312301,0.0039908885955811,0.0024590492248535,0.07353401184082
1561312301,0.0041210651397705,0.0024280548095703,0.075883865356445
1561312301,0.0039680004119873,0.0024459362030029,0.073219060897827
1561312301,0.0039370059967041,0.0023751258850098,0.074404954910278
1561312301,0.0039999485015869,0.0024518966674805,0.10484910011292
1561312302,0.0040922164916992,0.0023648738861084,0.07600212097168
1561312302,0.0040040016174316,0.0024471282958984,0.073478937149048
1561312302,0.0041520595550537,0.0024008750915527,0.094491958618164
1561312302,0.0040650367736816,0.0024740695953369,0.075009107589722
1561312302,0.0042221546173096,0.0034849643707275,0.075118064880371
1561312302,0.0039808750152588,0.0024600028991699,0.075282096862793
1561312302,0.004241943359375,0.0024330615997314,0.075248003005981
1561312302,0.0040709972381592,0.0024828910827637,0.075953960418701
1561312302,0.0040390491485596,0.0023682117462158,0.073844909667969
1561312302,0.0040140151977539,0.0024330615997314,0.075145959854126
1561312302,0.0040907859802246,0.0024979114532471,0.073495149612427
1561312302,0.0040199756622314,0.0024468898773193,0.075058937072754
1561312303,0.0041179656982422,0.0023679733276367,0.075295925140381
1561312303,0.0040218830108643,0.0024600028991699,0.075456857681274
1561312303,0.0041038990020752,0.0024080276489258,0.073899984359741
1561312303,0.0040237903594971,0.0024609565734863,0.077455997467041
1561312303,0.0041429996490479,0.002424955368042,0.075281143188477
1561312303,0.0040230751037598,0.002418041229248,0.072798013687134
1561312303,0.0041279792785645,0.0023801326751709,0.074090003967285
1561312303,0.0040581226348877,0.0024549961090088,0.074111938476562
1561312303,0.0040991306304932,0.0023930072784424,0.073869943618774
1561312303,0.0040237903594971,0.0024600028991699,0.076027870178223
1561312303,0.0041348934173584,0.0024130344390869,0.075251817703247
1561312303,0.0040149688720703,0.0024499893188477,0.074319124221802
1561312304,0.0041451454162598,0.0024299621582031,0.076083183288574
1561312304,0.004000186920166,0.0024490356445312,0.076253890991211
1561312304,0.0041718482971191,0.0024261474609375,0.07546591758728
1561312304,0.0040640830993652,0.0024709701538086,0.075237035751343
1561312304,0.0041248798370361,0.0024018287658691,0.074873924255371
1561312304,0.0038819313049316,0.002316951751709,0.07161021232605
1561312304,0.0041220188140869,0.0024580955505371,0.075601100921631
1561312304,0.0040261745452881,0.0024349689483643,0.075716972351074
1561312304,0.0042080879211426,0.0023980140686035,0.075021028518677
1561312304,0.004033088684082,0.0024559497833252,0.076091051101685
1561312304,0.0042359828948975,0.0024449825286865,0.079057931900024
1561312304,0.0040419101715088,0.0024499893188477,0.1052770614624
1561312305,0.0041019916534424,0.0023801326751709,0.074100971221924
1561312305,0.0040349960327148,0.0024609565734863,0.076004028320312
1561312305,0.0041069984436035,0.0024149417877197,0.07635498046875
1561312305,0.0039429664611816,0.0024189949035645,0.074927091598511
1561312305,0.0040791034698486,0.0024199485778809,0.074330806732178
1561312305,0.0039291381835938,0.0024600028991699,0.075087070465088
1561312305,0.0040500164031982,0.0023951530456543,0.089786052703857
1561312305,0.003978967666626,0.0024328231811523,0.076569795608521
1561312305,0.0044050216674805,0.0023958683013916,0.074541091918945
1561312305,0.0043079853057861,0.0024738311767578,0.075888156890869
1561312305,0.0044698715209961,0.0024151802062988,0.074404001235962
1561312305,0.0042009353637695,0.0024459362030029,0.075315952301025
1561312306,0.0044310092926025,0.0024149417877197,0.076356887817383
1561312306,0.0039830207824707,0.0024659633636475,0.074840068817139
1561312306,0.0044870376586914,0.0024089813232422,0.075021028518677
1561312306,0.0040428638458252,0.0024368762969971,0.074936151504517
1561312306,0.0044589042663574,0.0024290084838867,0.073456048965454
1561312306,0.0043799877166748,0.0024471282958984,0.076124906539917
1561312306,0.0044479370117188,0.0024280548095703,0.077162027359009
1561312306,0.0042240619659424,0.0024540424346924,0.076241970062256
1561312306,0.0041129589080811,0.0024070739746094,0.075668096542358
1561312306,0.0041801929473877,0.0024628639221191,0.077847003936768
1561312306,0.004115104675293,0.0023889541625977,0.12259197235107
1561312306,0.004417896270752,0.0025300979614258,0.074182987213135
1561312307,0.0041258335113525,0.0024018287658691,0.07639217376709
1561312307,0.004019021987915,0.002615213394165,0.075539827346802
1561312307,0.0040960311889648,0.0024399757385254,0.075782060623169
1561312307,0.0040521621704102,0.0024549961090088,0.076056003570557
1561312307,0.0041601657867432,0.002453088760376,0.076407909393311
1561312307,0.0040750503540039,0.0027902126312256,0.077065944671631
1561312307,0.0041489601135254,0.0023958683013916,0.076249122619629
1561312307,0.0040240287780762,0.002432107925415,0.076060056686401
1561312307,0.0041399002075195,0.0024399757385254,0.075337171554565
1561312307,0.0040528774261475,0.0024211406707764,0.075479984283447
1561312307,0.0041160583496094,0.0024049282073975,0.078524827957153
1561312308,0.0040040016174316,0.0025980472564697,0.10852098464966
1561312308,0.0041279792785645,0.0024120807647705,0.076590061187744
1561312308,0.0040309429168701,0.0024268627166748,0.075221061706543
1561312308,0.004080057144165,0.0023980140686035,0.07445502281189
1561312308,0.0040481090545654,0.0024640560150146,0.075019121170044
1561312308,0.0041449069976807,0.0024018287658691,0.076197147369385
1561312308,0.0040080547332764,0.0024731159210205,0.075563907623291
1561312308,0.0041260719299316,0.0024051666259766,0.075727939605713
1561312308,0.0040028095245361,0.0024538040161133,0.075453042984009
1561312308,0.0040919780731201,0.0024008750915527,0.11535286903381
1561312308,0.0040650367736816,0.0023810863494873,0.076092958450317
1561312308,0.0040690898895264,0.0023860931396484,0.075165033340454
1561312309,0.0041019916534424,0.0024929046630859,0.076035022735596
1561312309,0.0041279792785645,0.0023870468139648,0.075953006744385
1561312309,0.0041878223419189,0.0025019645690918,0.077249050140381
1561312309,0.0041048526763916,0.0023839473724365,0.074700117111206
1561312309,0.0039768218994141,0.0024328231811523,0.074501991271973
1561312309,0.0041580200195312,0.0024340152740479,0.07685399055481
1561312309,0.003993034362793,0.0024700164794922,0.07676100730896
1561312309,0.004166841506958,0.0024099349975586,0.076722145080566
1561312309,0.0041289329528809,0.0024559497833252,0.076259851455688
1561312309,0.0040910243988037,0.0024302005767822,0.074594974517822
1561312309,0.0040459632873535,0.0024600028991699,0.076480150222778
1561312309,0.0042128562927246,0.00242018699646,0.076531887054443
1561312310,0.0040750503540039,0.0024929046630859,0.076694011688232
1561312310,0.0041091442108154,0.0024089813232422,0.074908971786499
1561312310,0.0040359497070312,0.0024650096893311,0.075701951980591
1561312310,0.0041379928588867,0.0024271011352539,0.075973033905029
1561312310,0.0040528774261475,0.0024721622467041,0.075577974319458
1561312310,0.0041258335113525,0.0023980140686035,0.0762038230896
1561312310,0.0040500164031982,0.0025029182434082,0.076492071151733
1561312310,0.0041320323944092,0.0024030208587646,0.074639081954956
1561312310,0.0040278434753418,0.0024690628051758,0.092369079589844
1561312310,0.0040981769561768,0.002410888671875,0.076104164123535
1561312310,0.0040371417999268,0.0024809837341309,0.074666976928711
1561312310,0.0041120052337646,0.0024230480194092,0.076411008834839
1561312311,0.0040600299835205,0.0025379657745361,0.10868906974792
1561312311,0.0041458606719971,0.002424955368042,0.074683904647827
1561312311,0.0040349960327148,0.0024538040161133,0.075537919998169
1561312311,0.0041730403900146,0.0024600028991699,0.07585597038269
1561312311,0.0040249824523926,0.0023930072784424,0.076788187026978
1561312311,0.0043611526489258,0.0023999214172363,0.077041149139404
1561312311,0.0039761066436768,0.0023839473724365,0.089704036712646
1561312311,0.0041239261627197,0.0024111270904541,0.076173067092896
1561312311,0.0040590763092041,0.0024900436401367,0.076151132583618
1561312311,0.0042679309844971,0.0024070739746094,0.076711177825928
1561312311,0.0040299892425537,0.0024540424346924,0.076066017150879
1561312311,0.0041041374206543,0.002504825592041,0.079353809356689
1561312312,0.0041279792785645,0.0025069713592529,0.076301097869873
1561312312,0.0041170120239258,0.0024070739746094,0.075440883636475
1561312312,0.0040240287780762,0.0024571418762207,0.1015830039978
1561312312,0.0040459632873535,0.0024049282073975,0.075393915176392
1561312312,0.0040249824523926,0.0024800300598145,0.075443983078003
1561312312,0.0043251514434814,0.0024209022521973,0.075989007949829
1561312312,0.0039598941802979,0.0024487972259521,0.074576854705811
1561312312,0.0040831565856934,0.0023970603942871,0.075873851776123
1561312312,0.0040090084075928,0.0025110244750977,0.08406400680542
1561312312,0.0041449069976807,0.0024261474609375,0.076413869857788
1561312312,0.0040218830108643,0.0024847984313965,0.074556827545166
1561312313,0.0040841102600098,0.0023970603942871,0.076196908950806
1561312313,0.0040278434753418,0.0024888515472412,0.077447175979614
1561312313,0.0041348934173584,0.0024452209472656,0.074548006057739
1561312313,0.0040440559387207,0.0024890899658203,0.074956893920898
1561312313,0.0041670799255371,0.0024189949035645,0.076862096786499
1561312313,0.00400710105896,0.002471923828125,0.074966192245483
1561312313,0.0041830539703369,0.0024380683898926,0.076905965805054
1561312313,0.0041790008544922,0.0024478435516357,0.074688196182251
1561312313,0.0041079521179199,0.0023870468139648,0.075177907943726
1561312313,0.0040090084075928,0.0024330615997314,0.076326131820679
1561312313,0.0041439533233643,0.0023999214172363,0.076075077056885
1561312313,0.004025936126709,0.0024580955505371,0.076828956604004
1561312314,0.0041050910949707,0.0024030208587646,0.075576066970825
1561312314,0.0040440559387207,0.0024828910827637,0.11488509178162
1561312314,0.0042030811309814,0.0024011135101318,0.076427936553955
1561312314,0.0040991306304932,0.0024559497833252,0.075616121292114
1561312314,0.0040740966796875,0.0024030208587646,0.07449197769165
1561312314,0.0039808750152588,0.0024311542510986,0.075687885284424
1561312314,0.0042240619659424,0.0023958683013916,0.07369589805603
1561312314,0.0040299892425537,0.0024330615997314,0.076471090316772
1561312314,0.0042541027069092,0.0023930072784424,0.076677083969116
1561312314,0.0040371417999268,0.0024669170379639,0.076442956924438
1561312314,0.0041499137878418,0.002406120300293,0.075277090072632
1561312314,0.0040459632873535,0.0024700164794922,0.078222990036011
1561312315,0.0041129589080811,0.002446174621582,0.077105045318604
1561312315,0.0040829181671143,0.0024449825286865,0.08341908454895
1561312315,0.0041370391845703,0.0023529529571533,0.075916051864624
1561312315,0.0039830207824707,0.0024580955505371,0.078107833862305
1561312315,0.0041079521179199,0.0024387836456299,0.075723886489868
1561312315,0.0040469169616699,0.0024449825286865,0.10233187675476
1561312315,0.0042710304260254,0.0024011135101318,0.076426982879639
1561312315,0.0040090084075928,0.0024831295013428,0.09391188621521
1561312315,0.0040459632873535,0.0024240016937256,0.075260162353516
1561312315,0.0040321350097656,0.0024740695953369,0.076292991638184
1561312315,0.0041248798370361,0.0024149417877197,0.11301684379578
1561312316,0.0040249824523926,0.0024638175964355,0.081485033035278
1561312316,0.0041251182556152,0.0024259090423584,0.074857234954834
1561312316,0.0040478706359863,0.0025210380554199,0.07435417175293
1561312316,0.0041191577911377,0.0024268627166748,0.074870109558105
1561312316,0.0040090084075928,0.0024600028991699,0.077146053314209
1561312316,0.0041050910949707,0.0024049282073975,0.074370145797729
1561312316,0.0040321350097656,0.0024869441986084,0.083843946456909
1561312316,0.0041019916534424,0.0024318695068359,0.074079990386963
1561312316,0.0040249824523926,0.0025339126586914,0.082703113555908
1561312316,0.0040960311889648,0.002424955368042,0.074007034301758
1561312316,0.0040061473846436,0.0024468898773193,0.075419902801514
1561312316,0.0041561126708984,0.0024139881134033,0.077436923980713
1561312317,0.0040528774261475,0.0024890899658203,0.075498104095459
1561312317,0.004148006439209,0.0024228096008301,0.075615167617798
1561312317,0.0040719509124756,0.0024840831756592,0.10798692703247
1561312317,0.0041630268096924,0.002439022064209,0.074613094329834
1561312317,0.0039620399475098,0.0024549961090088,0.075663805007935
1561312317,0.004065990447998,0.002418041229248,0.076732873916626
1561312317,0.0040161609649658,0.0024299621582031,0.074126005172729
1561312317,0.0041489601135254,0.002392053604126,0.075390100479126
1561312317,0.0039949417114258,0.0024559497833252,0.077594995498657
1561312317,0.0038101673126221,0.0024449825286865,0.075552940368652
1561312317,0.0040061473846436,0.0024659633636475,0.076323986053467
1561312317,0.0043411254882812,0.0024280548095703,0.076178073883057
1561312318,0.0040938854217529,0.0024888515472412,0.075927019119263
1561312318,0.0040979385375977,0.0024158954620361,0.074638843536377
1561312318,0.0039989948272705,0.002439022064209,0.075870037078857
1561312318,0.0041110515594482,0.0024070739746094,0.075768947601318
1561312318,0.0040268898010254,0.0024590492248535,0.074092149734497
1561312318,0.0040791034698486,0.0024099349975586,0.074473142623901
1561312318,0.003993034362793,0.0024368762969971,0.075282096862793
1561312318,0.0042510032653809,0.0024449825286865,0.075425863265991
1561312318,0.004072904586792,0.0024781227111816,0.080796957015991
1561312318,0.0042059421539307,0.0023918151855469,0.075950860977173
1561312318,0.0039701461791992,0.0024750232696533,0.075532913208008
1561312318,0.0041120052337646,0.0022318363189697,0.07599401473999
1561312319,0.0039939880371094,0.0024549961090088,0.075592041015625
1561312319,0.0042040348052979,0.0023930072784424,0.073634147644043
1561312319,0.0040061473846436,0.0024600028991699,0.078160047531128
1561312319,0.0040979385375977,0.0024058818817139,0.075037956237793
1561312319,0.003993034362793,0.0024430751800537,0.075304985046387
1561312319,0.0041499137878418,0.0024299621582031,0.074558019638062
1561312319,0.0040299892425537,0.0024220943450928,0.074808120727539
1561312319,0.0041110515594482,0.0023908615112305,0.074820995330811
1561312319,0.0039339065551758,0.0024280548095703,0.078505039215088
1561312319,0.0042469501495361,0.0023910999298096,0.07643985748291
1561312319,0.0040080547332764,0.002418041229248,0.076076984405518
1561312319,0.0040898323059082,0.0023748874664307,0.073961019515991
1561312320,0.003978967666626,0.0024402141571045,0.077193975448608
1561312320,0.0040559768676758,0.0024030208587646,0.074924945831299
1561312320,0.0040128231048584,0.0024290084838867,0.10740280151367
1561312320,0.0040988922119141,0.0023798942565918,0.076441049575806
1561312320,0.0040171146392822,0.0024690628051758,0.075567960739136
1561312320,0.004127025604248,0.0023980140686035,0.076081037521362
1561312320,0.0039420127868652,0.0024440288543701,0.075023174285889
1561312320,0.0040960311889648,0.0024058818817139,0.075725078582764
1561312320,0.0039870738983154,0.0024571418762207,0.076156854629517
1561312320,0.004237174987793,0.0023880004882812,0.075774908065796
1561312320,0.0041449069976807,0.0024318695068359,0.077217102050781
1561312320,0.004166841506958,0.0024259090423584,0.076403141021729
1561312321,0.0040409564971924,0.0024540424346924,0.076570987701416
1561312321,0.0040910243988037,0.0024259090423584,0.078212976455688
1561312321,0.0040130615234375,0.0024540424346924,0.076298952102661
1561312321,0.0040929317474365,0.0023989677429199,0.075780153274536
1561312321,0.0040581226348877,0.0025079250335693,0.076551914215088
1561312321,0.004256010055542,0.002418041229248,0.09118390083313
1561312321,0.0040099620819092,0.0024821758270264,0.077014923095703
1561312321,0.0040888786315918,0.0024218559265137,0.074678182601929
1561312321,0.004019021987915,0.0024840831756592,0.076528072357178
1561312321,0.0040760040283203,0.0023829936981201,0.075299024581909
1561312321,0.0040080547332764,0.0024690628051758,0.076260805130005
1561312322,0.0041329860687256,0.0023989677429199,0.076156139373779
1561312322,0.0040018558502197,0.0024478435516357,0.075209856033325
1561312322,0.0041100978851318,0.0024039745330811,0.075177907943726
1561312322,0.0039660930633545,0.002485990524292,0.075569868087769
1561312322,0.0040960311889648,0.0024330615997314,0.078221082687378
1561312322,0.0040149688720703,0.0024788379669189,0.075467824935913
1561312322,0.0040571689605713,0.0023980140686035,0.079020977020264
1561312322,0.004011869430542,0.0024831295013428,0.076011896133423
1561312322,0.0041189193725586,0.0024271011352539,0.076696872711182
1561312322,0.004025936126709,0.0026400089263916,0.077476978302002
1561312322,0.0040850639343262,0.002392053604126,0.074697971343994
1561312322,0.0039389133453369,0.0024449825286865,0.074079036712646
1561312322,0.0040791034698486,0.0023629665374756,0.076142072677612
1561312323,0.003925085067749,0.0024640560150146,0.075299024581909
1561312323,0.0040950775146484,0.0023748874664307,0.075553178787231
1561312323,0.0039858818054199,0.0024509429931641,0.075974941253662
1561312323,0.0040600299835205,0.0023720264434814,0.10392713546753
1561312323,0.0039658546447754,0.0024199485778809,0.077742099761963
1561312323,0.0040838718414307,0.0023870468139648,0.075183153152466
1561312323,0.0039529800415039,0.002418041229248,0.074070930480957
1561312323,0.0040519237518311,0.0024130344390869,0.074712991714478
1561312323,0.0040929317474365,0.0024118423461914,0.075021982192993
1561312323,0.0040371417999268,0.0023739337921143,0.07354211807251
1561312323,0.0039150714874268,0.0024218559265137,0.074466943740845
1561312324,0.0040450096130371,0.0024018287658691,0.075524806976318
1561312324,0.003993034362793,0.0025649070739746,0.117192029953
1561312324,0.004209041595459,0.0023899078369141,0.074265003204346
1561312324,0.0039718151092529,0.0024299621582031,0.075181007385254
1561312324,0.0040230751037598,0.0023720264434814,0.074218034744263
1561312324,0.0039389133453369,0.0024380683898926,0.074267148971558
1561312324,0.0038259029388428,0.0023868083953857,0.074845790863037
1561312324,0.0039389133453369,0.0024778842926025,0.076091051101685
1561312324,0.0040738582611084,0.0023980140686035,0.074404954910278
1561312324,0.0039479732513428,0.0024490356445312,0.074887990951538
1561312324,0.0042009353637695,0.0023849010467529,0.077390193939209
1561312324,0.0039570331573486,0.0024821758270264,0.075011014938354
1561312325,0.0040891170501709,0.0024569034576416,0.076087951660156
1561312325,0.0039801597595215,0.0024650096893311,0.074967861175537
1561312325,0.00406813621521,0.0023550987243652,0.07410192489624
1561312325,0.0039470195770264,0.0023958683013916,0.075646162033081
1561312325,0.0039961338043213,0.0023658275604248,0.074335098266602
1561312325,0.003899097442627,0.0024540424346924,0.07456111907959
1561312325,0.0040318965911865,0.0023632049560547,0.074882984161377
1561312325,0.0042510032653809,0.0024139881134033,0.074725866317749
1561312325,0.004061222076416,0.0023479461669922,0.073898077011108
1561312325,0.0040121078491211,0.0024168491363525,0.073476076126099
1561312325,0.0040938854217529,0.0023548603057861,0.075751066207886
1561312325,0.0039169788360596,0.0024099349975586,0.075835943222046
1561312326,0.0040059089660645,0.0023810863494873,0.074971914291382
1561312326,0.0040528774261475,0.0024290084838867,0.074782848358154
1561312326,0.0041079521179199,0.0023670196533203,0.074702978134155
1561312326,0.0039770603179932,0.0024240016937256,0.076159954071045
1561312326,0.0040469169616699,0.0023479461669922,0.10517692565918
1561312326,0.0039238929748535,0.002396821975708,0.075429916381836
1561312326,0.0040240287780762,0.0023829936981201,0.074990034103394
1561312326,0.0039670467376709,0.002406120300293,0.075881958007812
1561312326,0.0041100978851318,0.0023539066314697,0.075968027114868
1561312326,0.0040428638458252,0.0024030208587646,0.075384855270386
1561312326,0.004025936126709,0.0023918151855469,0.075866937637329
1561312326,0.0040409564971924,0.002443790435791,0.075920104980469
1561312327,0.0041089057922363,0.0023620128631592,0.075294017791748
1561312327,0.0039660930633545,0.0024340152740479,0.076050996780396
1561312327,0.0040371417999268,0.0023758411407471,0.075268983840942
1561312327,0.0040271282196045,0.0024580955505371,0.077286005020142
1561312327,0.0040760040283203,0.0023839473724365,0.077095985412598
1561312327,0.0039398670196533,0.0024662017822266,0.075425863265991
1561312327,0.0041000843048096,0.0024049282073975,0.076807975769043
1561312327,0.0039551258087158,0.0024340152740479,0.077202081680298
1561312327,0.0040309429168701,0.0024101734161377,0.075173854827881
1561312327,0.0040078163146973,0.002471923828125,0.074419021606445
1561312327,0.0041868686676025,0.0024058818817139,0.077974081039429
1561312327,0.0039839744567871,0.0024459362030029,0.07768702507019
1561312328,0.0042600631713867,0.002392053604126,0.076175928115845
1561312328,0.0040669441223145,0.0024027824401855,0.075356006622314
1561312328,0.0040810108184814,0.0024299621582031,0.076253890991211
1561312328,0.004000186920166,0.0026369094848633,0.075770139694214
1561312328,0.004249095916748,0.002410888671875,0.074913024902344
1561312328,0.0039849281311035,0.0024559497833252,0.075073003768921
1561312328,0.0040769577026367,0.002392053604126,0.075728893280029
1561312328,0.0039429664611816,0.0023870468139648,0.074508190155029
1561312328,0.0040338039398193,0.0024018287658691,0.075486898422241
1561312328,0.0039877891540527,0.002457857131958,0.075237989425659
1561312328,0.0040979385375977,0.0023970603942871,0.074499130249023
1561312328,0.0040271282196045,0.0024080276489258,0.075478076934814
1561312329,0.004127025604248,0.0023860931396484,0.077225923538208
1561312329,0.0039398670196533,0.0024878978729248,0.076044082641602
1561312329,0.0040860176086426,0.0024230480194092,0.075057029724121
1561312329,0.0039141178131104,0.0024580955505371,0.074976921081543
1561312329,0.0040640830993652,0.0023908615112305,0.07402491569519
1561312329,0.0039958953857422,0.0024499893188477,0.10522103309631
1561312329,0.0040521621704102,0.0024199485778809,0.074994087219238
1561312329,0.00394606590271,0.0024359226226807,0.077054977416992
1561312329,0.0040960311889648,0.002410888671875,0.075083017349243
1561312329,0.003939151763916,0.0024328231811523,0.075333833694458
1561312329,0.0040419101715088,0.0024092197418213,0.073644876480103
1561312329,0.0039370059967041,0.0024440288543701,0.074821949005127
1561312330,0.0040538311004639,0.0024001598358154,0.080472946166992
1561312330,0.0039699077606201,0.0024421215057373,0.083560943603516
1561312330,0.0041048526763916,0.0024058818817139,0.074887037277222
1561312330,0.0039868354797363,0.0024788379669189,0.076871156692505
1561312330,0.0040938854217529,0.0023801326751709,0.075891017913818
1561312330,0.0039570331573486,0.0024600028991699,0.074670076370239
1561312330,0.0040738582611084,0.0023939609527588,0.074965953826904
1561312330,0.003964900970459,0.0024380683898926,0.074276924133301
1561312330,0.0040600299835205,0.0024230480194092,0.075087785720825
1561312330,0.0040161609649658,0.0024120807647705,0.07573390007019
1561312330,0.0040550231933594,0.002377986907959,0.074687957763672
1561312330,0.0039129257202148,0.0024161338806152,0.075556993484497
1561312331,0.0040650367736816,0.002392053604126,0.077719926834106
1561312331,0.0038909912109375,0.0023839473724365,0.073793888092041
1561312331,0.0040600299835205,0.0023870468139648,0.074175119400024
1561312331,0.0039291381835938,0.0024149417877197,0.074287891387939
1561312331,0.0039551258087158,0.0023398399353027,0.075285911560059
1561312331,0.0038018226623535,0.0023558139801025,0.073500871658325
1561312331,0.0042781829833984,0.0023980140686035,0.075238943099976
1561312331,0.0039689540863037,0.0024569034576416,0.075222015380859
1561312331,0.0040841102600098,0.0024139881134033,0.074809074401855
1561312331,0.003957986831665,0.0024240016937256,0.075248003005981
1561312331,0.0040380954742432,0.0023839473724365,0.074917078018188
1561312331,0.0039999485015869,0.0024409294128418,0.076331853866577
1561312331,0.0040521621704102,0.0023849010467529,0.075628995895386
1561312332,0.0038979053497314,0.0025231838226318,0.074766874313354
1561312332,0.0040879249572754,0.0024111270904541,0.07594895362854
1561312332,0.0039889812469482,0.0024528503417969,0.077672004699707
1561312332,0.004072904586792,0.0024309158325195,0.076174020767212
1561312332,0.003978967666626,0.0024487972259521,0.076745986938477
1561312332,0.004025936126709,0.002392053604126,0.10790491104126
1561312332,0.0039620399475098,0.0024669170379639,0.076134204864502
1561312332,0.0040850639343262,0.0024309158325195,0.074846029281616
1561312332,0.0039739608764648,0.0024771690368652,0.076476812362671
1561312332,0.0040221214294434,0.0023770332336426,0.075160980224609
1561312332,0.0040020942687988,0.0024940967559814,0.076146125793457
1561312333,0.0040938854217529,0.002399206161499,0.07624888420105
1561312333,0.004040002822876,0.0024209022521973,0.076008081436157
1561312333,0.0039949417114258,0.0023629665374756,0.075090885162354
1561312333,0.0039279460906982,0.0024421215057373,0.075895071029663
1561312333,0.0040311813354492,0.0024058818817139,0.084173917770386
1561312333,0.0039238929748535,0.0023839473724365,0.17689490318298
1561312333,0.004040002822876,0.0023858547210693,0.07574200630188
1561312333,0.0039558410644531,0.0024399757385254,0.075103998184204
1561312333,0.0040481090545654,0.0024158954620361,0.07375693321228
1561312333,0.003950834274292,0.00248122215271,0.076108932495117
1561312333,0.0041701793670654,0.0023698806762695,0.077425956726074
1561312334,0.0039610862731934,0.0025970935821533,0.076566934585571
1561312334,0.0040669441223145,0.0023999214172363,0.076805114746094
1561312334,0.0039918422698975,0.002446174621582,0.076259851455688
1561312334,0.0040500164031982,0.0024120807647705,0.076277017593384
1561312334,0.0039827823638916,0.0024659633636475,0.076509952545166
1561312334,0.0040688514709473,0.002406120300293,0.075889110565186
1561312334,0.0039420127868652,0.002471923828125,0.076879978179932
1561312334,0.0040569305419922,0.0024490356445312,0.077651023864746
1561312334,0.003911018371582,0.002418041229248,0.074998140335083
1561312334,0.0040769577026367,0.0024051666259766,0.077020883560181
1561312334,0.0040462017059326,0.0024878978729248,0.076718091964722
1561312334,0.0040760040283203,0.0024209022521973,0.077054023742676
1561312335,0.0040078163146973,0.0025789737701416,0.076570987701416
1561312335,0.0040609836578369,0.0024218559265137,0.07523512840271
1561312335,0.0040161609649658,0.0025079250335693,0.098931074142456
1561312335,0.0040421485900879,0.0024240016937256,0.076147079467773
1561312335,0.003925085067749,0.0024549961090088,0.075477123260498
1561312335,0.0040850639343262,0.0024409294128418,0.076562166213989
1561312335,0.0040080547332764,0.0024940967559814,0.075515985488892
1561312335,0.0040850639343262,0.0024240016937256,0.1074960231781
1561312335,0.0040009021759033,0.0024888515472412,0.075998067855835
1561312335,0.0040559768676758,0.002424955368042,0.11660194396973
1561312335,0.0039639472961426,0.0024650096893311,0.075149059295654
1561312336,0.0043370723724365,0.0027079582214355,0.075536966323853
1561312336,0.0040411949157715,0.0024590492248535,0.076130867004395
1561312336,0.0043230056762695,0.0027768611907959,0.075901031494141
1561312336,0.0041630268096924,0.0028409957885742,0.074129819869995
1561312336,0.0042250156402588,0.0024549961090088,0.078691005706787
1561312336,0.0041179656982422,0.00282883644104,0.076000213623047
1561312336,0.0042200088500977,0.002769947052002,0.075392961502075
1561312336,0.0041379928588867,0.0024831295013428,0.076743125915527
1561312336,0.0042400360107422,0.0027499198913574,0.077209949493408
1561312336,0.0041279792785645,0.0028610229492188,0.075529098510742
1561312336,0.0041320323944092,0.0024299621582031,0.07565712928772
1561312336,0.0041458606719971,0.0024909973144531,0.076030969619751
1561312337,0.0042610168457031,0.0029120445251465,0.077121019363403
1561312337,0.0041179656982422,0.0024781227111816,0.078151941299438
1561312337,0.0042359828948975,0.0027561187744141,0.084048986434937
1561312337,0.004108190536499,0.0025839805603027,0.082675933837891
1561312337,0.004256010055542,0.0027821063995361,0.076441049575806
1561312337,0.0040209293365479,0.0024929046630859,0.084612846374512
1561312337,0.0042221546173096,0.0024271011352539,0.076632976531982
1561312337,0.004127025604248,0.0028438568115234,0.085215091705322
1561312337,0.0042209625244141,0.0027501583099365,0.075814008712769
1561312337,0.004040002822876,0.0024769306182861,0.074838876724243
1561312337,0.0041470527648926,0.002410888671875,0.080621004104614
1561312337,0.0040709972381592,0.002500057220459,0.077078819274902
1561312338,0.0043120384216309,0.0027279853820801,0.075486183166504
1561312338,0.0041069984436035,0.0027420520782471,0.0761559009552
1561312338,0.0040750503540039,0.0024089813232422,0.074995040893555
1561312338,0.0040290355682373,0.0024580955505371,0.075284004211426
1561312338,0.0042638778686523,0.0027790069580078,0.07623815536499
1561312338,0.0041370391845703,0.0026578903198242,0.075654029846191
1561312338,0.0041241645812988,0.0024378299713135,0.075412034988403
1561312338,0.0040338039398193,0.0024969577789307,0.075484037399292
1561312338,0.0042438507080078,0.0027329921722412,0.076838970184326
1561312338,0.0041050910949707,0.0024709701538086,0.10660409927368
1561312338,0.0041489601135254,0.0024468898773193,0.078376054763794
1561312339,0.004119873046875,0.0026941299438477,0.076567888259888
1561312339,0.0041341781616211,0.0024449825286865,0.079384088516235
1561312339,0.0041568279266357,0.0028839111328125,0.076982021331787
1561312339,0.0041790008544922,0.0024509429931641,0.07701587677002
1561312339,0.0041389465332031,0.0028460025787354,0.07653021812439
1561312339,0.0041670799255371,0.0027148723602295,0.074663877487183
1561312339,0.0040230751037598,0.0024869441986084,0.076735973358154
1561312339,0.0042791366577148,0.0027840137481689,0.076848030090332
1561312339,0.0041241645812988,0.0025179386138916,0.075204133987427
1561312339,0.0042798519134521,0.0024380683898926,0.078365087509155
1561312339,0.0041658878326416,0.0028109550476074,0.077863931655884
1561312339,0.0043261051177979,0.0027980804443359,0.077006816864014
1561312340,0.0041530132293701,0.002824068069458,0.077654838562012
1561312340,0.0041007995605469,0.0024330615997314,0.07830286026001
1561312340,0.0041680335998535,0.0028650760650635,0.077198028564453
1561312340,0.0041639804840088,0.0024459362030029,0.07663106918335
1561312340,0.0041449069976807,0.0028450489044189,0.076387882232666
1561312340,0.0042378902435303,0.0028109550476074,0.07545804977417
1561312340,0.0040359497070312,0.0025119781494141,0.07590913772583
1561312340,0.004094123840332,0.002424955368042,0.076864957809448
1561312340,0.0041661262512207,0.0028889179229736,0.077038049697876
1561312340,0.0041158199310303,0.0024590492248535,0.076854944229126
1561312340,0.0042879581451416,0.0028600692749023,0.07790207862854
1561312340,0.0042369365692139,0.0027821063995361,0.07535982131958
1561312341,0.0041160583496094,0.0024900436401367,0.076103925704956
1561312341,0.0042219161987305,0.0027859210968018,0.076279878616333
1561312341,0.0041170120239258,0.0027849674224854,0.07528281211853
1561312341,0.0041449069976807,0.0024449825286865,0.07728099822998
1561312341,0.0041301250457764,0.0028929710388184,0.076642990112305
1561312341,0.0042819976806641,0.0027921199798584,0.077231884002686
1561312341,0.0041508674621582,0.0028839111328125,0.07788610458374
1561312341,0.0042250156402588,0.0024302005767822,0.076884031295776
1561312341,0.0042591094970703,0.0025069713592529,0.076259136199951
1561312341,0.0042159557342529,0.002720832824707,0.077182769775391
1561312341,0.0039801597595215,0.0024290084838867,0.11004495620728
1561312341,0.0040500164031982,0.0025701522827148,0.074395895004272
1561312342,0.004080057144165,0.0027990341186523,0.075115919113159
1561312342,0.0042428970336914,0.0024330615997314,0.07685399055481
1561312342,0.0041241645812988,0.0024878978729248,0.077394962310791
1561312342,0.004263162612915,0.0024740695953369,0.078088045120239
1561312342,0.0041999816894531,0.0028769969940186,0.077426910400391
1561312342,0.0043110847473145,0.0024969577789307,0.077564001083374
1561312342,0.0042150020599365,0.0025789737701416,0.076856851577759
1561312342,0.0042798519134521,0.0026907920837402,0.077908039093018
1561312342,0.0040371417999268,0.0024800300598145,0.07600998878479
1561312342,0.0041549205780029,0.0028078556060791,0.077845096588135
1561312342,0.004040002822876,0.0025179386138916,0.078011989593506
1561312343,0.0042200088500977,0.0027680397033691,0.079603910446167
1561312343,0.0039610862731934,0.0024559497833252,0.076693058013916
1561312343,0.0042240619659424,0.0027639865875244,0.076825141906738
1561312343,0.0040979385375977,0.0027952194213867,0.075191974639893
1561312343,0.0042159557342529,0.0023910999298096,0.076201915740967
1561312343,0.0041708946228027,0.0028400421142578,0.082000970840454
1561312343,0.0042810440063477,0.0028119087219238,0.077458143234253
1561312343,0.0038368701934814,0.0025880336761475,0.076047897338867
1561312343,0.004302978515625,0.0028238296508789,0.076900959014893
1561312343,0.0041539669036865,0.002892017364502,0.075916051864624
1561312343,0.0042300224304199,0.0024609565734863,0.076644897460938
1561312343,0.0040168762207031,0.0024871826171875,0.076272010803223
1561312344,0.0042250156402588,0.0027971267700195,0.077610969543457
1561312344,0.0042378902435303,0.0028750896453857,0.077461004257202
1561312344,0.0042519569396973,0.0027859210968018,0.077319145202637
1561312344,0.0040450096130371,0.0025138854980469,0.077304124832153
1561312344,0.0042519569396973,0.0028328895568848,0.077440977096558
1561312344,0.0041589736938477,0.0028579235076904,0.076962947845459
1561312344,0.0043630599975586,0.0024909973144531,0.07596492767334
1561312344,0.0041139125823975,0.0027680397033691,0.076044082641602
1561312344,0.0042059421539307,0.0024251937866211,0.078219890594482
1561312344,0.0041329860687256,0.0028870105743408,0.1674439907074
1561312344,0.0042259693145752,0.0024449825286865,0.076837062835693
1561312345,0.0044598579406738,0.0029158592224121,0.11151218414307
1561312345,0.0043659210205078,0.0024421215057373,0.084381103515625
1561312345,0.0040318965911865,0.0024881362915039,0.083065986633301
1561312345,0.0045838356018066,0.0027341842651367,0.078388929367065
1561312345,0.0042121410369873,0.0028579235076904,0.077106952667236
1561312345,0.0042059421539307,0.0027718544006348,0.077166080474854
1561312345,0.0041980743408203,0.0028481483459473,0.077890872955322
1561312345,0.0042669773101807,0.0027511119842529,0.076066017150879
1561312345,0.0040938854217529,0.0027480125427246,0.074954032897949
1561312345,0.0042798519134521,0.0027720928192139,0.075873136520386
1561312345,0.0042500495910645,0.002479076385498,0.075405836105347
1561312346,0.0042378902435303,0.0027539730072021,0.085026025772095
1561312346,0.0040709972381592,0.0028510093688965,0.076137781143188
1561312346,0.0044081211090088,0.0023839473724365,0.075331926345825
1561312346,0.0043561458587646,0.0028479099273682,0.075924158096313
1561312346,0.0042197704315186,0.002748966217041,0.076911926269531
1561312346,0.0041489601135254,0.0028491020202637,0.076166868209839
1561312346,0.0042378902435303,0.0027689933776855,0.075037002563477
1561312346,0.0041310787200928,0.0028259754180908,0.15730714797974
1561312346,0.0044858455657959,0.0024278163909912,0.075146198272705
1561312346,0.0043339729309082,0.0028409957885742,0.074035882949829
1561312346,0.0041940212249756,0.0027351379394531,0.076524019241333
1561312347,0.0041160583496094,0.0028300285339355,0.07555103302002
1561312347,0.0045280456542969,0.0027561187744141,0.076004981994629
1561312347,0.0043258666992188,0.0028531551361084,0.077395915985107
1561312347,0.004249095916748,0.0025138854980469,0.075009822845459
1561312347,0.0042300224304199,0.0024089813232422,0.073959112167358
1561312347,0.0044398307800293,0.002723217010498,0.084576845169067
1561312347,0.0041289329528809,0.0028409957885742,0.075176954269409
1561312347,0.0043830871582031,0.0027220249176025,0.08022403717041
1561312347,0.0041720867156982,0.0028450489044189,0.087311983108521
1561312347,0.0042550563812256,0.0027730464935303,0.084588050842285
1561312347,0.0041818618774414,0.0028278827667236,0.077790975570679
1561312347,0.004241943359375,0.0027520656585693,0.080563068389893
1561312348,0.0041530132293701,0.0028231143951416,0.078161954879761
1561312348,0.0041828155517578,0.0024168491363525,0.076810121536255
1561312348,0.0042319297790527,0.0027921199798584,0.1092381477356
1561312348,0.0047879219055176,0.0028190612792969,0.0765380859375
1561312348,0.0041420459747314,0.002636194229126,0.075706005096436
1561312348,0.0037028789520264,0.002701997756958,0.078966856002808
1561312348,0.0041959285736084,0.0028860569000244,0.077007055282593
1561312348,0.004270076751709,0.0027701854705811,0.07566499710083
1561312348,0.0040621757507324,0.0023999214172363,0.075427055358887
1561312348,0.0041129589080811,0.0024120807647705,0.075129985809326
1561312348,0.0041751861572266,0.0028338432312012,0.075111150741577
1561312348,0.0039770603179932,0.0027320384979248,0.082280874252319
1561312349,0.0042679309844971,0.0028400421142578,0.076402187347412
1561312349,0.0042719841003418,0.0027749538421631,0.077955961227417
1561312349,0.0041568279266357,0.0028297901153564,0.080258846282959
1561312349,0.0043129920959473,0.0027999877929688,0.075865030288696
1561312349,0.0041041374206543,0.0027549266815186,0.074892997741699
1561312349,0.0042510032653809,0.0027730464935303,0.07695198059082
1561312349,0.0042009353637695,0.0028541088104248,0.075499057769775
1561312349,0.004188060760498,0.0027320384979248,0.076099157333374
1561312349,0.004176139831543,0.0028030872344971,0.077249050140381
1561312349,0.0042819976806641,0.0027990341186523,0.080468893051147
1561312349,0.004227876663208,0.0028431415557861,0.076215028762817
1561312350,0.0043411254882812,0.0027689933776855,0.075822114944458
1561312350,0.0037579536437988,0.0028321743011475,0.076436042785645
1561312350,0.0041439533233643,0.0024499893188477,0.076781988143921
1561312350,0.0042550563812256,0.0028319358825684,0.076545000076294
1561312350,0.0042598247528076,0.0026438236236572,0.075699090957642
1561312350,0.0041098594665527,0.0027627944946289,0.076910018920898
1561312350,0.0042362213134766,0.0027430057525635,0.084011077880859
1561312350,0.0041790008544922,0.0028021335601807,0.076514005661011
1561312350,0.0042159557342529,0.0026881694793701,0.075268983840942
1561312350,0.004004955291748,0.0024440288543701,0.076496839523315
1561312350,0.0042128562927246,0.0027360916137695,0.077039957046509
1561312350,0.004166841506958,0.0028371810913086,0.075979948043823
1561312351,0.0041301250457764,0.002439022064209,0.076801061630249
1561312351,0.0041429996490479,0.0028629302978516,0.076218128204346
1561312351,0.0043420791625977,0.0027921199798584,0.077136993408203
1561312351,0.0041501522064209,0.0028488636016846,0.077020883560181
1561312351,0.0042200088500977,0.0027620792388916,0.076153993606567
1561312351,0.0039901733398438,0.0024669170379639,0.10834312438965
1561312351,0.004133939743042,0.0026919841766357,0.079122066497803
1561312351,0.0041639804840088,0.0028271675109863,0.075639963150024
1561312351,0.0040988922119141,0.0027189254760742,0.083975076675415
1561312351,0.0041739940643311,0.002816915512085,0.08458685874939
1561312351,0.0042250156402588,0.0027720928192139,0.07553505897522
1561312351,0.0041978359222412,0.0028579235076904,0.085738897323608
1561312352,0.0042219161987305,0.0027408599853516,0.075476169586182
1561312352,0.004148006439209,0.0027079582214355,0.076335906982422
1561312352,0.0040631294250488,0.0024399757385254,0.077150106430054
1561312352,0.0041449069976807,0.0028550624847412,0.075170993804932
1561312352,0.0042269229888916,0.0026648044586182,0.076537132263184
1561312352,0.0042719841003418,0.0028290748596191,0.07712197303772
1561312352,0.0042321681976318,0.0027029514312744,0.075481176376343
1561312352,0.0042200088500977,0.0028619766235352,0.075926065444946
1561312352,0.0042159557342529,0.0027279853820801,0.075825929641724
1561312352,0.0041570663452148,0.0028219223022461,0.075884103775024
1561312352,0.0041830539703369,0.0026140213012695,0.0751051902771
1561312352,0.0041840076446533,0.0028610229492188,0.077218770980835
1561312353,0.0041899681091309,0.0027899742126465,0.076382875442505
1561312353,0.0041790008544922,0.0028629302978516,0.076869964599609
1561312353,0.0043158531188965,0.0027527809143066,0.077537059783936
1561312353,0.0041811466217041,0.0028200149536133,0.079437971115112
1561312353,0.0042979717254639,0.0027759075164795,0.076686143875122
1561312353,0.0040848255157471,0.0026569366455078,0.075928926467896
1561312353,0.0041630268096924,0.0024600028991699,0.075216054916382
1561312353,0.0041251182556152,0.0027689933776855,0.075837135314941
1561312353,0.0041739940643311,0.0027530193328857,0.076030969619751
1561312353,0.0041980743408203,0.0028810501098633,0.080878019332886
1561312353,0.0043098926544189,0.0027689933776855,0.084646940231323
1561312354,0.0041661262512207,0.002863883972168,0.084564924240112
1561312354,0.0043058395385742,0.0027570724487305,0.10059499740601
1561312354,0.00412917137146,0.002532958984375,0.075562000274658
1561312354,0.0041248798370361,0.0024340152740479,0.076699018478394
1561312354,0.0041770935058594,0.0027899742126465,0.074985980987549
1561312354,0.0042269229888916,0.0026938915252686,0.076090097427368
1561312354,0.0041558742523193,0.002885103225708,0.11192607879639
1561312354,0.0042550563812256,0.0027480125427246,0.075982093811035
1561312354,0.004141092300415,0.0027711391448975,0.075700044631958
1561312354,0.0043950080871582,0.0027759075164795,0.076710224151611
1561312354,0.0040769577026367,0.0024459362030029,0.076088905334473
1561312354,0.0042979717254639,0.0027639865875244,0.075821161270142
1561312355,0.0041840076446533,0.0028960704803467,0.075953006744385
1561312355,0.0042271614074707,0.0024099349975586,0.076382160186768
1561312355,0.0041570663452148,0.0028150081634521,0.075750112533569
1561312355,0.0041899681091309,0.0027120113372803,0.075383901596069
1561312355,0.0041971206665039,0.0028009414672852,0.080116033554077
1561312355,0.0042538642883301,0.0027551651000977,0.076641082763672
1561312355,0.004133939743042,0.0024499893188477,0.075757026672363
1561312355,0.0042591094970703,0.0027549266815186,0.074203014373779
1561312355,0.0042018890380859,0.002816915512085,0.074739933013916
1561312355,0.0041878223419189,0.0027408599853516,0.076231956481934
1561312355,0.0041718482971191,0.0028519630432129,0.076271057128906
1561312355,0.0042901039123535,0.0027930736541748,0.07644510269165
1561312356,0.0041699409484863,0.0028622150421143,0.076872825622559
1561312356,0.0042049884796143,0.0027399063110352,0.07404899597168
1561312356,0.0040187835693359,0.002485990524292,0.075208902359009
1561312356,0.0042290687561035,0.0027740001678467,0.07662296295166
1561312356,0.0041148662567139,0.0027759075164795,0.074965953826904
1561312356,0.0041511058807373,0.0024299621582031,0.076555013656616
1561312356,0.0042400360107422,0.0028829574584961,0.075326204299927
1561312356,0.0042901039123535,0.0027649402618408,0.077404022216797
1561312356,0.0041661262512207,0.0028419494628906,0.075971126556396
1561312356,0.0042450428009033,0.002802848815918,0.076333999633789
1561312356,0.0041379928588867,0.0026960372924805,0.075325965881348
1561312356,0.0041170120239258,0.0024409294128418,0.075817108154297
1561312357,0.0041968822479248,0.0028810501098633,0.078439950942993
1561312357,0.0042381286621094,0.0025439262390137,0.076730966567993
1561312357,0.004194974899292,0.0028450489044189,0.075688123703003
1561312357,0.0043199062347412,0.0027680397033691,0.076262950897217
1561312357,0.0041220188140869,0.0028409957885742,0.076870918273926
1561312357,0.0042529106140137,0.0027341842651367,0.07438588142395
1561312357,0.0041429996490479,0.0028719902038574,0.075983047485352
1561312357,0.0041191577911377,0.0027229785919189,0.074229955673218
1561312357,0.004148006439209,0.0028281211853027,0.10465788841248
1561312357,0.0040788650512695,0.0024228096008301,0.075522899627686
1561312357,0.0042159557342529,0.0028440952301025,0.075191020965576
1561312358,0.0043420791625977,0.0027999877929688,0.076346158981323
1561312358,0.0041921138763428,0.0028369426727295,0.076213121414185
1561312358,0.0043041706085205,0.0027470588684082,0.074334859848022
1561312358,0.0041458606719971,0.0028121471405029,0.073436975479126
1561312358,0.0041928291320801,0.0027821063995361,0.076236009597778
1561312358,0.0041608810424805,0.0026628971099854,0.074325084686279
1561312358,0.0040500164031982,0.0024008750915527,0.07547402381897
1561312358,0.0041799545288086,0.0028340816497803,0.076278924942017
1561312358,0.0042500495910645,0.0027940273284912,0.075675010681152
1561312358,0.0040969848632812,0.0027661323547363,0.074171781539917
1561312358,0.0042459964752197,0.0027618408203125,0.074187994003296
1561312358,0.003993034362793,0.0024621486663818,0.075273036956787
1561312359,0.0042610168457031,0.0027520656585693,0.076233863830566
1561312359,0.0041890144348145,0.0028450489044189,0.078994989395142
1561312359,0.0041689872741699,0.0027358531951904,0.074527025222778
1561312359,0.0041739940643311,0.0028371810913086,0.075634956359863
1561312359,0.0042109489440918,0.0027689933776855,0.07696795463562
1561312359,0.0042209625244141,0.002830982208252,0.075132846832275
1561312359,0.0042159557342529,0.0027220249176025,0.077191114425659
1561312359,0.0040421485900879,0.0027680397033691,0.073843002319336
1561312359,0.0040621757507324,0.0024440288543701,0.075433969497681
1561312359,0.0041708946228027,0.0028610229492188,0.075392961502075
1561312359,0.004162073135376,0.0027530193328857,0.075376987457275
1561312359,0.0041358470916748,0.0028209686279297,0.074647903442383
1561312360,0.004162073135376,0.0027091503143311,0.078729867935181
1561312360,0.0041518211364746,0.0028300285339355,0.085417032241821
1561312360,0.0042209625244141,0.0027151107788086,0.073473930358887
1561312360,0.0040969848632812,0.0025501251220703,0.075618982315063
1561312360,0.0041649341583252,0.0024399757385254,0.076348066329956
1561312360,0.0041780471801758,0.0028440952301025,0.080379009246826
1561312360,0.0041079521179199,0.0024139881134033,0.076227903366089
1561312360,0.0019199848175049,0.0010190010070801,0.031158208847046
1561312360,0.0035130977630615,0.0025107860565186,0.077905178070068
1561312360,0.0050129890441895,0.0031371116638184,0.09381103515625
1561312360,0.0048739910125732,0.0029349327087402,0.11032509803772
1561312360,0.0048599243164062,0.002979040145874,0.07859992980957
1561312361,0.004478931427002,0.0026919841766357,0.073710918426514
1561312361,0.004896879196167,0.0030019283294678,0.082472085952759
1561312361,0.0050148963928223,0.0029568672180176,0.082259178161621
1561312361,0.0011589527130127,0.00030398368835449,0.011841058731079
1561312361,0.0036368370056152,0.0024042129516602,0.067407846450806
1561312361,0.00099492073059082,0.00017309188842773,0.0084168910980225
1561312361,0.0011720657348633,0.00065803527832031,0.02093505859375
1561312361,0.0047481060028076,0.0030670166015625,0.086574077606201
1561312361,0.0038409233093262,0.002263069152832,0.069725036621094
1561312361,0.0039200782775879,0.0026628971099854,0.070477962493896
1561312361,0.0037708282470703,0.0022909641265869,0.069710969924927
1561312361,0.0039350986480713,0.0024149417877197,0.073104858398438
1561312361,0.0039129257202148,0.0024480819702148,0.077211141586304
1561312361,0.0039479732513428,0.0026440620422363,0.068781852722168
1561312362,0.0039379596710205,0.0025060176849365,0.070248126983643
1561312362,0.0038599967956543,0.0026237964630127,0.069703102111816
1561312362,0.0037992000579834,0.0022718906402588,0.06916618347168
1561312362,0.0039310455322266,0.0026419162750244,0.06877589225769
1561312362,0.0038599967956543,0.0023190975189209,0.070353031158447
1561312362,0.0039598941802979,0.0026488304138184,0.070499181747437
1561312362,0.0039718151092529,0.0026018619537354,0.077328205108643
1561312362,0.0039231777191162,0.0026071071624756,0.07057785987854
1561312362,0.0039410591125488,0.0024888515472412,0.068264007568359
1561312362,0.003695011138916,0.0022621154785156,0.068741083145142
1561312362,0.0038809776306152,0.0023717880249023,0.069104909896851
1561312362,0.0039660930633545,0.0026109218597412,0.069907188415527
1561312362,0.0038459300994873,0.0022881031036377,0.071295976638794
1561312363,0.0038940906524658,0.0025219917297363,0.073533058166504
1561312363,0.0039131641387939,0.0026059150695801,0.078559160232544
1561312363,0.0039021968841553,0.0026340484619141,0.078845977783203
1561312363,0.0039498805999756,0.0026171207427979,0.068572044372559
1561312363,0.0036940574645996,0.0022649765014648,0.068551063537598
1561312363,0.003774881362915,0.0022788047790527,0.070071220397949
1561312363,0.0039088726043701,0.0026030540466309,0.069935083389282
1561312363,0.003957986831665,0.002593994140625,0.07033896446228
1561312363,0.0039069652557373,0.0026350021362305,0.069188117980957
1561312363,0.0039279460906982,0.0026137828826904,0.068835020065308
1561312363,0.0038819313049316,0.0026648044586182,0.069463014602661
1561312363,0.0039288997650146,0.0025370121002197,0.06932520866394
1561312363,0.0037388801574707,0.0022859573364258,0.06902289390564
1561312364,0.003838062286377,0.0022599697113037,0.071377992630005
1561312364,0.0038869380950928,0.0026390552520752,0.10091519355774
1561312364,0.0038819313049316,0.0025970935821533,0.068812847137451
1561312364,0.0039429664611816,0.0026378631591797,0.06972599029541
1561312364,0.0039231777191162,0.0026068687438965,0.076097965240479
1561312364,0.0039160251617432,0.0026278495788574,0.071189165115356
1561312364,0.0039370059967041,0.0026218891143799,0.073146104812622
1561312364,0.0038838386535645,0.0026190280914307,0.072169780731201
1561312364,0.0039029121398926,0.0025908946990967,0.072253942489624
1561312364,0.0039839744567871,0.0026237964630127,0.072520017623901
1561312364,0.0039339065551758,0.0025978088378906,0.074089050292969
1561312364,0.0040171146392822,0.0026490688323975,0.07237696647644
1561312364,0.0040359497070312,0.0025990009307861,0.075762987136841
1561312365,0.0039100646972656,0.0026490688323975,0.073110818862915
1561312365,0.0039517879486084,0.0026359558105469,0.072232961654663
1561312365,0.0039188861846924,0.0026278495788574,0.07199501991272
1561312365,0.0039451122283936,0.0026121139526367,0.073895931243896
1561312365,0.0039629936218262,0.0026447772979736,0.078042030334473
1561312365,0.003882884979248,0.0022871494293213,0.077900886535645
1561312365,0.0039548873901367,0.0026500225067139,0.079630851745605
1561312365,0.0040209293365479,0.0026190280914307,0.086221933364868
1561312365,0.0039570331573486,0.002622127532959,0.087888956069946
1561312365,0.0040018558502197,0.0026001930236816,0.077164888381958
1561312365,0.0039200782775879,0.0026469230651855,0.078583955764771
1561312366,0.0039629936218262,0.0026109218597412,0.079447031021118
1561312366,0.0039629936218262,0.0025310516357422,0.077144145965576
1561312366,0.0039081573486328,0.0022819042205811,0.078867197036743
1561312366,0.0039608478546143,0.0026350021362305,0.082921028137207
1561312366,0.0040199756622314,0.0025911331176758,0.088341951370239
1561312366,0.0039739608764648,0.0026381015777588,0.078826904296875
1561312366,0.0039908885955811,0.0026240348815918,0.080206155776978
1561312366,0.0041601657867432,0.0027709007263184,0.080065965652466
1561312366,0.0053989887237549,0.0036449432373047,0.098612070083618
1561312366,0.0057189464569092,0.0038080215454102,0.1027090549469
1561312366,0.0039370059967041,0.00211501121521,0.069071054458618
1561312366,0.0013048648834229,0.00084805488586426,0.023643970489502
1561312366,0.0007779598236084,0.00033402442932129,0.013306140899658
1561312367,0.0055830478668213,0.0034220218658447,0.10632300376892
1561312367,0.0055241584777832,0.0033650398254395,0.13211894035339
1561312367,0.0054311752319336,0.003309965133667,0.10352802276611
1561312367,0.0055689811706543,0.0034801959991455,0.10967493057251
1561312367,0.005673885345459,0.0034821033477783,0.11930108070374
1561312367,0.0059421062469482,0.003511905670166,0.10911321640015
1561312367,0.0036969184875488,0.0021820068359375,0.066364049911499
1561312367,0.004025936126709,0.0023679733276367,0.07225513458252
1561312367,0.0038790702819824,0.0023541450500488,0.071463823318481
1561312368,0.003882884979248,0.0023322105407715,0.073469877243042
1561312368,0.0038650035858154,0.0023260116577148,0.072221040725708
1561312368,0.0038421154022217,0.0023660659790039,0.072407007217407
1561312368,0.0038678646087646,0.0024869441986084,0.072950124740601
1561312368,0.0038630962371826,0.0023441314697266,0.071963787078857
1561312368,0.003849983215332,0.0023181438446045,0.071254014968872
1561312368,0.0040559768676758,0.002399206161499,0.073606014251709
1561312368,0.0038900375366211,0.0024080276489258,0.073829889297485
1561312368,0.0038411617279053,0.0023560523986816,0.076839923858643
1561312368,0.0039029121398926,0.0024018287658691,0.084399223327637
1561312368,0.0039408206939697,0.0023899078369141,0.073993921279907
1561312368,0.0039570331573486,0.0023949146270752,0.076916217803955
1561312368,0.0039539337158203,0.0023770332336426,0.077605009078979
1561312369,0.0038750171661377,0.0023519992828369,0.075886011123657
1561312369,0.0039019584655762,0.0023808479309082,0.076672077178955
1561312369,0.0039350986480713,0.0023910999298096,0.076117038726807
1561312369,0.0039470195770264,0.0023880004882812,0.075788021087646
1561312369,0.0039370059967041,0.0023770332336426,0.074537992477417
1561312369,0.0038650035858154,0.0023500919342041,0.07471489906311
1561312369,0.0038120746612549,0.0023300647735596,0.07356595993042
1561312369,0.0037908554077148,0.0023398399353027,0.072407007217407
1561312369,0.0039169788360596,0.0024199485778809,0.07443380355835
1561312369,0.0038700103759766,0.002363920211792,0.074874877929688
1561312369,0.003899097442627,0.0023360252380371,0.075299978256226
1561312369,0.0038630962371826,0.0023550987243652,0.073850870132446
1561312370,0.0038261413574219,0.0025238990783691,0.074832916259766
1561312370,0.0038259029388428,0.0023369789123535,0.07573390007019
1561312370,0.0038487911224365,0.0023429393768311,0.1088399887085
1561312370,0.0039880275726318,0.0023210048675537,0.075035095214844
1561312370,0.0038530826568604,0.0023400783538818,0.073273897171021
1561312370,0.0038628578186035,0.0023250579833984,0.074896097183228
1561312370,0.0038268566131592,0.0023360252380371,0.075309991836548
1561312370,0.0038530826568604,0.0023190975189209,0.076288938522339
1561312370,0.0037710666656494,0.0023059844970703,0.073633193969727
1561312370,0.0038070678710938,0.0023441314697266,0.073771953582764
1561312370,0.0038919448852539,0.0023829936981201,0.076393127441406
1561312370,0.0039751529693604,0.0023770332336426,0.074966907501221
1561312371,0.0038628578186035,0.0023331642150879,0.075855016708374
1561312371,0.0038349628448486,0.0023350715637207,0.074258089065552
1561312371,0.003809928894043,0.0023391246795654,0.073421001434326
1561312371,0.003864049911499,0.0023519992828369,0.080044031143188
1561312371,0.0038249492645264,0.0023429393768311,0.080725908279419
1561312371,0.0038161277770996,0.0023300647735596,0.074325084686279
1561312371,0.0041921138763428,0.0023560523986816,0.073498964309692
1561312371,0.0039598941802979,0.0023488998413086,0.074121952056885
1561312371,0.0039849281311035,0.0023319721221924,0.074790954589844
1561312371,0.0039098262786865,0.0023369789123535,0.073930978775024
1561312371,0.0040462017059326,0.0026760101318359,0.073724031448364
1561312371,0.0039858818054199,0.0026710033416748,0.073844194412231
1561312372,0.0037720203399658,0.0023090839385986,0.092271089553833
1561312372,0.0040140151977539,0.0026390552520752,0.073508024215698
1561312372,0.0040249824523926,0.0026798248291016,0.07390308380127
1561312372,0.0039498805999756,0.0026938915252686,0.073161125183105
1561312372,0.0039901733398438,0.0026559829711914,0.074751138687134
1561312372,0.0039908885955811,0.0026240348815918,0.073660135269165
1561312372,0.0040018558502197,0.0025908946990967,0.073909997940063
1561312372,0.0039670467376709,0.0026731491088867,0.071928024291992
1561312372,0.0039908885955811,0.0026688575744629,0.078055143356323
1561312372,0.004155158996582,0.0023269653320312,0.073301076889038
1561312372,0.0040161609649658,0.0026428699493408,0.071937084197998
1561312372,0.00394606590271,0.0026698112487793,0.072219133377075
1561312373,0.0039489269256592,0.0023329257965088,0.073395013809204
1561312373,0.003943920135498,0.002324104309082,0.080223083496094
1561312373,0.00400710105896,0.0026900768280029,0.072103023529053
1561312373,0.0039889812469482,0.0026340484619141,0.108726978302
1561312373,0.0039229393005371,0.0023150444030762,0.071130990982056
1561312373,0.003972053527832,0.0026049613952637,0.071892976760864
1561312373,0.0040318965911865,0.0025920867919922,0.073446989059448
1561312373,0.0039811134338379,0.0026700496673584,0.07245397567749
1561312373,0.0040569305419922,0.0026648044586182,0.070698976516724
1561312373,0.004004955291748,0.0026671886444092,0.074779033660889
1561312373,0.0039160251617432,0.0025918483734131,0.074899196624756
1561312373,0.0039708614349365,0.0026750564575195,0.073203086853027
1561312374,0.003889799118042,0.0024750232696533,0.082222938537598
1561312374,0.0039069652557373,0.0026559829711914,0.070673942565918
1561312374,0.0039548873901367,0.0026340484619141,0.071920871734619
1561312374,0.0037899017333984,0.0023131370544434,0.073094129562378
1561312374,0.0038309097290039,0.0023090839385986,0.072832107543945
1561312374,0.0040080547332764,0.002655029296875,0.087661981582642
1561312374,0.0049700736999512,0.003101110458374,0.090989112854004
1561312374,0.0059099197387695,0.0037600994110107,0.10794901847839
1561312374,0.005842924118042,0.0040090084075928,0.11044979095459
1561312374,0.0058810710906982,0.0039010047912598,0.11052298545837
1561312375,0.0059149265289307,0.0037841796875,0.11301279067993
1561312375,0.0057549476623535,0.0034210681915283,0.11000800132751
1561312375,0.0056319236755371,0.0034580230712891,0.10638117790222
1561312375,0.0058469772338867,0.0040459632873535,0.11008405685425
1561312375,0.0058140754699707,0.0038449764251709,0.11700701713562
1561312375,0.0058491230010986,0.0038809776306152,0.10625720024109
1561312375,0.0061469078063965,0.0035641193389893,0.10930609703064
1561312375,0.0056948661804199,0.0037040710449219,0.10735511779785
1561312375,0.0055360794067383,0.0033490657806396,0.10402512550354
1561312376,0.005789041519165,0.0035519599914551,0.11098194122314
1561312376,0.0056960582733154,0.0038700103759766,0.11090087890625
1561312376,0.0054409503936768,0.0034289360046387,0.13593792915344
1561312376,0.0058078765869141,0.0039849281311035,0.10727095603943
1561312376,0.0058078765869141,0.004054069519043,0.10692811012268
1561312376,0.005742073059082,0.003385066986084,0.10500383377075
1561312376,0.0059239864349365,0.0035519599914551,0.11055612564087
1561312376,0.0057239532470703,0.0037581920623779,0.10170388221741
1561312377,0.0058410167694092,0.0037939548492432,0.11108207702637
1561312377,0.0049350261688232,0.0031721591949463,0.088558912277222
1561312377,0.0046858787536621,0.0026679039001465,0.082467079162598
1561312377,0.0040900707244873,0.0023970603942871,0.075767040252686
1561312377,0.0039818286895752,0.0023460388183594,0.073613166809082
1561312377,0.0039680004119873,0.0023119449615479,0.11225390434265
1561312377,0.0038719177246094,0.0023238658905029,0.072335004806519
1561312377,0.0038959980010986,0.0023090839385986,0.070671081542969
1561312377,0.0039157867431641,0.0023488998413086,0.072302103042603
1561312377,0.0041120052337646,0.0025441646575928,0.076145887374878
1561312377,0.0039877891540527,0.0023510456085205,0.075767993927002
1561312378,0.0039567947387695,0.0023560523986816,0.073951005935669
1561312378,0.0040378570556641,0.0024681091308594,0.076475143432617
1561312378,0.0038480758666992,0.0023400783538818,0.08122706413269
1561312378,0.0039949417114258,0.0024271011352539,0.074687004089355
1561312378,0.0040149688720703,0.0024449825286865,0.074364900588989
1561312378,0.0041120052337646,0.0025110244750977,0.076310157775879
1561312378,0.0040531158447266,0.0023798942565918,0.075648069381714
1561312378,0.004004955291748,0.002392053604126,0.073396921157837
1561312378,0.0040478706359863,0.0024380683898926,0.075923919677734
1561312378,0.0040850639343262,0.0025019645690918,0.074607133865356
1561312378,0.0039889812469482,0.0024340152740479,0.073402881622314
1561312378,0.0040731430053711,0.0024991035461426,0.0782151222229
1561312379,0.0040719509124756,0.0024368762969971,0.075532913208008
1561312379,0.0039188861846924,0.0023019313812256,0.071352958679199
1561312379,0.0040378570556641,0.0024230480194092,0.075604200363159
1561312379,0.0040059089660645,0.0023269653320312,0.071696043014526
1561312379,0.0040791034698486,0.0024378299713135,0.075901031494141
1561312379,0.0040371417999268,0.0024850368499756,0.10552883148193
1561312379,0.0040090084075928,0.0023159980773926,0.071500062942505
1561312379,0.0040218830108643,0.0024020671844482,0.074651002883911
1561312379,0.0036561489105225,0.0020990371704102,0.071790933609009
1561312379,0.0040938854217529,0.0022101402282715,0.069908857345581
1561312379,0.0039980411529541,0.0023589134216309,0.072286128997803
1561312379,0.0040380954742432,0.0023679733276367,0.07412314414978
1561312379,0.0040318965911865,0.0023529529571533,0.072299957275391
1561312380,0.0042660236358643,0.0024368762969971,0.073929071426392
1561312380,0.0040149688720703,0.002396821975708,0.073570013046265
1561312380,0.0042030811309814,0.0024230480194092,0.075603008270264
1561312380,0.0040819644927979,0.0023958683013916,0.073898077011108
1561312380,0.0040271282196045,0.0023989677429199,0.074658870697021
1561312380,0.0040199756622314,0.0024352073669434,0.075007915496826
1561312380,0.0040388107299805,0.0024309158325195,0.076341867446899
1561312380,0.0040459632873535,0.002418041229248,0.075875043869019
1561312380,0.0039451122283936,0.0024240016937256,0.075034141540527
1561312380,0.0040769577026367,0.0025050640106201,0.077049016952515
1561312380,0.0040140151977539,0.002377986907959,0.0745849609375
1561312380,0.0040218830108643,0.0024120807647705,0.073456048965454
1561312381,0.0041701793670654,0.0025310516357422,0.078353881835938
1561312381,0.0040948390960693,0.0024700164794922,0.075430870056152
1561312381,0.0040371417999268,0.0023889541625977,0.074893951416016
1561312381,0.0041429996490479,0.0023541450500488,0.071918964385986
1561312381,0.004166841506958,0.0025038719177246,0.077724933624268
1561312381,0.0039949417114258,0.0024001598358154,0.079681873321533
1561312381,0.0040020942687988,0.0023632049560547,0.076251983642578
1561312381,0.0040240287780762,0.0024330615997314,0.074254035949707
1561312381,0.0039710998535156,0.0024020671844482,0.074935913085938
1561312381,0.0041429996490479,0.0024740695953369,0.077633142471313
