timestamp,batchTime,transformTime,bulkTime
1561316210,0.010835886001587,0.0042469501495361,1.2059481143951
1561316211,0.0093338489532471,0.0076470375061035,0.52959299087524
1561316211,0.0099780559539795,0.0064010620117188,0.43513202667236
1561316212,0.0083620548248291,0.0081131458282471,0.36101412773132
1561316212,0.0079140663146973,0.0062320232391357,0.30404305458069
1561316212,0.0079340934753418,0.0070390701293945,0.26167798042297
1561316212,0.0088348388671875,0.0045180320739746,0.23130702972412
1561316213,0.0075349807739258,0.0066430568695068,0.22985219955444
1561316213,0.0071010589599609,0.004331111907959,0.23176693916321
1561316213,0.0080528259277344,0.0052719116210938,0.21717882156372
1561316213,0.010416030883789,0.0045309066772461,0.19745016098022
1561316214,0.0066671371459961,0.0042939186096191,0.18168997764587
1561316214,0.008991003036499,0.0045220851898193,0.18285703659058
1561316214,0.009037971496582,0.0049500465393066,0.18491315841675
1561316214,0.0068941116333008,0.0042932033538818,0.22271585464478
1561316214,0.0069360733032227,0.0046310424804688,0.15463995933533
1561316214,0.0067880153656006,0.003817081451416,0.14252591133118
1561316215,0.006864070892334,0.0045859813690186,0.13379812240601
1561316215,0.00661301612854,0.0038769245147705,0.12990617752075
1561316215,0.0065040588378906,0.0046141147613525,0.13049387931824
1561316215,0.0068130493164062,0.0042698383331299,0.13288807868958
1561316215,0.0069031715393066,0.0042340755462646,0.13716888427734
1561316215,0.0067179203033447,0.0043020248413086,0.11835789680481
1561316215,0.0067300796508789,0.0044820308685303,0.12964916229248
1561316216,0.0067079067230225,0.004310131072998,0.1346869468689
1561316216,0.0069148540496826,0.004558801651001,0.13523983955383
1561316216,0.0072178840637207,0.0044331550598145,0.12823987007141
1561316216,0.006389856338501,0.0039730072021484,0.12144684791565
1561316216,0.0068950653076172,0.0043740272521973,0.12086510658264
1561316216,0.0065450668334961,0.0046319961547852,0.13584899902344
1561316216,0.0070581436157227,0.0043110847473145,0.12557291984558
1561316217,0.0067710876464844,0.0039510726928711,0.12225294113159
1561316217,0.0067529678344727,0.004256010055542,0.13214015960693
1561316217,0.0069839954376221,0.0041470527648926,0.12174010276794
1561316217,0.006476879119873,0.0037901401519775,0.11686301231384
1561316217,0.0067479610443115,0.0040938854217529,0.22222018241882
1561316217,0.0064759254455566,0.0038421154022217,0.14200592041016
1561316218,0.0067408084869385,0.0045528411865234,0.14052104949951
1561316218,0.0068161487579346,0.0042159557342529,0.13990616798401
1561316218,0.0067620277404785,0.0047140121459961,0.12470388412476
1561316218,0.006721019744873,0.004284143447876,0.13429093360901
1561316218,0.0079591274261475,0.0067400932312012,0.14041805267334
1561316218,0.0082199573516846,0.0043361186981201,0.12278294563293
1561316218,0.0062007904052734,0.0039689540863037,0.13112592697144
1561316219,0.0070669651031494,0.0041990280151367,0.12105298042297
1561316219,0.0067598819732666,0.0044350624084473,0.1326539516449
1561316219,0.0070910453796387,0.0043680667877197,0.12444710731506
1561316219,0.0068941116333008,0.0043389797210693,0.13134813308716
1561316219,0.0071330070495605,0.00382399559021,0.13273501396179
1561316219,0.0070478916168213,0.0045680999755859,0.1587450504303
1561316219,0.0071301460266113,0.0038199424743652,0.13238096237183
1561316220,0.007112979888916,0.0043098926544189,0.12567687034607
1561316220,0.0071661472320557,0.0042760372161865,0.11870980262756
1561316220,0.0072038173675537,0.0043702125549316,0.11928200721741
1561316220,0.0069570541381836,0.0039031505584717,0.12686586380005
1561316220,0.0070958137512207,0.0042960643768311,0.12544298171997
1561316220,0.0069169998168945,0.003849983215332,0.11894798278809
1561316220,0.0066261291503906,0.0040349960327148,0.20689606666565
1561316221,0.0069918632507324,0.0038487911224365,0.11511301994324
1561316221,0.0062310695648193,0.0041110515594482,0.11802887916565
1561316221,0.0069589614868164,0.0038721561431885,0.14320588111877
1561316221,0.0064489841461182,0.0040669441223145,0.11566710472107
1561316221,0.0063519477844238,0.0038900375366211,0.11634111404419
1561316221,0.0064849853515625,0.0039470195770264,0.12683796882629
1561316221,0.0068600177764893,0.0038440227508545,0.11537504196167
1561316221,0.0061211585998535,0.0040638446807861,0.11335301399231
1561316222,0.0063319206237793,0.0038580894470215,0.11623287200928
1561316222,0.0069410800933838,0.0039749145507812,0.11595010757446
1561316222,0.0065691471099854,0.0041060447692871,0.11485290527344
1561316222,0.0067708492279053,0.0046517848968506,0.13328385353088
1561316222,0.0069961547851562,0.0042691230773926,0.12255787849426
1561316222,0.0066330432891846,0.0039191246032715,0.11788201332092
1561316222,0.007098913192749,0.0038759708404541,0.11534094810486
1561316223,0.0065279006958008,0.0046019554138184,0.11520004272461
1561316223,0.0071508884429932,0.0043909549713135,0.11695194244385
1561316223,0.0064799785614014,0.0040647983551025,0.12095212936401
1561316223,0.0077598094940186,0.0058090686798096,0.12368988990784
1561316223,0.0076889991760254,0.0041229724884033,0.1160089969635
1561316223,0.0071630477905273,0.0043399333953857,0.18715000152588
1561316223,0.0065360069274902,0.0045840740203857,0.11638402938843
1561316224,0.0069358348846436,0.0040009021759033,0.14114999771118
1561316224,0.0067639350891113,0.0048599243164062,0.13413000106812
1561316224,0.0068850517272949,0.00419020652771,0.1368100643158
1561316224,0.0065810680389404,0.0046951770782471,0.13199901580811
1561316224,0.0066328048706055,0.0040998458862305,0.13094902038574
1561316224,0.0063331127166748,0.0039379596710205,0.13129782676697
1561316224,0.0064520835876465,0.0038728713989258,0.11939382553101
1561316225,0.0065031051635742,0.0045938491821289,0.13285088539124
1561316225,0.0065159797668457,0.0041289329528809,0.17365097999573
1561316225,0.0067131519317627,0.005126953125,0.12627100944519
1561316225,0.0066120624542236,0.0043201446533203,0.11332702636719
1561316225,0.0064518451690674,0.004417896270752,0.12660598754883
1561316225,0.0065910816192627,0.0043230056762695,0.11509394645691
1561316225,0.0065000057220459,0.0046179294586182,0.11671900749207
1561316226,0.006493091583252,0.0039100646972656,0.20954585075378
1561316226,0.0065200328826904,0.0041217803955078,0.13412499427795
1561316226,0.0065250396728516,0.004302978515625,0.12957000732422
1561316226,0.0064618587493896,0.0045499801635742,0.1169068813324
1561316226,0.0066361427307129,0.0042929649353027,0.15122222900391
1561316226,0.0064749717712402,0.0044770240783691,0.13031911849976
1561316227,0.0066208839416504,0.0039589405059814,0.20172905921936
1561316227,0.0064899921417236,0.0043570995330811,0.11872792243958
1561316227,0.0064351558685303,0.0038459300994873,0.11714005470276
1561316227,0.0064418315887451,0.0041069984436035,0.11575388908386
1561316227,0.0066111087799072,0.0043530464172363,0.1234290599823
1561316227,0.006464958190918,0.0045409202575684,0.12846899032593
1561316227,0.0065131187438965,0.0038340091705322,0.11329889297485
1561316227,0.0063729286193848,0.0045881271362305,0.11472392082214
1561316228,0.0066111087799072,0.004288911819458,0.11751008033752
1561316228,0.0063989162445068,0.003964900970459,0.11340713500977
1561316228,0.0065891742706299,0.0043120384216309,0.11800003051758
1561316228,0.006432056427002,0.0046279430389404,0.11913704872131
1561316228,0.0067489147186279,0.0043189525604248,0.11358404159546
1561316228,0.0064749717712402,0.0043141841888428,0.13075494766235
1561316228,0.0066051483154297,0.0039699077606201,0.12529611587524
1561316228,0.0063738822937012,0.0043411254882812,0.12983202934265
1561316229,0.006659984588623,0.0040020942687988,0.12205386161804
1561316229,0.0082821846008301,0.0048708915710449,0.13370800018311
1561316229,0.0065491199493408,0.0041460990905762,0.13845801353455
1561316229,0.0064840316772461,0.0046470165252686,0.1170699596405
1561316229,0.0065319538116455,0.0042991638183594,0.12089705467224
1561316229,0.0064311027526855,0.0045840740203857,0.13147807121277
1561316230,0.0066189765930176,0.0043261051177979,0.18916893005371
1561316230,0.0064539909362793,0.0046319961547852,0.14997005462646
1561316230,0.0066940784454346,0.0042920112609863,0.11605882644653
1561316230,0.0064771175384521,0.004565954208374,0.11630201339722
1561316230,0.0066609382629395,0.0043671131134033,0.11724305152893
1561316230,0.0064661502838135,0.0042190551757812,0.11772489547729
1561316230,0.0065929889678955,0.0041730403900146,0.11864805221558
1561316230,0.0064971446990967,0.0044188499450684,0.11627793312073
1561316231,0.0065500736236572,0.0038487911224365,0.11675691604614
1561316231,0.006270170211792,0.0039820671081543,0.13094687461853
1561316231,0.0069401264190674,0.0039780139923096,0.12753915786743
1561316231,0.0062429904937744,0.0040440559387207,0.12279796600342
1561316231,0.006476879119873,0.0038599967956543,0.11473798751831
1561316231,0.0064020156860352,0.0040349960327148,0.11355209350586
1561316231,0.0064418315887451,0.0039169788360596,0.11431789398193
1561316231,0.0062320232391357,0.0041229724884033,0.11459898948669
1561316232,0.006403923034668,0.0039641857147217,0.11591386795044
1561316232,0.0063591003417969,0.0040590763092041,0.11992001533508
1561316232,0.0064101219177246,0.0039410591125488,0.11675691604614
1561316232,0.0063538551330566,0.0040488243103027,0.11494278907776
1561316232,0.006389856338501,0.0038700103759766,0.11602783203125
1561316232,0.0063309669494629,0.004004955291748,0.11408996582031
1561316232,0.0063850879669189,0.0039031505584717,0.18565607070923
1561316233,0.006227970123291,0.0040349960327148,0.11565184593201
1561316233,0.00636887550354,0.0038809776306152,0.11467480659485
1561316233,0.0062808990478516,0.0039560794830322,0.1156439781189
1561316233,0.0064098834991455,0.0038690567016602,0.1139349937439
1561316233,0.0062389373779297,0.0040199756622314,0.11511516571045
1561316233,0.0063951015472412,0.0038390159606934,0.11379790306091
1561316233,0.0062010288238525,0.004033088684082,0.11478495597839
1561316233,0.006321907043457,0.0038559436798096,0.11366891860962
1561316234,0.0065560340881348,0.0041310787200928,0.1166398525238
1561316234,0.0064971446990967,0.00394606590271,0.11691784858704
1561316234,0.0062780380249023,0.0040309429168701,0.11752700805664
1561316234,0.0064249038696289,0.003838062286377,0.11493706703186
1561316234,0.0062530040740967,0.0040760040283203,0.11644291877747
1561316234,0.0064129829406738,0.0038728713989258,0.11469292640686
1561316234,0.0061821937561035,0.0040569305419922,0.11606502532959
1561316234,0.0063381195068359,0.0038769245147705,0.11548495292664
1561316235,0.0062019824981689,0.0040981769561768,0.13408589363098
1561316235,0.0063600540161133,0.004065990447998,0.11490797996521
1561316235,0.0061628818511963,0.0037579536437988,0.11830306053162
1561316235,0.0064480304718018,0.0039370059967041,0.11700487136841
1561316235,0.0061790943145752,0.0040519237518311,0.11500120162964
1561316235,0.0064799785614014,0.003849983215332,0.11506795883179
1561316235,0.006295919418335,0.0040409564971924,0.18816184997559
1561316236,0.0062739849090576,0.0038421154022217,0.11679601669312
1561316236,0.0063629150390625,0.0040519237518311,0.11915493011475
1561316236,0.0063939094543457,0.0039329528808594,0.11478590965271
1561316236,0.0060620307922363,0.0040349960327148,0.11324310302734
1561316236,0.006342887878418,0.0039401054382324,0.11538600921631
1561316236,0.0062930583953857,0.0040810108184814,0.11948609352112
1561316236,0.0063230991363525,0.0038390159606934,0.11458396911621
1561316236,0.0062251091003418,0.0040650367736816,0.11725306510925
1561316237,0.0063529014587402,0.003957986831665,0.1175320148468
1561316237,0.0063178539276123,0.004040002822876,0.12071585655212
1561316237,0.0062639713287354,0.0038039684295654,0.12581491470337
1561316237,0.006281852722168,0.0041098594665527,0.1176381111145
1561316237,0.0063741207122803,0.0039610862731934,0.11634087562561
1561316237,0.0061860084533691,0.0040750503540039,0.1183021068573
1561316237,0.0063960552215576,0.0039050579071045,0.13010096549988
1561316238,0.006479024887085,0.0044560432434082,0.11825203895569
1561316238,0.006458044052124,0.0039680004119873,0.1174328327179
1561316238,0.0064759254455566,0.0040609836578369,0.11821508407593
1561316238,0.0066759586334229,0.0039122104644775,0.12947988510132
1561316238,0.0063610076904297,0.0037181377410889,0.11690187454224
1561316238,0.0069069862365723,0.0039069652557373,0.11708807945251
1561316238,0.0062100887298584,0.0041069984436035,0.18465900421143
1561316238,0.0065240859985352,0.0039141178131104,0.11725687980652
1561316239,0.0062870979309082,0.0040359497070312,0.11835193634033
1561316239,0.0068831443786621,0.0041790008544922,0.13075113296509
1561316239,0.0066900253295898,0.0046989917755127,0.11977005004883
1561316239,0.0064401626586914,0.003878116607666,0.11827683448792
1561316239,0.0064959526062012,0.0041179656982422,0.11863303184509
1561316239,0.0065338611602783,0.0039148330688477,0.1636757850647
1561316239,0.0061919689178467,0.0041069984436035,0.11619281768799
1561316240,0.0064291954040527,0.0039019584655762,0.11514115333557
1561316240,0.0062649250030518,0.004094123840332,0.11724805831909
1561316240,0.0069530010223389,0.0039288997650146,0.13233613967896
1561316240,0.0065140724182129,0.0041720867156982,0.1310670375824
1561316240,0.0067310333251953,0.0042920112609863,0.11633110046387
1561316240,0.0062520503997803,0.0040969848632812,0.1180419921875
1561316240,0.0063960552215576,0.0038561820983887,0.11919093132019
1561316240,0.0063049793243408,0.0040760040283203,0.11637687683105
1561316241,0.0063719749450684,0.0038800239562988,0.11823701858521
1561316241,0.006519079208374,0.0040340423583984,0.11765599250793
1561316241,0.0064499378204346,0.0039641857147217,0.11739087104797
1561316241,0.0066261291503906,0.0041990280151367,0.11985301971436
1561316241,0.0063810348510742,0.0038559436798096,0.15562295913696
1561316241,0.0062921047210693,0.0040340423583984,0.20204901695251
1561316242,0.0065019130706787,0.0038859844207764,0.11844897270203
1561316242,0.0063941478729248,0.0041370391845703,0.1174910068512
1561316242,0.0068159103393555,0.0038950443267822,0.11656188964844
1561316242,0.0062708854675293,0.0040838718414307,0.1185941696167
1561316242,0.0065109729766846,0.0039291381835938,0.11658692359924
1561316242,0.0064868927001953,0.004086971282959,0.11520099639893
1561316242,0.0067160129547119,0.0039548873901367,0.11566305160522
1561316242,0.0063240528106689,0.0041120052337646,0.11626100540161
1561316243,0.0063328742980957,0.0040178298950195,0.11756110191345
1561316243,0.0061681270599365,0.0040569305419922,0.11732602119446
1561316243,0.0066421031951904,0.0039031505584717,0.1171338558197
1561316243,0.0064599514007568,0.0040991306304932,0.11817502975464
1561316243,0.0064530372619629,0.003943920135498,0.13269901275635
1561316243,0.0064079761505127,0.0040390491485596,0.12865495681763
1561316243,0.00689697265625,0.0043599605560303,0.13073706626892
1561316243,0.0065598487854004,0.0046579837799072,0.1323390007019
1561316244,0.0066640377044678,0.0040128231048584,0.11507391929626
1561316244,0.0065197944641113,0.0041220188140869,0.20628905296326
1561316244,0.0065848827362061,0.0039510726928711,0.13661193847656
1561316244,0.0068891048431396,0.0040140151977539,0.1116840839386
1561316244,0.0065340995788574,0.0038928985595703,0.11779880523682
1561316244,0.0065858364105225,0.0040879249572754,0.19432997703552
1561316245,0.00693678855896,0.0039420127868652,0.11888289451599
1561316245,0.0062460899353027,0.0040569305419922,0.14063501358032
1561316245,0.006525993347168,0.0039041042327881,0.11482310295105
1561316245,0.0062930583953857,0.0040411949157715,0.11708498001099
1561316245,0.0066602230072021,0.0039150714874268,0.1163649559021
1561316245,0.0063409805297852,0.0040311813354492,0.11653804779053
1561316245,0.0063860416412354,0.0039699077606201,0.11554408073425
1561316245,0.0063779354095459,0.0039870738983154,0.1169331073761
1561316246,0.0064048767089844,0.0038959980010986,0.11471891403198
1561316246,0.0063478946685791,0.0040650367736816,0.11628818511963
1561316246,0.0063989162445068,0.00394606590271,0.11555409431458
1561316246,0.0063459873199463,0.0040462017059326,0.11691093444824
1561316246,0.0064318180084229,0.0040178298950195,0.12967610359192
1561316246,0.0062088966369629,0.004065990447998,0.117182970047
1561316246,0.0064399242401123,0.003943920135498,0.11651492118835
1561316247,0.0064451694488525,0.0040280818939209,0.11711287498474
1561316247,0.0067870616912842,0.0039420127868652,0.11963510513306
1561316247,0.0065128803253174,0.0040261745452881,0.11998295783997
1561316247,0.0068740844726562,0.0039610862731934,0.11946201324463
1561316247,0.006432056427002,0.0040590763092041,0.118656873703
1561316247,0.006533145904541,0.0039520263671875,0.12130999565125
1561316247,0.0062589645385742,0.0040900707244873,0.19045901298523
1561316248,0.0069530010223389,0.0040040016174316,0.118812084198
1561316248,0.0061678886413574,0.0039620399475098,0.11274313926697
1561316248,0.0068099498748779,0.0039339065551758,0.12004113197327
1561316248,0.0062799453735352,0.0041091442108154,0.11360788345337
1561316248,0.0064170360565186,0.004004955291748,0.13754510879517
1561316248,0.0064718723297119,0.0041711330413818,0.1148099899292
1561316248,0.006350040435791,0.0039498805999756,0.12027907371521
1561316248,0.0074179172515869,0.0044419765472412,0.12327289581299
1561316249,0.0070030689239502,0.0044360160827637,0.12033700942993
1561316249,0.0065531730651855,0.004101037979126,0.11873888969421
1561316249,0.0066089630126953,0.0039739608764648,0.12034106254578
1561316249,0.0066840648651123,0.0041089057922363,0.11576199531555
1561316249,0.0069520473480225,0.0041539669036865,0.11911082267761
1561316249,0.006525993347168,0.004655122756958,0.11609601974487
1561316249,0.0067718029022217,0.0043098926544189,0.11608815193176
1561316249,0.0067200660705566,0.0039570331573486,0.11618304252625
1561316250,0.0065109729766846,0.0040161609649658,0.11643600463867
1561316250,0.0064690113067627,0.0042459964752197,0.11727499961853
1561316250,0.0067291259765625,0.0042300224304199,0.13092589378357
1561316250,0.0064899921417236,0.004180908203125,0.11470317840576
1561316250,0.0070569515228271,0.0044889450073242,0.12111902236938
1561316250,0.0066781044006348,0.0042719841003418,0.18860602378845
1561316250,0.006843090057373,0.0041489601135254,0.11558413505554
1561316251,0.0084149837493896,0.0046467781066895,0.11979603767395
1561316251,0.0084629058837891,0.0042881965637207,0.12216997146606
1561316251,0.0073730945587158,0.004749059677124,0.11674404144287
1561316251,0.006464958190918,0.0039131641387939,0.11575102806091
1561316251,0.0070960521697998,0.0041260719299316,0.11590194702148
1561316251,0.0065751075744629,0.0042850971221924,0.11606597900391
1561316251,0.0072529315948486,0.0047049522399902,0.11574196815491
1561316251,0.0063748359680176,0.0038809776306152,0.112459897995
1561316252,0.0064630508422852,0.0040740966796875,0.1180260181427
1561316252,0.0070791244506836,0.0044450759887695,0.11641693115234
1561316252,0.0062720775604248,0.0050530433654785,0.11785101890564
1561316252,0.0068740844726562,0.0039870738983154,0.11908793449402
1561316252,0.0062949657440186,0.0040950775146484,0.11635589599609
1561316252,0.0066218376159668,0.0039329528808594,0.11664009094238
1561316252,0.006483793258667,0.0043878555297852,0.11709308624268
1561316253,0.0069479942321777,0.004371166229248,0.11811399459839
1561316253,0.0067601203918457,0.004727840423584,0.11817979812622
1561316253,0.006648063659668,0.0044441223144531,0.1182918548584
1561316253,0.0065090656280518,0.0047540664672852,0.11884307861328
1561316253,0.0071158409118652,0.0043778419494629,0.11873483657837
1561316253,0.0068299770355225,0.0044231414794922,0.18821096420288
1561316253,0.0070700645446777,0.0042159557342529,0.11672306060791
1561316253,0.0069639682769775,0.0047299861907959,0.11821794509888
1561316254,0.0069539546966553,0.0045249462127686,0.11667609214783
1561316254,0.0065658092498779,0.0040278434753418,0.11662006378174
1561316254,0.0076079368591309,0.0044751167297363,0.13148593902588
1561316254,0.0067739486694336,0.0046968460083008,0.11655116081238
1561316254,0.0068540573120117,0.0039291381835938,0.11468982696533
1561316254,0.0071489810943604,0.0047471523284912,0.11748886108398
1561316254,0.006666898727417,0.0039989948272705,0.11555600166321
1561316255,0.0065619945526123,0.0047788619995117,0.11751914024353
1561316255,0.0066280364990234,0.0044620037078857,0.11722707748413
1561316255,0.0065159797668457,0.0040879249572754,0.11715483665466
1561316255,0.0063869953155518,0.0039799213409424,0.11588096618652
1561316255,0.006417989730835,0.004227876663208,0.11792302131653
1561316255,0.0065441131591797,0.0044600963592529,0.11329388618469
1561316255,0.0064539909362793,0.0046641826629639,0.11561489105225
1561316255,0.0064229965209961,0.0039031505584717,0.11500597000122
1561316256,0.0063331127166748,0.0040509700775146,0.11570405960083
1561316256,0.0063300132751465,0.0038750171661377,0.1175742149353
1561316256,0.0063581466674805,0.0040550231933594,0.11561894416809
1561316256,0.0065569877624512,0.004410982131958,0.11436414718628
1561316256,0.0063850879669189,0.0040431022644043,0.115807056427
1561316256,0.0065219402313232,0.0040349960327148,0.18781208992004
1561316256,0.0065031051635742,0.0047299861907959,0.15404605865479
1561316257,0.0063371658325195,0.0038859844207764,0.11488795280457
1561316257,0.0064389705657959,0.004263162612915,0.11442685127258
1561316257,0.0063929557800293,0.0039668083190918,0.11420679092407
1561316257,0.0064530372619629,0.0041978359222412,0.11652708053589
1561316257,0.0065081119537354,0.004443883895874,0.11396813392639
1561316257,0.0064849853515625,0.004054069519043,0.11518979072571
1561316257,0.0065789222717285,0.0041282176971436,0.12894797325134
1561316257,0.0065031051635742,0.0048379898071289,0.11632800102234
1561316258,0.0066359043121338,0.0043439865112305,0.11716103553772
1561316258,0.0060558319091797,0.0039908885955811,0.11509394645691
1561316258,0.0064089298248291,0.0038461685180664,0.11581492424011
1561316258,0.0063478946685791,0.0044419765472412,0.11409091949463
1561316258,0.0065300464630127,0.0038301944732666,0.1156919002533
1561316258,0.0063149929046631,0.0041601657867432,0.1151430606842
1561316258,0.0064702033996582,0.003870964050293,0.11413192749023
1561316258,0.0063850879669189,0.0039751529693604,0.11628389358521
1561316259,0.0065188407897949,0.004331111907959,0.11676096916199
1561316259,0.0063860416412354,0.0041000843048096,0.11490201950073
1561316259,0.0064990520477295,0.0043220520019531,0.11951112747192
1561316259,0.0063221454620361,0.0046391487121582,0.11612486839294
1561316259,0.006554126739502,0.0039839744567871,0.18708395957947
1561316259,0.0063960552215576,0.0044291019439697,0.1135368347168
1561316259,0.0062401294708252,0.0038919448852539,0.1133599281311
1561316260,0.0064489841461182,0.0047140121459961,0.13078618049622
1561316260,0.0065948963165283,0.0044112205505371,0.12431597709656
1561316260,0.0067150592803955,0.0049440860748291,0.12076616287231
1561316260,0.0067880153656006,0.0043470859527588,0.11519193649292
1561316260,0.006274938583374,0.0040321350097656,0.11739301681519
1561316260,0.0063879489898682,0.0038790702819824,0.1154100894928
1561316260,0.0063889026641846,0.0044381618499756,0.13039803504944
1561316260,0.0065150260925293,0.0040771961212158,0.11663889884949
1561316261,0.006525993347168,0.004525899887085,0.11441421508789
1561316261,0.0064120292663574,0.0039339065551758,0.11598300933838
1561316261,0.0064549446105957,0.004241943359375,0.11510515213013
1561316261,0.0065088272094727,0.0042610168457031,0.1167778968811
1561316261,0.0061690807342529,0.004025936126709,0.11417698860168
1561316261,0.0064969062805176,0.0041511058807373,0.11446905136108
1561316261,0.0061299800872803,0.0040228366851807,0.11420106887817
1561316261,0.0065450668334961,0.0041341781616211,0.11495399475098
1561316262,0.0067930221557617,0.0047798156738281,0.12598919868469
1561316262,0.006483793258667,0.0038900375366211,0.20123696327209
1561316262,0.0062680244445801,0.0041179656982422,0.11608099937439
1561316262,0.0065979957580566,0.0043859481811523,0.11450815200806
1561316262,0.0063769817352295,0.0044329166412354,0.18850207328796
1561316262,0.0065460205078125,0.004284143447876,0.11874890327454
1561316263,0.0064678192138672,0.0045068264007568,0.1203601360321
1561316263,0.0066180229187012,0.0041170120239258,0.11468696594238
1561316263,0.0063860416412354,0.0046498775482178,0.11466383934021
1561316263,0.0065388679504395,0.0039420127868652,0.11488485336304
1561316263,0.0063519477844238,0.0045559406280518,0.11541199684143
1561316263,0.0062351226806641,0.0039019584655762,0.11517810821533
1561316263,0.0063331127166748,0.0041790008544922,0.11466217041016
1561316263,0.0068180561065674,0.0038630962371826,0.11360192298889
1561316264,0.0063529014587402,0.0042009353637695,0.11880207061768
1561316264,0.006788969039917,0.0041928291320801,0.12603116035461
1561316264,0.0064949989318848,0.0045211315155029,0.13173985481262
1561316264,0.0065789222717285,0.0040199756622314,0.11476302146912
1561316264,0.006479024887085,0.0046741962432861,0.11500883102417
1561316264,0.0065839290618896,0.0037682056427002,0.13275790214539
1561316264,0.006371021270752,0.004641056060791,0.13165998458862
1561316265,0.0066390037536621,0.0041699409484863,0.12573409080505
1561316265,0.006242036819458,0.004054069519043,0.11689805984497
1561316265,0.0065140724182129,0.0040850639343262,0.11521005630493
1561316265,0.0064349174499512,0.0044431686401367,0.11612105369568
1561316265,0.0065860748291016,0.0043938159942627,0.11714887619019
1561316265,0.0064539909362793,0.0040678977966309,0.19606995582581
1561316265,0.006382942199707,0.0038790702819824,0.11433696746826
1561316265,0.0064480304718018,0.0044398307800293,0.11425495147705
1561316266,0.006350040435791,0.0039768218994141,0.13833594322205
1561316266,0.0065889358520508,0.0040731430053711,0.21971988677979
1561316266,0.0068449974060059,0.0043909549713135,0.11573815345764
1561316266,0.0066549777984619,0.0046451091766357,0.11387801170349
1561316266,0.0069379806518555,0.0044028759002686,0.11706280708313
1561316266,0.0063109397888184,0.0046439170837402,0.11498689651489
1561316266,0.007033109664917,0.0040998458862305,0.11572599411011
1561316267,0.0065929889678955,0.0043489933013916,0.1194019317627
1561316267,0.007267951965332,0.0040738582611084,0.11809515953064
1561316267,0.0064430236816406,0.0047969818115234,0.13201308250427
1561316267,0.0062820911407471,0.00388503074646,0.11406493186951
1561316267,0.006289005279541,0.0042331218719482,0.11943292617798
1561316267,0.0067641735076904,0.0042550563812256,0.13219594955444
1561316267,0.0065469741821289,0.0046219825744629,0.11585903167725
1561316268,0.0070710182189941,0.0041210651397705,0.11854004859924
1561316268,0.0064589977264404,0.0046350955963135,0.11570000648499
1561316268,0.0068738460540771,0.0039491653442383,0.11423206329346
1561316268,0.0067758560180664,0.0042362213134766,0.11630392074585
1561316268,0.0065679550170898,0.0042028427124023,0.15080690383911
1561316268,0.0068819522857666,0.0040431022644043,0.19084095954895
1561316268,0.0067009925842285,0.0044629573822021,0.11584877967834
1561316269,0.0068089962005615,0.0043160915374756,0.11676502227783
1561316269,0.0067219734191895,0.0044200420379639,0.12010407447815
1561316269,0.0067617893218994,0.0040819644927979,0.11834192276001
1561316269,0.0071308612823486,0.0039207935333252,0.11770296096802
1561316269,0.0066759586334229,0.0042150020599365,0.11632204055786
1561316269,0.0066399574279785,0.0039799213409424,0.11545491218567
1561316269,0.0065457820892334,0.0042550563812256,0.11924695968628
1561316269,0.0064830780029297,0.0039210319519043,0.11635708808899
1561316270,0.0065939426422119,0.0039520263671875,0.11496210098267
1561316270,0.0065979957580566,0.0044009685516357,0.11688590049744
1561316270,0.0070168972015381,0.0047190189361572,0.11584496498108
1561316270,0.0064089298248291,0.0039417743682861,0.11570191383362
1561316270,0.0066261291503906,0.0046091079711914,0.11570501327515
1561316270,0.0068290233612061,0.004317045211792,0.11590003967285
1561316270,0.0064749717712402,0.0046889781951904,0.11510014533997
1561316270,0.0065770149230957,0.003931999206543,0.11475419998169
1561316271,0.0067200660705566,0.004601001739502,0.11639904975891
1561316271,0.0065898895263672,0.0039269924163818,0.11737298965454
1561316271,0.0068449974060059,0.0047519207000732,0.13126397132874
1561316271,0.0070178508758545,0.004429817199707,0.11912679672241
1561316271,0.0067508220672607,0.0045239925384521,0.11955404281616
1561316271,0.0067458152770996,0.0042259693145752,0.19608402252197
1561316271,0.006742000579834,0.004723072052002,0.11714315414429
1561316272,0.0065641403198242,0.0039529800415039,0.11704301834106
1561316272,0.0067329406738281,0.0045461654663086,0.11868596076965
1561316272,0.0068380832672119,0.003957986831665,0.11639809608459
1561316272,0.00685715675354,0.0040528774261475,0.11791300773621
1561316272,0.0067110061645508,0.0038039684295654,0.11560893058777
1561316272,0.0067260265350342,0.0046110153198242,0.11797714233398
1561316272,0.0065090656280518,0.0039517879486084,0.11563491821289
1561316272,0.0063910484313965,0.0041289329528809,0.1157751083374
1561316273,0.0066368579864502,0.004127025604248,0.11574101448059
1561316273,0.0064489841461182,0.0040631294250488,0.11860704421997
1561316273,0.0070390701293945,0.0044739246368408,0.11710381507874
1561316273,0.0070199966430664,0.0046679973602295,0.11790895462036
1561316273,0.0066180229187012,0.0040040016174316,0.1190938949585
1561316273,0.0071449279785156,0.0046248435974121,0.11609482765198
1561316273,0.0066938400268555,0.0039718151092529,0.11698889732361
1561316274,0.0065159797668457,0.0040881633758545,0.117840051651
1561316274,0.0066850185394287,0.0040819644927979,0.11807203292847
1561316274,0.0067729949951172,0.0043108463287354,0.11631798744202
1561316274,0.006397008895874,0.0038509368896484,0.11527395248413
1561316274,0.0064680576324463,0.0039229393005371,0.11305904388428
1561316274,0.0072200298309326,0.0043060779571533,0.1879768371582
1561316274,0.0064830780029297,0.0046911239624023,0.11676096916199
1561316275,0.0063719749450684,0.003925085067749,0.15592908859253
1561316275,0.006397008895874,0.0042150020599365,0.11820793151855
1561316275,0.0066728591918945,0.0039401054382324,0.11649894714355
1561316275,0.0069980621337891,0.0043008327484131,0.11791920661926
1561316275,0.006598949432373,0.0043389797210693,0.11725807189941
1561316275,0.0062530040740967,0.0040030479431152,0.11578392982483
1561316275,0.0062849521636963,0.0039260387420654,0.11486005783081
1561316275,0.0063831806182861,0.0046451091766357,0.11871004104614
1561316276,0.0066430568695068,0.0041971206665039,0.11724090576172
1561316276,0.0066039562225342,0.0045678615570068,0.11613321304321
1561316276,0.0068039894104004,0.0044660568237305,0.11817002296448
1561316276,0.0062971115112305,0.0040819644927979,0.1155059337616
1561316276,0.006648063659668,0.00394606590271,0.11844205856323
1561316276,0.0065081119537354,0.0041229724884033,0.11784315109253
1561316276,0.0062990188598633,0.0042440891265869,0.11759781837463
1561316276,0.0065071582794189,0.0044910907745361,0.11660099029541
1561316277,0.0068738460540771,0.0045039653778076,0.11769604682922
1561316277,0.0064558982849121,0.0046420097351074,0.20163798332214
1561316277,0.0066320896148682,0.0042049884796143,0.11715602874756
1561316277,0.006464958190918,0.0047099590301514,0.11520290374756
1561316277,0.0067980289459229,0.0039401054382324,0.18916606903076
1561316277,0.006293773651123,0.0040140151977539,0.11714887619019
1561316277,0.00730299949646,0.0039169788360596,0.11680912971497
1561316278,0.0064599514007568,0.0040891170501709,0.11338090896606
1561316278,0.0066912174224854,0.0044538974761963,0.11753606796265
1561316278,0.0062270164489746,0.0040609836578369,0.11613917350769
1561316278,0.0066370964050293,0.0040218830108643,0.11712002754211
1561316278,0.0064351558685303,0.0046119689941406,0.11491298675537
1561316278,0.0066380500793457,0.0037000179290771,0.1164448261261
1561316278,0.0063750743865967,0.0040509700775146,0.11529588699341
1561316279,0.0066030025482178,0.0042648315429688,0.161954164505
1561316279,0.0065181255340576,0.0046780109405518,0.1158549785614
1561316279,0.0066239833831787,0.0041208267211914,0.11550903320312
1561316279,0.00667405128479,0.0047330856323242,0.11493396759033
1561316279,0.0063638687133789,0.0038919448852539,0.11402297019958
1561316279,0.0064740180969238,0.0045020580291748,0.11339497566223
1561316279,0.0065391063690186,0.0039651393890381,0.11456084251404
1561316280,0.0064940452575684,0.0045599937438965,0.1932909488678
1561316280,0.0066790580749512,0.0041170120239258,0.11538004875183
1561316280,0.0065979957580566,0.0044219493865967,0.12069797515869
1561316280,0.0066368579864502,0.0040011405944824,0.11901998519897
1561316280,0.0064520835876465,0.0040919780731201,0.11531710624695
1561316280,0.0080058574676514,0.0042178630828857,0.18867707252502
1561316280,0.0064370632171631,0.0044090747833252,0.11595582962036
1561316280,0.0064899921417236,0.0039360523223877,0.11559009552002
1561316281,0.0063488483428955,0.0039739608764648,0.11483097076416
1561316281,0.0067069530487061,0.0043520927429199,0.11592698097229
1561316281,0.0063679218292236,0.0040159225463867,0.11719107627869
1561316281,0.0068778991699219,0.0045030117034912,0.11585283279419
1561316281,0.0065178871154785,0.0044801235198975,0.11685705184937
1561316281,0.0065159797668457,0.0041310787200928,0.11605906486511
1561316281,0.0066938400268555,0.0047111511230469,0.12309789657593
1561316282,0.0065979957580566,0.0039379596710205,0.11641716957092
1561316282,0.0064828395843506,0.0044920444488525,0.12198901176453
1561316282,0.0068612098693848,0.0040349960327148,0.12402701377869
1561316282,0.0069541931152344,0.0051040649414062,0.12019205093384
1561316282,0.0066990852355957,0.0041680335998535,0.11570501327515
1561316282,0.0066399574279785,0.0046420097351074,0.11446094512939
1561316282,0.0066030025482178,0.0043721199035645,0.11584401130676
1561316282,0.0065000057220459,0.0041990280151367,0.11451005935669
1561316283,0.0063509941101074,0.0039310455322266,0.11465811729431
1561316283,0.006436824798584,0.0040440559387207,0.11942505836487
1561316283,0.0066578388214111,0.0040850639343262,0.11521100997925
1561316283,0.0066189765930176,0.0045030117034912,0.11360692977905
1561316283,0.0066640377044678,0.0040030479431152,0.11472702026367
1561316283,0.006425142288208,0.0043749809265137,0.18593907356262
1561316283,0.00677490234375,0.0039491653442383,0.1176290512085
1561316284,0.0063669681549072,0.0034661293029785,0.112468957901
1561316284,0.0072088241577148,0.0045299530029297,0.11473608016968
1561316284,0.0062110424041748,0.0040380954742432,0.11655211448669
1561316284,0.0066521167755127,0.0045490264892578,0.11543989181519
1561316284,0.0067079067230225,0.0044171810150146,0.11523985862732
1561316284,0.0070850849151611,0.0039141178131104,0.11424279212952
1561316284,0.0069239139556885,0.0040090084075928,0.11463308334351
1561316284,0.0067260265350342,0.0044999122619629,0.11539220809937
1561316285,0.0065250396728516,0.0040838718414307,0.11688208580017
1561316285,0.0069589614868164,0.0039570331573486,0.11504292488098
1561316285,0.0067400932312012,0.0044560432434082,0.11616802215576
1561316285,0.0068359375,0.0044460296630859,0.11597609519958
1561316285,0.006756067276001,0.0040290355682373,0.11641407012939
1561316285,0.0069801807403564,0.0039210319519043,0.11393308639526
1561316285,0.0065732002258301,0.0046658515930176,0.11611700057983
1561316285,0.0063340663909912,0.0037639141082764,0.11282587051392
1561316286,0.0064640045166016,0.0039870738983154,0.11384606361389
1561316286,0.0066819190979004,0.0039432048797607,0.1166079044342
1561316286,0.0067470073699951,0.0042710304260254,0.11656999588013
1561316286,0.0065710544586182,0.0043659210205078,0.11531496047974
1561316286,0.006450891494751,0.0041439533233643,0.11669898033142
1561316286,0.006943941116333,0.0039207935333252,0.18904113769531
1561316286,0.0065298080444336,0.0040638446807861,0.1152400970459
1561316286,0.0066280364990234,0.0042271614074707,0.11517381668091
1561316287,0.0070421695709229,0.004727840423584,0.12048482894897
1561316287,0.0069689750671387,0.0043599605560303,0.11549615859985
1561316287,0.0069220066070557,0.0046041011810303,0.11582899093628
1561316287,0.006505012512207,0.0039839744567871,0.11581802368164
1561316287,0.006641149520874,0.0043399333953857,0.11369299888611
1561316287,0.0062789916992188,0.0039899349212646,0.11312389373779
1561316287,0.0070312023162842,0.0043468475341797,0.11702179908752
1561316288,0.0066471099853516,0.0044939517974854,0.11518478393555
1561316288,0.0069198608398438,0.0046939849853516,0.11330199241638
1561316288,0.0069229602813721,0.0042018890380859,0.11385011672974
1561316288,0.0066590309143066,0.004364013671875,0.1132869720459
1561316288,0.0066149234771729,0.0042150020599365,0.11397910118103
1561316288,0.0064480304718018,0.0040559768676758,0.11459684371948
1561316288,0.0069448947906494,0.0040781497955322,0.11426091194153
1561316288,0.0069890022277832,0.0047018527984619,0.11467909812927
1561316289,0.0065460205078125,0.0040068626403809,0.11822199821472
1561316289,0.0065560340881348,0.0041239261627197,0.11399698257446
1561316289,0.0071661472320557,0.0045430660247803,0.11361384391785
1561316289,0.0070600509643555,0.0041129589080811,0.1162531375885
1561316289,0.0064268112182617,0.0040678977966309,0.11067914962769
1561316289,0.006594181060791,0.0040590763092041,0.18427705764771
1561316289,0.0070390701293945,0.0044929981231689,0.1125500202179
1561316289,0.0065360069274902,0.0040490627288818,0.11353898048401
1561316290,0.00677490234375,0.0044770240783691,0.11392498016357
1561316290,0.0068941116333008,0.0040550231933594,0.11489105224609
1561316290,0.0066189765930176,0.0040428638458252,0.1159610748291
1561316290,0.0068459510803223,0.0040218830108643,0.11333203315735
1561316290,0.0065751075744629,0.004500150680542,0.11401891708374
1561316290,0.0066869258880615,0.003960132598877,0.11252903938293
1561316290,0.0065000057220459,0.0045070648193359,0.11269307136536
1561316290,0.00636887550354,0.0040419101715088,0.11580801010132
1561316291,0.0066421031951904,0.0041720867156982,0.11410713195801
1561316291,0.0064020156860352,0.0041050910949707,0.11545085906982
1561316291,0.0066759586334229,0.0039660930633545,0.11441493034363
1561316291,0.0063560009002686,0.0039699077606201,0.11283397674561
1561316291,0.0066878795623779,0.0044581890106201,0.11254405975342
1561316291,0.0063059329986572,0.0040819644927979,0.11249899864197
1561316291,0.0065689086914062,0.0044140815734863,0.11256194114685
1561316291,0.0064671039581299,0.0040500164031982,0.10939908027649
1561316292,0.0065178871154785,0.0039768218994141,0.11624693870544
1561316292,0.0066368579864502,0.0043890476226807,0.11888003349304
1561316292,0.0061590671539307,0.0037260055541992,0.099805116653442
1561316292,0.00062704086303711,0.00024795532226562,0.012466907501221
1561316292,0.0079469680786133,0.0052618980407715,0.22480511665344
1561316292,0.0086450576782227,0.0046629905700684,0.12149000167847
1561316292,0.0072021484375,0.0045850276947021,0.11439394950867
1561316293,0.0075500011444092,0.0046639442443848,0.16223120689392
1561316293,0.0032789707183838,0.0017130374908447,0.051680088043213
1561316293,0.0044081211090088,0.0025629997253418,0.070918083190918
1561316293,0.0051689147949219,0.0031909942626953,0.08421802520752
1561316293,0.0063002109527588,0.0038220882415771,0.10587882995605
1561316293,0.0061650276184082,0.0040249824523926,0.10616207122803
1561316293,0.0072050094604492,0.0037438869476318,0.10505414009094
1561316293,0.005810022354126,0.0036220550537109,0.10332202911377
1561316293,0.0058760643005371,0.0037448406219482,0.10445809364319
1561316293,0.0060827732086182,0.003903865814209,0.10415387153625
1561316294,0.0061149597167969,0.0036709308624268,0.10554909706116
1561316294,0.0062038898468018,0.003870964050293,0.10455393791199
1561316294,0.0063431262969971,0.0042009353637695,0.10549211502075
1561316294,0.0059731006622314,0.0037620067596436,0.10453796386719
1561316294,0.0061361789703369,0.0042779445648193,0.10557103157043
1561316294,0.0061450004577637,0.0037519931793213,0.10690307617188
1561316294,0.0060460567474365,0.003756046295166,0.10485100746155
1561316294,0.0061450004577637,0.0038368701934814,0.10428500175476
1561316294,0.0061111450195312,0.0037901401519775,0.1039559841156
1561316295,0.0061991214752197,0.0037961006164551,0.10460901260376
1561316295,0.0061039924621582,0.0039188861846924,0.10489082336426
1561316295,0.0060529708862305,0.0038208961486816,0.10531997680664
1561316295,0.0060069561004639,0.0038161277770996,0.10394597053528
1561316295,0.0062239170074463,0.0038349628448486,0.17326998710632
1561316295,0.0059919357299805,0.0040881633758545,0.10396790504456
1561316295,0.0058760643005371,0.0037260055541992,0.10192608833313
1561316295,0.0057928562164307,0.0036618709564209,0.1021420955658
1561316296,0.0060238838195801,0.0043330192565918,0.10777616500854
1561316296,0.0060989856719971,0.0042059421539307,0.11456418037415
1561316296,0.0061559677124023,0.00388503074646,0.1125168800354
1561316296,0.0059270858764648,0.0037379264831543,0.11288118362427
1561316296,0.0066289901733398,0.0043740272521973,0.10983991622925
1561316296,0.0070559978485107,0.0040769577026367,0.10798287391663
1561316296,0.0060749053955078,0.0043559074401855,0.10992217063904
1561316296,0.006119966506958,0.0041890144348145,0.11329483985901
1561316297,0.0060310363769531,0.0038440227508545,0.12101197242737
1561316297,0.0059280395507812,0.0037169456481934,0.19592308998108
1561316297,0.0060257911682129,0.0043528079986572,0.11902785301208
1561316297,0.0061180591583252,0.0042331218719482,0.11826705932617
1561316297,0.0059499740600586,0.0038208961486816,0.11656308174133
1561316297,0.0058960914611816,0.0036680698394775,0.11941599845886
1561316297,0.0061008930206299,0.0043079853057861,0.11890387535095
1561316298,0.0061190128326416,0.0037500858306885,0.12651896476746
1561316298,0.0060830116271973,0.0043239593505859,0.12057709693909
1561316298,0.0093939304351807,0.0051329135894775,0.16083312034607
1561316298,0.0076940059661865,0.0045030117034912,0.14579391479492
1561316298,0.0015909671783447,0.0008389949798584,0.089390993118286
1561316298,0.0021779537200928,0.001060962677002,0.032837867736816
1561316298,0.0091519355773926,0.0053770542144775,0.15938115119934
1561316299,0.009451150894165,0.0058119297027588,0.1659631729126
1561316299,0.010043859481812,0.0056428909301758,0.16769003868103
1561316299,0.0083999633789062,0.0048849582672119,0.14355397224426
1561316299,0.0068910121917725,0.0041780471801758,0.10998201370239
1561316299,0.0063250064849854,0.0038058757781982,0.11069416999817
1561316299,0.0062780380249023,0.003978967666626,0.11040806770325
1561316299,0.006519079208374,0.0038690567016602,0.11196708679199
1561316299,0.0064680576324463,0.003774881362915,0.10870003700256
1561316300,0.0065140724182129,0.0038831233978271,0.11170291900635
1561316300,0.0067019462585449,0.0043549537658691,0.120680809021
1561316300,0.0063390731811523,0.0038809776306152,0.1177830696106
1561316300,0.0068960189819336,0.0042991638183594,0.11609601974487
1561316300,0.0065639019012451,0.0038352012634277,0.11419486999512
1561316300,0.0064129829406738,0.0040781497955322,0.11681699752808
1561316300,0.0065429210662842,0.0039000511169434,0.11412596702576
1561316300,0.006580114364624,0.0038270950317383,0.11246705055237
1561316301,0.0062339305877686,0.0037729740142822,0.12568593025208
1561316301,0.0069060325622559,0.0037450790405273,0.11000084877014
1561316301,0.0065269470214844,0.0038061141967773,0.11516809463501
1561316301,0.0065169334411621,0.0040490627288818,0.11590504646301
1561316301,0.0064461231231689,0.0042181015014648,0.19530510902405
1561316301,0.0065469741821289,0.0039050579071045,0.12241911888123
1561316301,0.0063998699188232,0.0038080215454102,0.11415886878967
1561316302,0.0062179565429688,0.003870964050293,0.1181948184967
1561316302,0.0065860748291016,0.0040490627288818,0.12720394134521
1561316302,0.0069689750671387,0.0041530132293701,0.1141939163208
1561316302,0.006680965423584,0.0038919448852539,0.13096904754639
1561316302,0.0070369243621826,0.004364013671875,0.11550307273865
1561316302,0.0064010620117188,0.0038321018218994,0.11201691627502
1561316302,0.0063650608062744,0.0037550926208496,0.11075401306152
1561316302,0.006483793258667,0.0039680004119873,0.11261200904846
1561316303,0.0065970420837402,0.0038919448852539,0.11292481422424
1561316303,0.0065360069274902,0.0040171146392822,0.1168999671936
1561316303,0.0065300464630127,0.003741979598999,0.11293816566467
1561316303,0.0062010288238525,0.0044021606445312,0.11310291290283
1561316303,0.0062928199768066,0.0040090084075928,0.11106586456299
1561316303,0.0061490535736084,0.0038120746612549,0.11128401756287
1561316303,0.0060989856719971,0.0037500858306885,0.11029195785522
1561316303,0.005997896194458,0.0038039684295654,0.11089396476746
1561316304,0.006011962890625,0.003788948059082,0.11260199546814
1561316304,0.0064480304718018,0.0045139789581299,0.11656904220581
1561316304,0.0062119960784912,0.0042910575866699,0.11138701438904
1561316304,0.0061318874359131,0.0043160915374756,0.18220806121826
1561316304,0.006166934967041,0.0038928985595703,0.10873603820801
1561316304,0.0061628818511963,0.0040960311889648,0.11019802093506
1561316304,0.0062599182128906,0.0038900375366211,0.10961699485779
1561316305,0.0061490535736084,0.0038788318634033,0.11148595809937
1561316305,0.0076310634613037,0.0044829845428467,0.11091208457947
1561316305,0.0062339305877686,0.0043671131134033,0.11259293556213
1561316305,0.0061659812927246,0.0040369033813477,0.11325407028198
1561316305,0.0061450004577637,0.0038189888000488,0.11473202705383
1561316305,0.0061700344085693,0.0042760372161865,0.107990026474
1561316305,0.0061600208282471,0.0042529106140137,0.11845993995667
1561316305,0.0063409805297852,0.0042710304260254,0.12603306770325
1561316306,0.0086350440979004,0.0060739517211914,0.15547204017639
1561316306,0.0093979835510254,0.0064358711242676,0.16943383216858
1561316306,0.0088281631469727,0.005742073059082,0.1711220741272
1561316306,0.0094611644744873,0.0058231353759766,0.16952085494995
1561316306,0.0089190006256104,0.006199836730957,0.15965700149536
1561316306,0.0092999935150146,0.0063109397888184,0.16370701789856
1561316307,0.0093181133270264,0.0058190822601318,0.16807293891907
1561316307,0.0089561939239502,0.0060570240020752,0.16534495353699
1561316307,0.0092530250549316,0.0064518451690674,0.237948179245
1561316307,0.0090608596801758,0.006220817565918,0.16260313987732
1561316307,0.0092699527740479,0.0064561367034912,0.16600108146667
1561316308,0.0093247890472412,0.0056390762329102,0.16125202178955
1561316308,0.0093228816986084,0.0062479972839355,0.1653139591217
1561316308,0.0089180469512939,0.0057640075683594,0.15525412559509
1561316308,0.0074892044067383,0.0048758983612061,0.12716317176819
1561316308,0.0063769817352295,0.0042688846588135,0.11096811294556
1561316308,0.0064349174499512,0.0042338371276855,0.14941120147705
1561316309,0.0062727928161621,0.0040209293365479,0.10904908180237
1561316309,0.0063769817352295,0.004209041595459,0.11238694190979
1561316309,0.0064280033111572,0.0039069652557373,0.11970400810242
1561316309,0.0062019824981689,0.0038681030273438,0.11580181121826
1561316309,0.006458044052124,0.0041730403900146,0.11401796340942
1561316309,0.0061740875244141,0.0039689540863037,0.11120796203613
1561316309,0.0065619945526123,0.0045211315155029,0.11529898643494
1561316309,0.006378173828125,0.0040059089660645,0.11390781402588
1561316310,0.0066380500793457,0.0044891834259033,0.11540699005127
1561316310,0.0066120624542236,0.0045080184936523,0.11841797828674
1561316310,0.006547212600708,0.0046148300170898,0.11606884002686
1561316310,0.006181001663208,0.0037767887115479,0.10853886604309
1561316310,0.0064499378204346,0.0039610862731934,0.18058300018311
1561316310,0.0062639713287354,0.003896951675415,0.11250615119934
1561316310,0.0063951015472412,0.0042998790740967,0.11308121681213
1561316310,0.0060660839080811,0.0038621425628662,0.10567808151245
1561316311,0.0062391757965088,0.0041370391845703,0.10824203491211
1561316311,0.0064990520477295,0.004378080368042,0.11445498466492
1561316311,0.0064918994903564,0.0039520263671875,0.11712217330933
1561316311,0.006411075592041,0.0042760372161865,0.11214685440063
1561316311,0.0065078735351562,0.0039210319519043,0.11457705497742
1561316311,0.0064518451690674,0.004417896270752,0.11239314079285
1561316311,0.0066530704498291,0.0041260719299316,0.1170859336853
1561316311,0.0064370632171631,0.0042159557342529,0.11265397071838
1561316312,0.0066728591918945,0.0046300888061523,0.11867308616638
1561316312,0.0062198638916016,0.0038988590240479,0.11351895332336
1561316312,0.006803035736084,0.0053579807281494,0.11891293525696
1561316312,0.0065360069274902,0.0044419765472412,0.11281394958496
1561316312,0.0064408779144287,0.003896951675415,0.11319088935852
1561316312,0.006417989730835,0.0043668746948242,0.11788201332092
1561316312,0.0065791606903076,0.0045039653778076,0.11588001251221
1561316312,0.0062670707702637,0.003993034362793,0.11405110359192
1561316313,0.0065279006958008,0.0042858123779297,0.11441683769226
