timestamp,batchTime,transformTime,bulkTime
1561387142,0.0087449550628662,0.005605936050415,0.14882898330688
1561387142,0.0075271129608154,0.0052511692047119,0.12002086639404
1561387142,0.0077719688415527,0.0049159526824951,0.17380595207214
1561387142,0.0069570541381836,0.004425048828125,0.11885190010071
1561387143,0.007033109664917,0.0046279430389404,0.11895179748535
1561387143,0.0070381164550781,0.0044548511505127,0.1169548034668
1561387143,0.0074880123138428,0.0042829513549805,0.11979699134827
1561387143,0.0067391395568848,0.0043120384216309,0.12180805206299
1561387143,0.0071229934692383,0.0048999786376953,0.13532304763794
1561387143,0.0076549053192139,0.0050489902496338,0.127436876297
1561387143,0.0081720352172852,0.0048861503601074,0.12355399131775
1561387143,0.0070610046386719,0.0044441223144531,0.12164402008057
1561387144,0.0074279308319092,0.0047938823699951,0.13175201416016
1561387144,0.0074810981750488,0.0043878555297852,0.13215398788452
1561387144,0.0076091289520264,0.0047080516815186,0.13504004478455
1561387144,0.0068380832672119,0.0046138763427734,0.12125992774963
1561387144,0.0074210166931152,0.0052750110626221,0.13365006446838
1561387144,0.0067389011383057,0.0045897960662842,0.12662982940674
1561387144,0.0068619251251221,0.0041608810424805,0.12134313583374
1561387145,0.0069758892059326,0.0045349597930908,0.19023489952087
1561387145,0.0071389675140381,0.0046689510345459,0.127121925354
1561387145,0.0069448947906494,0.0054450035095215,0.12314891815186
1561387145,0.0075349807739258,0.0045139789581299,0.12028193473816
1561387145,0.007559061050415,0.0057570934295654,0.12310814857483
1561387145,0.0066471099853516,0.0042810440063477,0.12522792816162
1561387146,0.0071480274200439,0.0052790641784668,0.12495493888855
1561387146,0.0071718692779541,0.0048308372497559,0.12195301055908
1561387146,0.0073730945587158,0.0044069290161133,0.13017702102661
1561387146,0.0073540210723877,0.0050919055938721,0.12714695930481
1561387146,0.0070958137512207,0.0048379898071289,0.12863087654114
1561387146,0.0069830417633057,0.004342794418335,0.13506102561951
1561387146,0.0064048767089844,0.0049021244049072,0.12384009361267
1561387146,0.0069129467010498,0.0047829151153564,0.12419295310974
1561387147,0.0062899589538574,0.0043351650238037,0.12564492225647
1561387147,0.0067329406738281,0.0042288303375244,0.12405109405518
1561387147,0.0071351528167725,0.0042679309844971,0.19829702377319
1561387147,0.0069079399108887,0.0044889450073242,0.13336896896362
1561387147,0.0068550109863281,0.0048849582672119,0.1908278465271
1561387147,0.0069959163665771,0.0046379566192627,0.13317608833313
1561387148,0.0071349143981934,0.0053360462188721,0.14658808708191
1561387148,0.0069620609283447,0.0049631595611572,0.13325095176697
1561387148,0.007627010345459,0.0050930976867676,0.12473106384277
1561387148,0.006633996963501,0.004317045211792,0.12460803985596
1561387148,0.0068399906158447,0.0045669078826904,0.12416100502014
1561387148,0.0068519115447998,0.0043091773986816,0.12614393234253
1561387148,0.0072710514068604,0.0045759677886963,0.14188504219055
1561387149,0.0071179866790771,0.0040268898010254,0.12227416038513
1561387149,0.0074808597564697,0.0045289993286133,0.12317490577698
1561387149,0.0070910453796387,0.0046160221099854,0.12824392318726
1561387149,0.0067460536956787,0.0046861171722412,0.12518692016602
1561387149,0.0074050426483154,0.0047340393066406,0.12804293632507
1561387149,0.0063440799713135,0.0045230388641357,0.12389302253723
1561387149,0.0069398880004883,0.0043470859527588,0.12431907653809
1561387150,0.0075910091400146,0.0051169395446777,0.12713313102722
1561387150,0.0070130825042725,0.004115104675293,0.12128496170044
1561387150,0.0072591304779053,0.0047080516815186,0.13249397277832
1561387150,0.0068099498748779,0.0050089359283447,0.20222592353821
1561387150,0.0066859722137451,0.0046250820159912,0.12800598144531
1561387150,0.0073838233947754,0.0043630599975586,0.12697911262512
1561387150,0.0068819522857666,0.0043020248413086,0.12984895706177
1561387151,0.0069191455841064,0.0042629241943359,0.13513517379761
1561387151,0.007072925567627,0.0052430629730225,0.13008809089661
1561387151,0.0074670314788818,0.0045850276947021,0.13443899154663
1561387151,0.0068991184234619,0.0041649341583252,0.13234305381775
1561387151,0.0074300765991211,0.004702091217041,0.1455340385437
1561387151,0.0065920352935791,0.0045201778411865,0.13391804695129
1561387152,0.0065732002258301,0.0041379928588867,0.12928795814514
1561387152,0.0067930221557617,0.0047340393066406,0.13771605491638
1561387152,0.0076780319213867,0.0048849582672119,0.1407470703125
1561387152,0.0072128772735596,0.0050501823425293,0.14051985740662
1561387152,0.0074100494384766,0.0048179626464844,0.17076706886292
1561387152,0.0070290565490723,0.004796028137207,0.13741612434387
1561387152,0.0069320201873779,0.0042250156402588,0.13878989219666
1561387153,0.0072939395904541,0.0046629905700684,0.14314103126526
1561387153,0.0072870254516602,0.0045959949493408,0.20302319526672
1561387153,0.0073480606079102,0.0041158199310303,0.129390001297
1561387153,0.0069098472595215,0.0042839050292969,0.12903714179993
1561387153,0.0069139003753662,0.0044150352478027,0.12726807594299
1561387153,0.0067999362945557,0.0043759346008301,0.14845204353333
1561387154,0.0069801807403564,0.0043530464172363,0.1287100315094
1561387154,0.0069670677185059,0.004410982131958,0.13196682929993
1561387154,0.0067369937896729,0.0045959949493408,0.13067817687988
1561387154,0.0068368911743164,0.0046679973602295,0.1282799243927
1561387154,0.0067429542541504,0.0045440196990967,0.1288468837738
1561387154,0.0072941780090332,0.0045900344848633,0.13017892837524
1561387154,0.0068061351776123,0.0045289993286133,0.12915802001953
1561387155,0.0072028636932373,0.0044510364532471,0.13059401512146
1561387155,0.0068740844726562,0.0045340061187744,0.12607908248901
1561387155,0.0068469047546387,0.0045349597930908,0.14173603057861
1561387155,0.0067510604858398,0.0048060417175293,0.13591599464417
1561387155,0.0071020126342773,0.0051209926605225,0.14847993850708
1561387155,0.0066938400268555,0.0054399967193604,0.13143301010132
1561387155,0.0073020458221436,0.0043978691101074,0.18903803825378
1561387156,0.0069320201873779,0.004443883895874,0.14221715927124
1561387156,0.0071899890899658,0.0043909549713135,0.1368670463562
1561387156,0.0067121982574463,0.0048730373382568,0.1311309337616
1561387156,0.0070359706878662,0.0043668746948242,0.13030099868774
1561387156,0.007174015045166,0.0041000843048096,0.13120198249817
1561387156,0.007519006729126,0.0047240257263184,0.14660501480103
1561387157,0.0070281028747559,0.0044920444488525,0.12908291816711
1561387157,0.0074319839477539,0.0048158168792725,0.14251518249512
1561387157,0.0068550109863281,0.0043990612030029,0.14485597610474
1561387157,0.0074400901794434,0.0047900676727295,0.13270783424377
1561387157,0.0074400901794434,0.0043809413909912,0.1295440196991
1561387157,0.0069789886474609,0.0040979385375977,0.13164806365967
1561387157,0.0073158740997314,0.0049021244049072,0.12944602966309
1561387158,0.0072281360626221,0.0043458938598633,0.1362509727478
1561387158,0.0070819854736328,0.0044798851013184,0.13257813453674
1561387158,0.0071661472320557,0.004194974899292,0.13189101219177
1561387158,0.0069141387939453,0.0048189163208008,0.13176417350769
1561387158,0.0066349506378174,0.0042970180511475,0.18984293937683
1561387158,0.0068378448486328,0.0043690204620361,0.13073182106018
1561387158,0.0069780349731445,0.0043458938598633,0.13029384613037
1561387159,0.0066049098968506,0.0045218467712402,0.12977123260498
1561387159,0.0069229602813721,0.0044889450073242,0.13120889663696
1561387159,0.0072751045227051,0.0047500133514404,0.14581203460693
1561387159,0.0066378116607666,0.0044999122619629,0.14803910255432
1561387159,0.0063908100128174,0.0048179626464844,0.12868595123291
1561387159,0.0074610710144043,0.0041849613189697,0.13212513923645
1561387159,0.0070691108703613,0.0043830871582031,0.13238596916199
1561387160,0.0069599151611328,0.0043389797210693,0.13026785850525
1561387160,0.006648063659668,0.0046350955963135,0.12947702407837
1561387160,0.0069580078125,0.0045280456542969,0.13236904144287
1561387160,0.006807804107666,0.0049469470977783,0.14592289924622
1561387160,0.0074419975280762,0.0044960975646973,0.13273501396179
1561387160,0.0070810317993164,0.0044360160827637,0.12732195854187
1561387161,0.0068659782409668,0.0044620037078857,0.13864493370056
1561387161,0.0066349506378174,0.0049481391906738,0.14431595802307
1561387161,0.0070619583129883,0.0045650005340576,0.19674682617188
1561387161,0.0067999362945557,0.0046679973602295,0.16804599761963
1561387161,0.007011890411377,0.004072904586792,0.15064406394958
1561387161,0.0072410106658936,0.0050969123840332,0.13083386421204
1561387162,0.0069148540496826,0.0042538642883301,0.13453006744385
1561387162,0.0072400569915771,0.0050640106201172,0.14385008811951
1561387162,0.0068871974945068,0.004209041595459,0.13470005989075
1561387162,0.0072660446166992,0.0050711631774902,0.1362030506134
1561387162,0.0070219039916992,0.0045411586761475,0.1297299861908
1561387162,0.0069079399108887,0.0042948722839355,0.1449990272522
1561387162,0.0074560642242432,0.004601001739502,0.13328409194946
1561387163,0.0066180229187012,0.004561185836792,0.13365602493286
1561387163,0.0069921016693115,0.0046350955963135,0.14596700668335
1561387163,0.0069200992584229,0.0048589706420898,0.14411807060242
1561387163,0.0070090293884277,0.0043010711669922,0.20612812042236
1561387163,0.0074710845947266,0.0049610137939453,0.13417196273804
1561387163,0.0072000026702881,0.0048549175262451,0.13074111938477
1561387164,0.0068860054016113,0.0045769214630127,0.13612794876099
1561387164,0.006680965423584,0.0044341087341309,0.1883270740509
1561387164,0.0072360038757324,0.0048379898071289,0.14187908172607
1561387164,0.0077519416809082,0.0043489933013916,0.13260197639465
1561387164,0.0068881511688232,0.0045959949493408,0.16033101081848
1561387164,0.0068948268890381,0.0049140453338623,0.14231085777283
1561387164,0.0069148540496826,0.0045769214630127,0.13531899452209
1561387165,0.0070559978485107,0.0046288967132568,0.14533019065857
1561387165,0.007300853729248,0.0047359466552734,0.13425397872925
1561387165,0.0066781044006348,0.0047359466552734,0.13326907157898
1561387165,0.0067000389099121,0.0052618980407715,0.13689279556274
1561387165,0.0073559284210205,0.0046229362487793,0.1473240852356
1561387165,0.0073421001434326,0.0047621726989746,0.1757390499115
1561387166,0.0067160129547119,0.0042030811309814,0.13442492485046
1561387166,0.0071361064910889,0.0048689842224121,0.1349949836731
1561387166,0.007490873336792,0.0041320323944092,0.14420199394226
1561387166,0.0073730945587158,0.004845142364502,0.13577508926392
1561387166,0.0073878765106201,0.0044090747833252,0.13506197929382
1561387166,0.0069098472595215,0.0048131942749023,0.15340685844421
1561387167,0.0070540904998779,0.0042691230773926,0.1931209564209
1561387167,0.0068061351776123,0.00472092628479,0.13236594200134
1561387167,0.0075180530548096,0.0042800903320312,0.13490986824036
1561387167,0.0073380470275879,0.0050070285797119,0.13489103317261
1561387167,0.0070960521697998,0.0044717788696289,0.16944599151611
1561387167,0.0068979263305664,0.0048439502716064,0.13324403762817
1561387167,0.0069479942321777,0.0042240619659424,0.13362789154053
1561387168,0.006605863571167,0.0045459270477295,0.13105392456055
1561387168,0.007267951965332,0.0044670104980469,0.13413095474243
1561387168,0.0068349838256836,0.0046072006225586,0.13638806343079
1561387168,0.0077140331268311,0.0043189525604248,0.13287687301636
1561387168,0.0066311359405518,0.0048670768737793,0.14743590354919
1561387168,0.0070540904998779,0.0047221183776855,0.13305497169495
1561387169,0.007404088973999,0.0047709941864014,0.13471007347107
1561387169,0.0066139698028564,0.0040299892425537,0.13367605209351
1561387169,0.0063910484313965,0.0045759677886963,0.14889407157898
1561387169,0.0068190097808838,0.0046749114990234,0.13475918769836
1561387169,0.0079610347747803,0.0051290988922119,0.15188908576965
1561387169,0.0070111751556396,0.0044078826904297,0.19260883331299
1561387169,0.0075130462646484,0.0054500102996826,0.13506388664246
1561387170,0.0074498653411865,0.0048720836639404,0.14812302589417
1561387170,0.0074901580810547,0.0056381225585938,0.13928294181824
1561387170,0.0074520111083984,0.0051021575927734,0.13620591163635
1561387170,0.0074119567871094,0.0053870677947998,0.13686800003052
1561387170,0.0081768035888672,0.0046939849853516,0.15516090393066
1561387170,0.0075609683990479,0.0058341026306152,0.14132785797119
1561387171,0.0072879791259766,0.0047149658203125,0.14124917984009
1561387171,0.0070500373840332,0.005357027053833,0.13654208183289
1561387171,0.0078010559082031,0.004878044128418,0.13136601448059
1561387171,0.0069060325622559,0.0051620006561279,0.14170908927917
1561387171,0.0070059299468994,0.0047831535339355,0.13348197937012
1561387171,0.0071990489959717,0.0049600601196289,0.1383740901947
1561387171,0.0073709487915039,0.0044229030609131,0.13169503211975
1561387172,0.0077400207519531,0.0059390068054199,0.13388681411743
1561387172,0.0068681240081787,0.0044538974761963,0.13564300537109
1561387172,0.0068149566650391,0.005000114440918,0.14109992980957
1561387172,0.0075409412384033,0.0047340393066406,0.19856691360474
1561387172,0.0073060989379883,0.0050511360168457,0.13351893424988
1561387172,0.0073111057281494,0.0047528743743896,0.1341700553894
1561387173,0.0072791576385498,0.0050899982452393,0.13521003723145
1561387173,0.0072519779205322,0.0045969486236572,0.13217711448669
1561387173,0.0075540542602539,0.0053582191467285,0.13391995429993
1561387173,0.0074129104614258,0.0050091743469238,0.13785481452942
1561387173,0.0075318813323975,0.0058929920196533,0.13718485832214
1561387173,0.0075018405914307,0.0051000118255615,0.14987301826477
1561387173,0.0069570541381836,0.0048849582672119,0.13139605522156
1561387174,0.0071151256561279,0.0052449703216553,0.13385796546936
1561387174,0.0074779987335205,0.0043361186981201,0.13305497169495
1561387174,0.0072379112243652,0.0050489902496338,0.1377809047699
1561387174,0.0075650215148926,0.005061149597168,0.13633894920349
1561387174,0.0075628757476807,0.0047969818115234,0.13415098190308
1561387174,0.0075318813323975,0.0059399604797363,0.15044403076172
1561387175,0.0073869228363037,0.0045211315155029,0.13318991661072
1561387175,0.0074100494384766,0.0056838989257812,0.13631296157837
1561387175,0.0077149868011475,0.0048530101776123,0.19320797920227
1561387175,0.0073599815368652,0.0048577785491943,0.13559484481812
1561387175,0.0068919658660889,0.0045590400695801,0.13887310028076
1561387175,0.0073552131652832,0.0048370361328125,0.13443684577942
1561387175,0.0071280002593994,0.0050928592681885,0.13192701339722
1561387176,0.0067920684814453,0.0049989223480225,0.13545799255371
1561387176,0.0071401596069336,0.004673957824707,0.13659620285034
1561387176,0.0070459842681885,0.0049221515655518,0.14554286003113
1561387176,0.007457971572876,0.0051329135894775,0.14464116096497
1561387176,0.0068731307983398,0.0054550170898438,0.14671993255615
1561387176,0.0073010921478271,0.0048420429229736,0.13181114196777
1561387177,0.0071539878845215,0.0056068897247314,0.13538813591003
1561387177,0.0070450305938721,0.0055038928985596,0.15397715568542
1561387177,0.0067069530487061,0.0044660568237305,0.13328719139099
1561387177,0.0077838897705078,0.0050041675567627,0.13816499710083
1561387177,0.0069868564605713,0.0046701431274414,0.14103102684021
1561387177,0.0068631172180176,0.0044190883636475,0.13714790344238
1561387177,0.0069019794464111,0.0051229000091553,0.13421392440796
1561387178,0.0069868564605713,0.0047628879547119,0.19659090042114
1561387178,0.0071430206298828,0.0051610469818115,0.13550496101379
1561387178,0.0075271129608154,0.0050849914550781,0.13651299476624
1561387178,0.0069468021392822,0.0044670104980469,0.14287805557251
1561387178,0.0078427791595459,0.0043849945068359,0.1483108997345
1561387178,0.0074448585510254,0.0049178600311279,0.13823103904724
1561387179,0.0070431232452393,0.0045309066772461,0.13704013824463
1561387179,0.0073380470275879,0.0049800872802734,0.16012001037598
1561387179,0.0076279640197754,0.0051891803741455,0.13464188575745
1561387179,0.00685715675354,0.0046789646148682,0.13604807853699
1561387179,0.006976842880249,0.0044338703155518,0.13416504859924
1561387179,0.0072381496429443,0.0055708885192871,0.19099307060242
1561387180,0.0075809955596924,0.0044960975646973,0.13317704200745
1561387180,0.0071890354156494,0.005814790725708,0.13393187522888
1561387180,0.0072920322418213,0.0049989223480225,0.13533115386963
1561387180,0.0070040225982666,0.004237174987793,0.14482307434082
1561387180,0.0070350170135498,0.0049901008605957,0.13156199455261
1561387180,0.0069198608398438,0.0046679973602295,0.13483285903931
1561387180,0.0075781345367432,0.0041511058807373,0.19293785095215
1561387181,0.007673978805542,0.0050277709960938,0.13400101661682
1561387181,0.0069150924682617,0.0043361186981201,0.13082408905029
1561387181,0.0067310333251953,0.0045042037963867,0.13127899169922
1561387181,0.0072088241577148,0.0049428939819336,0.17226696014404
1561387181,0.0079748630523682,0.0051448345184326,0.13327479362488
1561387181,0.0070719718933105,0.0047130584716797,0.13306307792664
1561387182,0.0070688724517822,0.0045821666717529,0.13541293144226
1561387182,0.0070700645446777,0.0048739910125732,0.13182282447815
1561387182,0.0072050094604492,0.0053291320800781,0.13426184654236
1561387182,0.0073230266571045,0.0049090385437012,0.13578414916992
1561387182,0.0068461894989014,0.0047109127044678,0.14050579071045
1561387182,0.0074388980865479,0.004647970199585,0.1308479309082
1561387182,0.0071020126342773,0.005547046661377,0.13280582427979
1561387183,0.0069200992584229,0.0054171085357666,0.13268303871155
1561387183,0.0068221092224121,0.0048019886016846,0.13377809524536
1561387183,0.0074989795684814,0.0051448345184326,0.1347188949585
1561387183,0.0073299407958984,0.0053970813751221,0.14120388031006
1561387183,0.0069489479064941,0.0049450397491455,0.13312697410583
1561387183,0.0068769454956055,0.0042541027069092,0.19316101074219
1561387183,0.0073871612548828,0.0047099590301514,0.13283801078796
1561387184,0.0073390007019043,0.0052280426025391,0.13505506515503
1561387184,0.0071630477905273,0.0041780471801758,0.13129019737244
1561387184,0.006756067276001,0.0053849220275879,0.13300395011902
1561387184,0.0074100494384766,0.0054898262023926,0.13538408279419
1561387184,0.0074069499969482,0.0048761367797852,0.13386106491089
1561387184,0.007706880569458,0.0048828125,0.13122916221619
1561387185,0.0073318481445312,0.0047481060028076,0.1380250453949
1561387185,0.0073251724243164,0.0042970180511475,0.13244891166687
1561387185,0.0071899890899658,0.0057220458984375,0.14416098594666
1561387185,0.0074789524078369,0.0048620700836182,0.1336989402771
1561387185,0.0072729587554932,0.0049588680267334,0.13586211204529
1561387185,0.0071310997009277,0.004918098449707,0.13654494285583
1561387185,0.0072059631347656,0.0055539608001709,0.13450789451599
1561387186,0.0078737735748291,0.0049099922180176,0.13352108001709
1561387186,0.0070960521697998,0.0043051242828369,0.13253998756409
1561387186,0.0071611404418945,0.0046448707580566,0.12998294830322
1561387186,0.006950855255127,0.0049889087677002,0.20194292068481
1561387186,0.0068838596343994,0.0042340755462646,0.13498878479004
1561387186,0.0066289901733398,0.0048809051513672,0.13208508491516
1561387186,0.0068230628967285,0.0044519901275635,0.13359999656677
1561387187,0.0069811344146729,0.0049169063568115,0.13916301727295
1561387187,0.0077910423278809,0.0041661262512207,0.13132095336914
1561387187,0.0065209865570068,0.0048830509185791,0.13213992118835
1561387187,0.0069231986999512,0.0045359134674072,0.13710498809814
1561387187,0.0077128410339355,0.0057640075683594,0.15368604660034
1561387187,0.0079348087310791,0.004755973815918,0.13074207305908
1561387188,0.0071709156036377,0.0047850608825684,0.13906812667847
1561387188,0.0076949596405029,0.0041048526763916,0.13168907165527
1561387188,0.0072009563446045,0.0058140754699707,0.15493106842041
1561387188,0.0070681571960449,0.0039880275726318,0.13325309753418
1561387188,0.0071039199829102,0.0054171085357666,0.13479495048523
1561387188,0.0073888301849365,0.0044898986816406,0.13257718086243
1561387188,0.0070979595184326,0.00478196144104,0.13341307640076
1561387189,0.0074381828308105,0.0053520202636719,0.13610196113586
1561387189,0.0071420669555664,0.0053610801696777,0.20058608055115
1561387189,0.0074141025543213,0.0048120021820068,0.13171005249023
1561387189,0.0067188739776611,0.0050911903381348,0.13746786117554
1561387189,0.007565975189209,0.0049629211425781,0.1319751739502
1561387189,0.007422924041748,0.0050919055938721,0.13440799713135
1561387190,0.0075979232788086,0.0054008960723877,0.24629306793213
1561387190,0.0076491832733154,0.0049328804016113,0.13303709030151
1561387190,0.0075650215148926,0.0043911933898926,0.13088989257812
1561387190,0.0070149898529053,0.0049970149993896,0.15079212188721
1561387190,0.0071289539337158,0.0048861503601074,0.13352799415588
1561387190,0.0077321529388428,0.0052270889282227,0.1337890625
1561387191,0.0074610710144043,0.0043530464172363,0.13310503959656
1561387191,0.0072579383850098,0.0052018165588379,0.14927196502686
1561387191,0.0076379776000977,0.0045311450958252,0.13446807861328
1561387191,0.0076639652252197,0.0053951740264893,0.15285301208496
1561387191,0.0075409412384033,0.0047998428344727,0.13422298431396
1561387191,0.0068950653076172,0.0048348903656006,0.13597416877747
1561387191,0.0073490142822266,0.0050110816955566,0.1336669921875
1561387192,0.0070970058441162,0.005277156829834,0.19754195213318
1561387192,0.0074348449707031,0.004605770111084,0.16875219345093
1561387192,0.0074179172515869,0.0050318241119385,0.13664722442627
1561387192,0.0078539848327637,0.0051660537719727,0.13902997970581
1561387192,0.0071899890899658,0.0049300193786621,0.13757491111755
1561387192,0.0069789886474609,0.0045509338378906,0.14010310173035
1561387193,0.0068440437316895,0.0051660537719727,0.15093398094177
1561387193,0.0066399574279785,0.004241943359375,0.13426494598389
1561387193,0.0068621635437012,0.0048878192901611,0.13418698310852
1561387193,0.0076460838317871,0.0054020881652832,0.14786100387573
1561387193,0.0067870616912842,0.0059399604797363,0.13538503646851
1561387193,0.007565975189209,0.0046970844268799,0.1318519115448
1561387194,0.0073478221893311,0.0046751499176025,0.13477206230164
1561387194,0.0073521137237549,0.0047738552093506,0.13313603401184
1561387194,0.0067720413208008,0.0042140483856201,0.13212704658508
1561387194,0.0070631504058838,0.0049619674682617,0.13275814056396
1561387194,0.0072472095489502,0.0045158863067627,0.13714122772217
1561387194,0.0074038505554199,0.0040798187255859,0.13392400741577
1561387194,0.0075600147247314,0.0053119659423828,0.13230586051941
1561387195,0.007011890411377,0.0046749114990234,0.19697403907776
1561387195,0.0075647830963135,0.0047729015350342,0.1367871761322
1561387195,0.0072650909423828,0.0042190551757812,0.13423705101013
1561387195,0.00655198097229,0.0054380893707275,0.14042782783508
1561387195,0.0070230960845947,0.0042610168457031,0.19884705543518
1561387195,0.0071229934692383,0.0045380592346191,0.13579297065735
1561387196,0.0067391395568848,0.0052189826965332,0.13605213165283
1561387196,0.0071589946746826,0.0056979656219482,0.13711309432983
1561387196,0.0076198577880859,0.005119800567627,0.13671684265137
1561387196,0.0070879459381104,0.0055069923400879,0.13408207893372
1561387196,0.0079090595245361,0.0055079460144043,0.13632702827454
1561387196,0.0071821212768555,0.0054490566253662,0.14038181304932
1561387196,0.0077040195465088,0.0048041343688965,0.13357305526733
1561387197,0.0074009895324707,0.0051109790802002,0.13546204566956
1561387197,0.0072131156921387,0.0050630569458008,0.13691210746765
1561387197,0.0073850154876709,0.0049951076507568,0.13743495941162
1561387197,0.006976842880249,0.0049929618835449,0.13573789596558
1561387197,0.0070481300354004,0.0042650699615479,0.14580392837524
1561387197,0.0076868534088135,0.004127025604248,0.19106292724609
1561387198,0.0068519115447998,0.0044748783111572,0.13424897193909
1561387198,0.0072071552276611,0.004539966583252,0.13310503959656
1561387198,0.0076148509979248,0.005612850189209,0.13525104522705
1561387198,0.0066978931427002,0.0042178630828857,0.13441610336304
1561387198,0.0077590942382812,0.0049290657043457,0.13633012771606
1561387198,0.0071101188659668,0.0043570995330811,0.1322329044342
1561387198,0.0069379806518555,0.0045201778411865,0.13095188140869
1561387199,0.0072109699249268,0.0043079853057861,0.13663387298584
1561387199,0.006878137588501,0.0045020580291748,0.13475489616394
1561387199,0.0073590278625488,0.0040750503540039,0.13357305526733
1561387199,0.0070469379425049,0.0049600601196289,0.13484406471252
1561387199,0.0077362060546875,0.0044810771942139,0.1360559463501
1561387199,0.0074610710144043,0.0045828819274902,0.13629913330078
1561387199,0.0075671672821045,0.0044219493865967,0.13474416732788
1561387200,0.0066990852355957,0.0045068264007568,0.13750791549683
1561387200,0.007174015045166,0.0042951107025146,0.21255493164062
1561387200,0.0074210166931152,0.0048391819000244,0.13219380378723
1561387200,0.0073120594024658,0.0044100284576416,0.19695496559143
1561387200,0.0074918270111084,0.0054340362548828,0.13395595550537
1561387201,0.0067501068115234,0.0052180290222168,0.1489109992981
1561387201,0.0075221061706543,0.0049359798431396,0.13038778305054
1561387201,0.0072450637817383,0.0052690505981445,0.14973306655884
1561387201,0.0070478916168213,0.0051891803741455,0.13909292221069
1561387201,0.0075230598449707,0.0048677921295166,0.15311598777771
1561387201,0.0069739818572998,0.0047111511230469,0.14926600456238
1561387201,0.0074670314788818,0.00484299659729,0.17287802696228
1561387202,0.0073249340057373,0.0053000450134277,0.13462686538696
1561387202,0.007296085357666,0.0048680305480957,0.14926099777222
1561387202,0.0070140361785889,0.0051300525665283,0.13517618179321
1561387202,0.0074398517608643,0.0052139759063721,0.1341450214386
1561387202,0.0073411464691162,0.0050349235534668,0.13359403610229
1561387202,0.0069468021392822,0.0049769878387451,0.14960598945618
1561387203,0.0067689418792725,0.0051708221435547,0.15227222442627
1561387203,0.007112979888916,0.0046980381011963,0.13561987876892
1561387203,0.0074448585510254,0.0056998729705811,0.13354706764221
1561387203,0.0078539848327637,0.0043540000915527,0.19871687889099
1561387203,0.0069539546966553,0.0043749809265137,0.15330696105957
1561387203,0.007655143737793,0.0051689147949219,0.14941477775574
1561387204,0.0070319175720215,0.0053310394287109,0.14666604995728
1561387204,0.0069091320037842,0.0051870346069336,0.14930891990662
1561387204,0.007673978805542,0.0043420791625977,0.14996480941772
1561387204,0.0074210166931152,0.0040509700775146,0.13170695304871
1561387204,0.007641077041626,0.0059380531311035,0.13657903671265
1561387204,0.0075459480285645,0.0052340030670166,0.13720297813416
1561387204,0.0070497989654541,0.0051548480987549,0.15034508705139
1561387205,0.0075418949127197,0.00453782081604,0.13394021987915
1561387205,0.0074920654296875,0.0051670074462891,0.13290905952454
1561387205,0.0075628757476807,0.0045580863952637,0.13145303726196
1561387205,0.0075819492340088,0.005443811416626,0.15589284896851
1561387205,0.0078508853912354,0.0052821636199951,0.13314604759216
1561387205,0.0077199935913086,0.0051908493041992,0.13379597663879
1561387206,0.0076141357421875,0.0042068958282471,0.14852499961853
1561387206,0.0068058967590332,0.004284143447876,0.2078959941864
1561387206,0.006943941116333,0.004486083984375,0.13147401809692
1561387206,0.0071110725402832,0.0052380561828613,0.20775389671326
1561387206,0.0078740119934082,0.0052878856658936,0.14681506156921
1561387206,0.0073680877685547,0.0049610137939453,0.14836502075195
1561387207,0.0071148872375488,0.00484299659729,0.13464903831482
1561387207,0.0074231624603271,0.005497932434082,0.13487100601196
1561387207,0.0075609683990479,0.004857063293457,0.13450503349304
1561387207,0.0065200328826904,0.0047800540924072,0.13221001625061
1561387207,0.0074748992919922,0.0051250457763672,0.13530993461609
1561387207,0.0072941780090332,0.0043680667877197,0.16762900352478
1561387208,0.0071630477905273,0.0043699741363525,0.13151097297668
1561387208,0.0070650577545166,0.0052750110626221,0.15137004852295
1561387208,0.0068578720092773,0.0044748783111572,0.13346815109253
1561387208,0.0074901580810547,0.0056369304656982,0.13122510910034
1561387208,0.0067880153656006,0.0050489902496338,0.14690279960632
1561387208,0.0075829029083252,0.005295991897583,0.13410305976868
1561387208,0.0078539848327637,0.0054559707641602,0.15256905555725
1561387209,0.007328987121582,0.005256175994873,0.14888405799866
1561387209,0.0074319839477539,0.0050950050354004,0.14145612716675
1561387209,0.0075759887695312,0.0048680305480957,0.19384002685547
1561387209,0.0069789886474609,0.0051062107086182,0.15848898887634
1561387209,0.0077760219573975,0.0054750442504883,0.16676497459412
1561387209,0.0077149868011475,0.0052688121795654,0.14349603652954
1561387210,0.006680965423584,0.0052628517150879,0.16134905815125
1561387210,0.0078511238098145,0.0055561065673828,0.13695907592773
1561387210,0.0075478553771973,0.0060381889343262,0.15485692024231
1561387210,0.0070898532867432,0.0048391819000244,0.14189696311951
1561387210,0.0074729919433594,0.0059108734130859,0.15144109725952
1561387210,0.0070850849151611,0.0052089691162109,0.12896704673767
1561387211,0.0069379806518555,0.0052990913391113,0.13398814201355
1561387211,0.0067739486694336,0.00478196144104,0.14182615280151
1561387211,0.0066549777984619,0.0048189163208008,0.13371109962463
1561387211,0.0071060657501221,0.0050938129425049,0.1332688331604
1561387211,0.0074770450592041,0.0057849884033203,0.13696599006653
1561387211,0.0073649883270264,0.0049479007720947,0.13433003425598
1561387212,0.0071618556976318,0.0045938491821289,0.20135998725891
1561387212,0.0074000358581543,0.0055000782012939,0.13086700439453
1561387212,0.0071878433227539,0.0055332183837891,0.12988591194153
1561387212,0.0069589614868164,0.0044829845428467,0.20148396492004
1561387212,0.0076010227203369,0.0060529708862305,0.14136791229248
1561387212,0.0072541236877441,0.0044000148773193,0.13069581985474
1561387212,0.0072329044342041,0.0052268505096436,0.13277006149292
1561387213,0.0067460536956787,0.0051360130310059,0.13066816329956
1561387213,0.0074341297149658,0.0049629211425781,0.12979412078857
1561387213,0.0074710845947266,0.0053110122680664,0.14460706710815
1561387213,0.0071811676025391,0.0045559406280518,0.13704204559326
1561387213,0.0068509578704834,0.0042071342468262,0.14848589897156
1561387213,0.0074899196624756,0.0046288967132568,0.13033103942871
1561387214,0.0073521137237549,0.004863977432251,0.12883901596069
1561387214,0.0068879127502441,0.0055351257324219,0.13067388534546
1561387214,0.0069761276245117,0.0044670104980469,0.13738203048706
1561387214,0.0075280666351318,0.0050020217895508,0.13168597221375
1561387214,0.0069248676300049,0.0048820972442627,0.1416130065918
1561387214,0.0075151920318604,0.0056090354919434,0.15171384811401
1561387214,0.0053520202636719,0.0032989978790283,0.10186290740967
1561387214,0.0031800270080566,0.002424955368042,0.070525884628296
1561387215,0.0082449913024902,0.0055751800537109,0.15810585021973
1561387215,0.0081279277801514,0.0049970149993896,0.20305705070496
1561387215,0.0087709426879883,0.0054538249969482,0.15468096733093
1561387215,0.0013320446014404,0.00030899047851562,0.012250900268555
1561387215,0.0033879280090332,0.0024600028991699,0.063386917114258
1561387215,0.00095200538635254,0.00017595291137695,0.0079078674316406
1561387215,0.001035213470459,0.00067901611328125,0.019212007522583
1561387215,0.0077910423278809,0.0056171417236328,0.14063405990601
1561387215,0.0070090293884277,0.0049948692321777,0.12182807922363
1561387216,0.006472110748291,0.0043039321899414,0.12546682357788
1561387216,0.0072062015533447,0.005342960357666,0.12416815757751
1561387216,0.0069139003753662,0.0049471855163574,0.13407182693481
1561387216,0.0068869590759277,0.0047030448913574,0.12518215179443
1561387216,0.0065159797668457,0.0051209926605225,0.12573385238647
1561387216,0.0065920352935791,0.0044980049133301,0.12772512435913
1561387216,0.007206916809082,0.005047082901001,0.12521195411682
1561387217,0.0069100856781006,0.0053808689117432,0.12573099136353
1561387217,0.0064859390258789,0.0044510364532471,0.12050795555115
1561387217,0.0066449642181396,0.0042519569396973,0.118980884552
1561387217,0.0066049098968506,0.005047082901001,0.12537002563477
1561387217,0.0066459178924561,0.0041670799255371,0.12429785728455
1561387217,0.0065698623657227,0.0053811073303223,0.14235711097717
1561387217,0.0069808959960938,0.0042960643768311,0.12202906608582
1561387218,0.006904125213623,0.0053560733795166,0.12929201126099
1561387218,0.0070390701293945,0.0049159526824951,0.18671417236328
1561387218,0.0062618255615234,0.0051589012145996,0.12649297714233
1561387218,0.0071201324462891,0.0053699016571045,0.12566709518433
1561387218,0.0068240165710449,0.005012035369873,0.12860298156738
1561387218,0.0071508884429932,0.0046741962432861,0.12772178649902
1561387218,0.0065171718597412,0.0049970149993896,0.12864899635315
1561387219,0.0063199996948242,0.0046811103820801,0.12523698806763
1561387219,0.0069489479064941,0.0047190189361572,0.12767195701599
1561387219,0.0068678855895996,0.0046818256378174,0.14032101631165
1561387219,0.0073189735412598,0.0052940845489502,0.13958287239075
1561387219,0.0064351558685303,0.0051920413970947,0.24223589897156
1561387219,0.0070230960845947,0.0039539337158203,0.1374351978302
1561387220,0.0067529678344727,0.0044770240783691,0.13911700248718
1561387220,0.0069749355316162,0.004439115524292,0.1462070941925
1561387220,0.0070538520812988,0.0042660236358643,0.13945388793945
1561387220,0.0086441040039062,0.005652904510498,0.15807414054871
1561387220,0.0082821846008301,0.0063660144805908,0.16516900062561
1561387220,0.0011298656463623,0.00069499015808105,0.022195100784302
1561387220,0.0053889751434326,0.0037739276885986,0.10325193405151
1561387221,0.009645938873291,0.0069122314453125,0.26077103614807
1561387221,0.011008024215698,0.0075740814208984,0.19297695159912
1561387221,0.0078861713409424,0.0060250759124756,0.15361595153809
1561387221,0.0072851181030273,0.0049779415130615,0.13130378723145
1561387221,0.0069830417633057,0.0053470134735107,0.14189696311951
1561387221,0.0072021484375,0.0046229362487793,0.13673615455627
1561387222,0.0069961547851562,0.0047910213470459,0.12880396842957
1561387222,0.0073518753051758,0.0052721500396729,0.13218998908997
1561387222,0.0062439441680908,0.0050427913665771,0.13287782669067
1561387222,0.007044792175293,0.004835844039917,0.1346480846405
1561387222,0.0072281360626221,0.0048589706420898,0.1363959312439
1561387222,0.0072901248931885,0.0054938793182373,0.13481211662292
1561387222,0.0067710876464844,0.004925012588501,0.14855408668518
1561387223,0.0073850154876709,0.0056190490722656,0.16037011146545
1561387223,0.0062060356140137,0.0040230751037598,0.12870693206787
1561387223,0.00679612159729,0.0044200420379639,0.13197088241577
1561387223,0.0069179534912109,0.0049929618835449,0.14277386665344
1561387223,0.0072290897369385,0.0041019916534424,0.13468098640442
1561387223,0.0063979625701904,0.0041191577911377,0.19270801544189
1561387224,0.0062110424041748,0.0044620037078857,0.13528609275818
1561387224,0.0062401294708252,0.004425048828125,0.13281202316284
1561387224,0.0068399906158447,0.0041539669036865,0.13153409957886
1561387224,0.0069830417633057,0.0043411254882812,0.13288283348083
1561387224,0.0063178539276123,0.0047528743743896,0.13130784034729
1561387224,0.0064799785614014,0.0045340061187744,0.13993000984192
1561387224,0.0067100524902344,0.0038881301879883,0.14140605926514
1561387225,0.006432056427002,0.0043408870697021,0.14372110366821
1561387225,0.0066759586334229,0.0041830539703369,0.12863302230835
1561387225,0.0066308975219727,0.0041389465332031,0.12826108932495
1561387225,0.0060610771179199,0.0041649341583252,0.1282958984375
1561387225,0.0067400932312012,0.0043020248413086,0.14174509048462
1561387225,0.00689697265625,0.0040559768676758,0.12932896614075
1561387225,0.006727933883667,0.0044679641723633,0.12934184074402
1561387226,0.0066628456115723,0.0043327808380127,0.13080382347107
1561387226,0.0063591003417969,0.0046570301055908,0.13299107551575
1561387226,0.0068669319152832,0.0041990280151367,0.12625002861023
1561387226,0.0066101551055908,0.0043981075286865,0.20233297348022
1561387226,0.006972074508667,0.0047221183776855,0.13480687141418
1561387226,0.0063440799713135,0.0041940212249756,0.13003301620483
1561387227,0.0068750381469727,0.0039470195770264,0.13131809234619
1561387227,0.0065340995788574,0.004115104675293,0.14800095558167
1561387227,0.0069580078125,0.0044300556182861,0.12191104888916
1561387227,0.0064959526062012,0.004857063293457,0.12911891937256
1561387227,0.0072500705718994,0.0048840045928955,0.22578501701355
1561387227,0.0097270011901855,0.006181001663208,0.20216202735901
1561387228,0.01009202003479,0.0063447952270508,0.21366691589355
1561387228,0.010320901870728,0.0070869922637939,0.2099289894104
1561387228,0.0096340179443359,0.0068719387054443,0.19965696334839
1561387228,0.010372161865234,0.0066690444946289,0.21338391304016
1561387229,0.010448932647705,0.0070300102233887,0.21037101745605
1561387229,0.010427951812744,0.0073180198669434,0.21333408355713
1561387229,0.010133028030396,0.0069379806518555,0.26882791519165
1561387229,0.010486125946045,0.0070230960845947,0.2088029384613
1561387230,0.010564804077148,0.0070669651031494,0.21031999588013
1561387230,0.0095741748809814,0.0065281391143799,0.19312405586243
1561387230,0.0079507827758789,0.0051419734954834,0.15241098403931
1561387230,0.0072410106658936,0.0047290325164795,0.17915511131287
1561387230,0.0070590972900391,0.0046219825744629,0.13792181015015
1561387230,0.0072789192199707,0.0048661231994629,0.13708996772766
1561387231,0.0072588920593262,0.0043509006500244,0.13568496704102
1561387231,0.0070271492004395,0.0044589042663574,0.14325499534607
1561387231,0.0074551105499268,0.0048980712890625,0.1425609588623
1561387231,0.0072479248046875,0.0048911571502686,0.1379029750824
1561387231,0.0070919990539551,0.0042929649353027,0.1342658996582
1561387231,0.006566047668457,0.0045680999755859,0.13510012626648
1561387231,0.007598876953125,0.0049910545349121,0.14022898674011
1561387232,0.0063619613647461,0.0043079853057861,0.13062691688538
1561387232,0.0066869258880615,0.0042729377746582,0.13214302062988
1561387232,0.0072109699249268,0.0048308372497559,0.13020300865173
1561387232,0.0062251091003418,0.0043830871582031,0.18347811698914
1561387232,0.0067679882049561,0.0038521289825439,0.12502789497375
1561387232,0.0067830085754395,0.0045950412750244,0.12948203086853
1561387233,0.0063390731811523,0.004533052444458,0.1286940574646
1561387233,0.0065560340881348,0.0043468475341797,0.13561105728149
1561387233,0.0065979957580566,0.0048849582672119,0.13266897201538
1561387233,0.0071220397949219,0.0042221546173096,0.1441068649292
1561387233,0.0067348480224609,0.0049009323120117,0.13537287712097
1561387233,0.0068700313568115,0.0043981075286865,0.12916398048401
1561387233,0.0070838928222656,0.0046291351318359,0.1334080696106
1561387234,0.0070359706878662,0.0040719509124756,0.12691402435303
1561387234,0.0066959857940674,0.0047049522399902,0.13878297805786
1561387234,0.0068738460540771,0.004525899887085,0.13342499732971
1561387234,0.0066430568695068,0.0043671131134033,0.13337707519531
1561387234,0.0068349838256836,0.0043010711669922,0.13811993598938
