timestamp,batchTime,transformTime,bulkTime
1561387028,0.0057110786437988,0.0036170482635498,0.088785886764526
1561387028,0.0053789615631104,0.003838062286377,0.096498966217041
1561387028,0.0054910182952881,0.0033581256866455,0.076344966888428
1561387029,0.0045289993286133,0.0031781196594238,0.081031799316406
1561387029,0.004957914352417,0.0032131671905518,0.088547945022583
1561387029,0.004241943359375,0.0034458637237549,0.09127402305603
1561387029,0.0046248435974121,0.0032691955566406,0.082600831985474
1561387029,0.0049519538879395,0.0036218166351318,0.083808898925781
1561387029,0.004831075668335,0.0031709671020508,0.084762096405029
1561387029,0.0048670768737793,0.0031929016113281,0.080986976623535
1561387029,0.0054810047149658,0.0034451484680176,0.091653108596802
1561387029,0.0050220489501953,0.0030879974365234,0.084553003311157
1561387029,0.0046570301055908,0.0028882026672363,0.084583044052124
1561387029,0.0044810771942139,0.0035171508789062,0.07916784286499
1561387030,0.0043680667877197,0.0032970905303955,0.08986496925354
1561387030,0.0048151016235352,0.0034708976745605,0.092477798461914
1561387030,0.0047531127929688,0.0029129981994629,0.093492031097412
1561387030,0.0042300224304199,0.0035560131072998,0.088563919067383
1561387030,0.0050170421600342,0.0030999183654785,0.091746807098389
1561387030,0.0047869682312012,0.0032200813293457,0.089282035827637
1561387030,0.0052938461303711,0.0030028820037842,0.15225100517273
1561387030,0.0052859783172607,0.0035409927368164,0.086519956588745
1561387030,0.0047640800476074,0.0034351348876953,0.08046293258667
1561387030,0.0048739910125732,0.0030970573425293,0.089198112487793
1561387031,0.0048079490661621,0.0031239986419678,0.088250875473022
1561387031,0.004939079284668,0.0033218860626221,0.082169055938721
1561387031,0.0047979354858398,0.0030269622802734,0.088572025299072
1561387031,0.0050652027130127,0.0032858848571777,0.088994979858398
1561387031,0.0050840377807617,0.0034561157226562,0.088347911834717
1561387031,0.0052230358123779,0.0031561851501465,0.088284969329834
1561387031,0.0047650337219238,0.0032610893249512,0.091993093490601
1561387031,0.0045030117034912,0.0034019947052002,0.092422008514404
1561387031,0.0056281089782715,0.0035049915313721,0.089184999465942
1561387031,0.0047800540924072,0.0035109519958496,0.085195064544678
1561387032,0.0049159526824951,0.0033299922943115,0.089156150817871
1561387032,0.0050101280212402,0.0033869743347168,0.084829807281494
1561387032,0.0047287940979004,0.0032269954681396,0.090719938278198
1561387032,0.0046238899230957,0.003093957901001,0.094314098358154
1561387032,0.0045969486236572,0.003242015838623,0.093919038772583
1561387032,0.0044307708740234,0.0035309791564941,0.092441082000732
1561387032,0.0044450759887695,0.0032739639282227,0.091809034347534
1561387032,0.0046439170837402,0.0031290054321289,0.092198133468628
1561387032,0.0054099559783936,0.0034980773925781,0.090726137161255
1561387032,0.0044350624084473,0.0034558773040771,0.0936119556427
1561387033,0.0051188468933105,0.0029091835021973,0.093374967575073
1561387033,0.0049738883972168,0.0034019947052002,0.091895818710327
1561387033,0.0048520565032959,0.0028870105743408,0.093530178070068
1561387033,0.0053441524505615,0.0035130977630615,0.088932991027832
1561387033,0.0047659873962402,0.002748966217041,0.082909107208252
1561387033,0.0048620700836182,0.0035579204559326,0.14728403091431
1561387033,0.0051910877227783,0.0027379989624023,0.080905199050903
1561387033,0.0047469139099121,0.0030181407928467,0.090021848678589
1561387033,0.0047430992126465,0.00347900390625,0.15206503868103
1561387034,0.0045740604400635,0.0026910305023193,0.080580949783325
1561387034,0.0043230056762695,0.002540111541748,0.081884860992432
1561387034,0.0044529438018799,0.0026531219482422,0.08379602432251
1561387034,0.0041561126708984,0.0030930042266846,0.081567049026489
1561387034,0.0048019886016846,0.0032470226287842,0.090198040008545
1561387034,0.0046231746673584,0.0026869773864746,0.082041025161743
1561387034,0.0045850276947021,0.0026671886444092,0.082576036453247
1561387034,0.004810094833374,0.0025651454925537,0.087576866149902
1561387034,0.0043570995330811,0.0031039714813232,0.099956035614014
1561387034,0.0042881965637207,0.0025529861450195,0.07921290397644
1561387034,0.0049870014190674,0.002824068069458,0.082602024078369
1561387035,0.0047731399536133,0.0026018619537354,0.082931041717529
1561387035,0.0045530796051025,0.0029778480529785,0.080828189849854
1561387035,0.0047070980072021,0.0026929378509521,0.084875106811523
1561387035,0.0041019916534424,0.0026800632476807,0.089929819107056
1561387035,0.0050020217895508,0.0028700828552246,0.080471992492676
1561387035,0.0048158168792725,0.002863883972168,0.086575031280518
1561387035,0.0042319297790527,0.0026760101318359,0.096126079559326
1561387035,0.0045468807220459,0.0033140182495117,0.11009192466736
1561387035,0.0047581195831299,0.0027608871459961,0.080726146697998
1561387035,0.004845142364502,0.0031991004943848,0.081541061401367
1561387036,0.0041630268096924,0.0027580261230469,0.081351041793823
1561387036,0.0043981075286865,0.0030210018157959,0.082118034362793
1561387036,0.0046300888061523,0.0026979446411133,0.081456184387207
1561387036,0.0045499801635742,0.0029211044311523,0.14509391784668
1561387036,0.0041840076446533,0.0029909610748291,0.084859848022461
1561387036,0.0045700073242188,0.0030410289764404,0.082379102706909
1561387036,0.004892110824585,0.0032010078430176,0.084990978240967
1561387036,0.0046868324279785,0.0026919841766357,0.087722063064575
1561387036,0.0044679641723633,0.0030241012573242,0.085093021392822
1561387036,0.0044429302215576,0.0028910636901855,0.085660934448242
1561387037,0.0046510696411133,0.0029780864715576,0.095808029174805
1561387037,0.004472017288208,0.0033431053161621,0.081441879272461
1561387037,0.0044591426849365,0.0028469562530518,0.08329701423645
1561387037,0.0047779083251953,0.00325608253479,0.096142053604126
1561387037,0.0051419734954834,0.0028989315032959,0.095864057540894
1561387037,0.0041491985321045,0.0031888484954834,0.094413995742798
1561387037,0.0050179958343506,0.0032200813293457,0.086293935775757
1561387037,0.0050530433654785,0.0034339427947998,0.087404012680054
1561387037,0.0051441192626953,0.002673864364624,0.083841800689697
1561387037,0.0048320293426514,0.0029170513153076,0.086025953292847
1561387037,0.0047221183776855,0.0025839805603027,0.090560913085938
1561387038,0.0050818920135498,0.0037269592285156,0.10093784332275
1561387038,0.0048708915710449,0.0032060146331787,0.096078872680664
1561387038,0.0050280094146729,0.0034341812133789,0.098838806152344
1561387038,0.0047650337219238,0.0029900074005127,0.095638990402222
1561387038,0.00494384765625,0.0031788349151611,0.095333099365234
1561387038,0.0049209594726562,0.003119945526123,0.10628890991211
1561387038,0.0042932033538818,0.0033609867095947,0.092106103897095
1561387038,0.0044169425964355,0.003216028213501,0.090703964233398
1561387038,0.0043990612030029,0.0033700466156006,0.084934949874878
1561387038,0.0052840709686279,0.0027210712432861,0.083571910858154
1561387039,0.0045981407165527,0.002816915512085,0.087161064147949
1561387039,0.004688024520874,0.0030958652496338,0.16259384155273
1561387039,0.0049099922180176,0.003760814666748,0.086718082427979
1561387039,0.0048818588256836,0.0025861263275146,0.083105087280273
1561387039,0.0043871402740479,0.0029609203338623,0.083733081817627
1561387039,0.0043900012969971,0.0028219223022461,0.11062002182007
1561387039,0.0048689842224121,0.002964973449707,0.099453926086426
1561387039,0.0053689479827881,0.0033571720123291,0.095094919204712
1561387039,0.0046501159667969,0.0035989284515381,0.093333959579468
1561387040,0.0046179294586182,0.0031001567840576,0.09517502784729
1561387040,0.0049350261688232,0.0026459693908691,0.083697080612183
1561387040,0.004951000213623,0.0027868747711182,0.098482131958008
1561387040,0.0056569576263428,0.0032157897949219,0.085358858108521
1561387040,0.0044691562652588,0.0026240348815918,0.084733963012695
1561387040,0.0044100284576416,0.0029048919677734,0.0903000831604
1561387040,0.0045058727264404,0.0028340816497803,0.084084987640381
1561387040,0.0040349960327148,0.0029721260070801,0.093792915344238
1561387040,0.0044829845428467,0.0030238628387451,0.11786913871765
1561387040,0.0050477981567383,0.0029017925262451,0.087569952011108
1561387041,0.0045688152313232,0.0030601024627686,0.084012985229492
1561387041,0.0042698383331299,0.0029339790344238,0.085803985595703
1561387041,0.0045101642608643,0.0025930404663086,0.090484857559204
1561387041,0.0048549175262451,0.0032129287719727,0.097182989120483
1561387041,0.0044159889221191,0.0033440589904785,0.088561058044434
1561387041,0.0044319629669189,0.002687931060791,0.084258079528809
1561387041,0.0042901039123535,0.0025780200958252,0.090980052947998
1561387041,0.0045421123504639,0.0032570362091064,0.095599889755249
1561387041,0.0049130916595459,0.0034840106964111,0.09565806388855
1561387041,0.0050230026245117,0.0032129287719727,0.096062183380127
1561387042,0.0044300556182861,0.0029270648956299,0.1600170135498
1561387042,0.0048048496246338,0.0026600360870361,0.085839986801147
1561387042,0.004666805267334,0.0028560161590576,0.08512806892395
1561387042,0.0046768188476562,0.0029058456420898,0.083901166915894
1561387042,0.0048279762268066,0.0030980110168457,0.093755006790161
1561387042,0.0045120716094971,0.0032100677490234,0.095715999603271
1561387042,0.00453782081604,0.0033438205718994,0.095144033432007
1561387042,0.0050239562988281,0.0033438205718994,0.097801208496094
1561387042,0.0046260356903076,0.0033199787139893,0.088224172592163
1561387043,0.0043540000915527,0.0030369758605957,0.083958148956299
1561387043,0.0043401718139648,0.0025498867034912,0.085467100143433
1561387043,0.0042839050292969,0.002910852432251,0.083783149719238
1561387043,0.0054111480712891,0.0029311180114746,0.092023849487305
1561387043,0.0053961277008057,0.0028450489044189,0.085536003112793
1561387043,0.004364013671875,0.0026659965515137,0.091398000717163
1561387043,0.0045061111450195,0.002673864364624,0.083832979202271
1561387043,0.0048849582672119,0.0031120777130127,0.086327075958252
1561387043,0.0041811466217041,0.0031890869140625,0.090986967086792
1561387043,0.0050389766693115,0.0030360221862793,0.094829082489014
1561387043,0.0053579807281494,0.0030560493469238,0.098515033721924
1561387044,0.0046319961547852,0.002993106842041,0.10233402252197
1561387044,0.0044131278991699,0.0030539035797119,0.083598136901855
1561387044,0.0047769546508789,0.0026469230651855,0.085610866546631
1561387044,0.0048861503601074,0.0026798248291016,0.086787939071655
1561387044,0.0044469833374023,0.0029928684234619,0.09393310546875
1561387044,0.0049929618835449,0.0031430721282959,0.10200309753418
1561387044,0.005126953125,0.0031259059906006,0.087893962860107
1561387044,0.0042579174041748,0.0032868385314941,0.090591907501221
1561387044,0.0046610832214355,0.0034451484680176,0.084782838821411
1561387045,0.0044088363647461,0.0030810832977295,0.15739417076111
1561387045,0.0050079822540283,0.0031211376190186,0.089823961257935
1561387045,0.0047371387481689,0.0030479431152344,0.085405111312866
1561387045,0.0047509670257568,0.0030341148376465,0.093824863433838
1561387045,0.0042510032653809,0.0033950805664062,0.095005989074707
1561387045,0.0051770210266113,0.0029020309448242,0.085834980010986
1561387045,0.0047268867492676,0.0030608177185059,0.086979866027832
1561387045,0.0049760341644287,0.0028598308563232,0.087438106536865
1561387045,0.0044028759002686,0.0028951168060303,0.085796117782593
1561387045,0.0049400329589844,0.0028870105743408,0.083983898162842
1561387046,0.0046370029449463,0.0027401447296143,0.088323831558228
1561387046,0.0044081211090088,0.0031659603118896,0.08566689491272
1561387046,0.0048060417175293,0.0031511783599854,0.083812952041626
1561387046,0.0047848224639893,0.0027408599853516,0.087402105331421
1561387046,0.0050570964813232,0.003230094909668,0.089570045471191
1561387046,0.0044918060302734,0.0026137828826904,0.088978052139282
1561387046,0.0044121742248535,0.0026719570159912,0.08398699760437
1561387046,0.0047001838684082,0.0026290416717529,0.096410989761353
1561387046,0.0040278434753418,0.0030851364135742,0.086264133453369
1561387046,0.0046408176422119,0.0026299953460693,0.085774898529053
1561387046,0.0040760040283203,0.00307297706604,0.082812070846558
1561387047,0.0044138431549072,0.0028901100158691,0.085768938064575
1561387047,0.0045020580291748,0.0031051635742188,0.085758924484253
1561387047,0.0047421455383301,0.0025789737701416,0.086860179901123
1561387047,0.0045890808105469,0.0032188892364502,0.087664127349854
1561387047,0.0049309730529785,0.0025858879089355,0.083958864212036
1561387047,0.0044991970062256,0.0027399063110352,0.087749004364014
1561387047,0.0059540271759033,0.0028879642486572,0.093093156814575
1561387047,0.0049490928649902,0.0031039714813232,0.098901033401489
1561387047,0.0053319931030273,0.0031781196594238,0.16177201271057
1561387047,0.0048198699951172,0.0033671855926514,0.085799932479858
1561387048,0.0048859119415283,0.0028369426727295,0.087621212005615
1561387048,0.0042331218719482,0.0029299259185791,0.085849046707153
1561387048,0.0047469139099121,0.0029659271240234,0.093148946762085
1561387048,0.0049879550933838,0.0034658908843994,0.098640918731689
1561387048,0.0048081874847412,0.0029499530792236,0.096951961517334
1561387048,0.004518985748291,0.0033869743347168,0.095883131027222
1561387048,0.0050039291381836,0.0030088424682617,0.090968132019043
1561387048,0.0050039291381836,0.0034260749816895,0.093553066253662
1561387048,0.0046708583831787,0.0027098655700684,0.10068798065186
1561387049,0.0048930644989014,0.0027849674224854,0.087159872055054
1561387049,0.0041689872741699,0.0027079582214355,0.089815139770508
1561387049,0.0047898292541504,0.0032308101654053,0.098462820053101
1561387049,0.0053379535675049,0.0030760765075684,0.098269939422607
1561387049,0.0042319297790527,0.0041000843048096,0.098209142684937
1561387049,0.0045850276947021,0.0026330947875977,0.090576887130737
1561387049,0.0046849250793457,0.0028541088104248,0.097481966018677
1561387049,0.0043191909790039,0.0030899047851562,0.086899995803833
1561387049,0.0057940483093262,0.0035839080810547,0.099831104278564
1561387049,0.0047049522399902,0.0028979778289795,0.08513617515564
1561387050,0.0041470527648926,0.002716064453125,0.08419394493103
1561387050,0.0043740272521973,0.0028340816497803,0.084012985229492
1561387050,0.004241943359375,0.0029909610748291,0.085004091262817
1561387050,0.0050058364868164,0.003061056137085,0.15407514572144
1561387050,0.005012035369873,0.0027048587799072,0.085971117019653
1561387050,0.0043461322784424,0.0026180744171143,0.084884881973267
1561387050,0.0042870044708252,0.0029709339141846,0.090254068374634
1561387050,0.0042109489440918,0.002938985824585,0.087425947189331
1561387050,0.0048770904541016,0.003281831741333,0.16493701934814
1561387051,0.0047831535339355,0.0028300285339355,0.083107948303223
1561387051,0.0044879913330078,0.002871036529541,0.086119890213013
1561387051,0.0046210289001465,0.003148078918457,0.087255001068115
1561387051,0.0041201114654541,0.0031399726867676,0.087960004806519
1561387051,0.0053060054779053,0.0029251575469971,0.088907957077026
1561387051,0.004457950592041,0.0033760070800781,0.088219165802002
1561387051,0.0045089721679688,0.0027680397033691,0.086085081100464
1561387051,0.0049221515655518,0.0037429332733154,0.087023973464966
1561387051,0.0049419403076172,0.0031960010528564,0.090015888214111
1561387051,0.0043540000915527,0.0028679370880127,0.089003801345825
1561387051,0.0054428577423096,0.0027902126312256,0.099446058273315
1561387052,0.0042569637298584,0.0035421848297119,0.087714910507202
1561387052,0.0050969123840332,0.0032141208648682,0.086917877197266
1561387052,0.0046110153198242,0.0032970905303955,0.085773944854736
1561387052,0.0051200389862061,0.0026521682739258,0.089750051498413
1561387052,0.0048229694366455,0.0029959678649902,0.086619138717651
1561387052,0.0045361518859863,0.0029768943786621,0.087380886077881
1561387052,0.004831075668335,0.0028111934661865,0.090661764144897
1561387052,0.0048489570617676,0.0032668113708496,0.099123001098633
1561387052,0.0047509670257568,0.0034520626068115,0.090582847595215
1561387052,0.0045170783996582,0.0032339096069336,0.10118913650513
1561387053,0.0050489902496338,0.0037050247192383,0.093212127685547
1561387053,0.0050499439239502,0.0033459663391113,0.092790842056274
1561387053,0.0046920776367188,0.0031490325927734,0.08608603477478
1561387053,0.0050480365753174,0.0033669471740723,0.13014507293701
1561387053,0.0047287940979004,0.0029239654541016,0.097455978393555
1561387053,0.0045440196990967,0.0031099319458008,0.090973854064941
1561387053,0.0044729709625244,0.0035698413848877,0.098968029022217
1561387053,0.0050230026245117,0.003032922744751,0.15179800987244
1561387053,0.0047099590301514,0.0033299922943115,0.088294982910156
1561387054,0.0049221515655518,0.0028839111328125,0.086310148239136
1561387054,0.0046050548553467,0.0033409595489502,0.085484027862549
1561387054,0.0044801235198975,0.0031750202178955,0.086822032928467
1561387054,0.0045058727264404,0.0032989978790283,0.10320782661438
1561387054,0.0046520233154297,0.0031399726867676,0.088078022003174
1561387054,0.0044918060302734,0.0029690265655518,0.086282014846802
1561387054,0.0044729709625244,0.0031750202178955,0.10102605819702
1561387054,0.0047380924224854,0.003122091293335,0.099491834640503
1561387054,0.0050170421600342,0.0031731128692627,0.096675872802734
1561387054,0.0050070285797119,0.0035691261291504,0.088655948638916
1561387055,0.0051589012145996,0.0031571388244629,0.12227296829224
1561387055,0.0045850276947021,0.0033228397369385,0.088369131088257
1561387055,0.0050158500671387,0.0031139850616455,0.2154529094696
1561387055,0.0046780109405518,0.0033648014068604,0.088326930999756
1561387055,0.0049848556518555,0.0031828880310059,0.097524166107178
1561387055,0.0049929618835449,0.0032401084899902,0.099288940429688
1561387055,0.0049519538879395,0.0034739971160889,0.10002398490906
1561387055,0.0046298503875732,0.0034399032592773,0.089262008666992
1561387056,0.0049591064453125,0.0029089450836182,0.08832311630249
1561387056,0.0047450065612793,0.0031070709228516,0.095563888549805
1561387056,0.0049879550933838,0.0029470920562744,0.087050914764404
1561387056,0.0048809051513672,0.003633975982666,0.094969034194946
1561387056,0.0049619674682617,0.0027859210968018,0.086555004119873
1561387056,0.0049419403076172,0.0034658908843994,0.085864067077637
1561387056,0.0050551891326904,0.0029580593109131,0.098144054412842
1561387056,0.0043900012969971,0.0037209987640381,0.097245216369629
1561387056,0.0049550533294678,0.0029969215393066,0.15906286239624
1561387057,0.0046401023864746,0.0032181739807129,0.09647798538208
1561387057,0.0044000148773193,0.0030570030212402,0.11448407173157
1561387057,0.004425048828125,0.0033481121063232,0.098469018936157
1561387057,0.0047721862792969,0.0029549598693848,0.10038709640503
1561387057,0.004910945892334,0.0034229755401611,0.097455978393555
1561387057,0.0043830871582031,0.0033340454101562,0.097461938858032
1561387057,0.0046000480651855,0.0031499862670898,0.099881172180176
1561387057,0.0049850940704346,0.0029609203338623,0.099160194396973
1561387057,0.0050230026245117,0.0035519599914551,0.0990891456604
1561387058,0.0045979022979736,0.0033960342407227,0.11331295967102
1561387058,0.0046889781951904,0.0033509731292725,0.09855318069458
1561387058,0.004647970199585,0.0032510757446289,0.10103297233582
1561387058,0.0050299167633057,0.0037128925323486,0.10552406311035
1561387058,0.0051200389862061,0.0029850006103516,0.1000349521637
1561387058,0.0051329135894775,0.0034129619598389,0.099349021911621
1561387058,0.00465989112854,0.003471851348877,0.12433099746704
1561387058,0.0046188831329346,0.0033090114593506,0.10030293464661
1561387058,0.0051910877227783,0.0034899711608887,0.096112966537476
1561387059,0.0047519207000732,0.0031528472900391,0.098054170608521
1561387059,0.0047211647033691,0.0031070709228516,0.094116926193237
1561387059,0.0048840045928955,0.0031368732452393,0.087536096572876
1561387059,0.0054330825805664,0.003525972366333,0.10105991363525
1561387059,0.0044820308685303,0.0035879611968994,0.098040103912354
1561387059,0.0046401023864746,0.0029759407043457,0.099045038223267
1561387059,0.0047979354858398,0.0033211708068848,0.096202850341797
1561387059,0.0046730041503906,0.0030391216278076,0.10078287124634
1561387059,0.0048770904541016,0.0038981437683105,0.10128688812256
1561387060,0.0046920776367188,0.0031290054321289,0.1639711856842
1561387060,0.0045609474182129,0.0036280155181885,0.094532012939453
1561387060,0.0052151679992676,0.0035181045532227,0.086560964584351
1561387060,0.004716157913208,0.0036580562591553,0.098788976669312
1561387060,0.0050179958343506,0.0029280185699463,0.10104703903198
1561387060,0.004878044128418,0.0031371116638184,0.098490953445435
1561387060,0.0051379203796387,0.0031421184539795,0.088129997253418
1561387060,0.0042629241943359,0.00360107421875,0.16825604438782
1561387060,0.0047681331634521,0.0031049251556396,0.099754095077515
1561387061,0.0048789978027344,0.0031280517578125,0.10122013092041
1561387061,0.0051040649414062,0.0030820369720459,0.097157955169678
1561387061,0.0045380592346191,0.0032868385314941,0.093898057937622
1561387061,0.0045011043548584,0.0033500194549561,0.099723100662231
1561387061,0.0044999122619629,0.0035481452941895,0.098174095153809
1561387061,0.0050399303436279,0.0029511451721191,0.099429845809937
1561387061,0.0049030780792236,0.0035488605499268,0.098788976669312
1561387061,0.0046000480651855,0.0031619071960449,0.099868059158325
1561387061,0.0048620700836182,0.0036370754241943,0.098999977111816
1561387061,0.0045380592346191,0.0030841827392578,0.099014043807983
1561387062,0.0050768852233887,0.0032057762145996,0.097668886184692
1561387062,0.004586935043335,0.0035319328308105,0.11356902122498
1561387062,0.0048198699951172,0.0033049583435059,0.10066199302673
1561387062,0.0045168399810791,0.0035078525543213,0.097901105880737
1561387062,0.0046789646148682,0.0031211376190186,0.087435960769653
1561387062,0.0051720142364502,0.0031919479370117,0.094533920288086
1561387062,0.0046908855438232,0.0031218528747559,0.098920106887817
1561387062,0.0049939155578613,0.0029439926147461,0.098927021026611
1561387062,0.0042698383331299,0.003587007522583,0.097099781036377
1561387063,0.0050461292266846,0.0029590129852295,0.087521076202393
1561387063,0.0045859813690186,0.0034191608428955,0.16243100166321
1561387063,0.0051810741424561,0.0029890537261963,0.097226142883301
1561387063,0.0042610168457031,0.0032758712768555,0.17071390151978
1561387063,0.0048329830169678,0.0030679702758789,0.088297128677368
1561387063,0.0050380229949951,0.0034871101379395,0.098103046417236
1561387063,0.0043990612030029,0.0032200813293457,0.096575021743774
1561387063,0.0046558380126953,0.0031189918518066,0.097684860229492
1561387064,0.0045840740203857,0.0034070014953613,0.096529960632324
1561387064,0.00494384765625,0.0030901432037354,0.096834897994995
1561387064,0.0049681663513184,0.0028729438781738,0.097535133361816
1561387064,0.0046970844268799,0.0032989978790283,0.099564075469971
1561387064,0.0053050518035889,0.0029499530792236,0.087890148162842
1561387064,0.0047991275787354,0.0034849643707275,0.099338054656982
1561387064,0.0048518180847168,0.0032529830932617,0.096421003341675
1561387064,0.005079984664917,0.0032000541687012,0.098012924194336
1561387064,0.0049028396606445,0.0032541751861572,0.099897861480713
1561387064,0.004227876663208,0.0035898685455322,0.097265958786011
1561387065,0.0052101612091064,0.0030620098114014,0.096504926681519
1561387065,0.0046310424804688,0.0037040710449219,0.086510896682739
1561387065,0.0049002170562744,0.0029289722442627,0.092411041259766
1561387065,0.0053641796112061,0.0036261081695557,0.097956895828247
1561387065,0.0045199394226074,0.0031378269195557,0.097001791000366
1561387065,0.0046648979187012,0.0032088756561279,0.095227956771851
1561387065,0.0051639080047607,0.0034310817718506,0.1021900177002
1561387065,0.0045750141143799,0.0034050941467285,0.098886013031006
1561387065,0.0051710605621338,0.0035200119018555,0.10015797615051
1561387066,0.0048439502716064,0.0031099319458008,0.086601972579956
1561387066,0.005047082901001,0.002593994140625,0.092828989028931
1561387066,0.0052299499511719,0.0033578872680664,0.16378498077393
1561387066,0.0050489902496338,0.0034561157226562,0.094874858856201
1561387066,0.0048191547393799,0.0035378932952881,0.16650199890137
1561387066,0.0051488876342773,0.0032000541687012,0.089956045150757
1561387066,0.0049431324005127,0.0031218528747559,0.17336297035217
1561387066,0.0051040649414062,0.002892017364502,0.099132061004639
1561387067,0.0045819282531738,0.0030989646911621,0.088610172271729
1561387067,0.0046980381011963,0.0030879974365234,0.11579585075378
1561387067,0.0046279430389404,0.0026609897613525,0.15179920196533
1561387067,0.0051438808441162,0.0034739971160889,0.093151092529297
1561387067,0.0045011043548584,0.0031058788299561,0.098437070846558
1561387067,0.0050921440124512,0.0030720233917236,0.10068607330322
1561387067,0.0045089721679688,0.0033969879150391,0.098374128341675
1561387067,0.0050888061523438,0.0031418800354004,0.096678972244263
1561387067,0.0046658515930176,0.0033001899719238,0.092528820037842
1561387068,0.0052189826965332,0.0035331249237061,0.095768928527832
1561387068,0.0045950412750244,0.0033447742462158,0.096065998077393
1561387068,0.0052599906921387,0.0026068687438965,0.10064101219177
1561387068,0.0047891139984131,0.0033550262451172,0.096112966537476
1561387068,0.0047309398651123,0.0029480457305908,0.098372936248779
1561387068,0.004645824432373,0.0034098625183105,0.088072061538696
1561387068,0.0046069622039795,0.0033159255981445,0.096596002578735
1561387068,0.0051870346069336,0.0035431385040283,0.086611032485962
1561387068,0.0043768882751465,0.0035200119018555,0.089709043502808
1561387068,0.0046169757843018,0.0032510757446289,0.093823909759521
1561387069,0.0050649642944336,0.0032880306243896,0.097514152526855
1561387069,0.0047769546508789,0.0034041404724121,0.099770784378052
1561387069,0.0052371025085449,0.0033478736877441,0.097917079925537
1561387069,0.0049159526824951,0.0031368732452393,0.08920693397522
1561387069,0.004166841506958,0.0027890205383301,0.15063381195068
1561387069,0.0048911571502686,0.0029549598693848,0.16097903251648
1561387069,0.0050559043884277,0.0028491020202637,0.098360061645508
1561387069,0.0044441223144531,0.0029060840606689,0.092383861541748
1561387070,0.0045099258422852,0.0027940273284912,0.08488917350769
1561387070,0.0046710968017578,0.0027029514312744,0.098756074905396
1561387070,0.0044679641723633,0.0030088424682617,0.085797071456909
1561387070,0.0048789978027344,0.0029199123382568,0.086400985717773
1561387070,0.0061728954315186,0.0034160614013672,0.084345102310181
1561387070,0.0046558380126953,0.002997875213623,0.085319995880127
1561387070,0.0045771598815918,0.0025999546051025,0.087366104125977
1561387070,0.0049629211425781,0.0027379989624023,0.085705041885376
1561387070,0.0045421123504639,0.0029239654541016,0.12329292297363
1561387070,0.0047588348388672,0.003154993057251,0.088261842727661
1561387071,0.0053789615631104,0.002838134765625,0.088473081588745
1561387071,0.0043761730194092,0.003058910369873,0.092586040496826
1561387071,0.0041220188140869,0.0031471252441406,0.08742094039917
1561387071,0.0046870708465576,0.0028729438781738,0.086430072784424
1561387071,0.0045590400695801,0.0031740665435791,0.087150096893311
1561387071,0.0046989917755127,0.0027480125427246,0.090560913085938
1561387071,0.0049920082092285,0.0025980472564697,0.087954998016357
1561387071,0.0043280124664307,0.0029540061950684,0.090476036071777
1561387071,0.0045151710510254,0.0030839443206787,0.085401058197021
1561387071,0.004504919052124,0.0032081604003906,0.090399980545044
1561387071,0.0045311450958252,0.0029239654541016,0.084904909133911
1561387072,0.004453182220459,0.0031309127807617,0.092042922973633
1561387072,0.0045628547668457,0.0029468536376953,0.085890054702759
1561387072,0.0044009685516357,0.0027360916137695,0.085971117019653
1561387072,0.0050549507141113,0.0031659603118896,0.090739011764526
1561387072,0.0042760372161865,0.0026860237121582,0.1492440700531
1561387072,0.004824161529541,0.0025780200958252,0.086230993270874
1561387072,0.0044341087341309,0.002687931060791,0.086750030517578
1561387072,0.0048317909240723,0.0027308464050293,0.086621999740601
1561387072,0.005220890045166,0.0029458999633789,0.090147018432617
1561387073,0.0045979022979736,0.002565860748291,0.085532188415527
1561387073,0.0042760372161865,0.0028409957885742,0.085955858230591
1561387073,0.004723072052002,0.0028119087219238,0.086374044418335
1561387073,0.0046310424804688,0.0029020309448242,0.087906837463379
1561387073,0.0044479370117188,0.0028970241546631,0.088710069656372
1561387073,0.0040080547332764,0.0028378963470459,0.092478036880493
1561387073,0.0048110485076904,0.0025930404663086,0.086214065551758
1561387073,0.0048081874847412,0.0032229423522949,0.087980031967163
1561387073,0.0042660236358643,0.002899169921875,0.087505102157593
1561387073,0.0045151710510254,0.0028679370880127,0.089018106460571
1561387073,0.0043201446533203,0.0030980110168457,0.088052034378052
1561387074,0.0047128200531006,0.0030570030212402,0.085806846618652
1561387074,0.0044951438903809,0.0028049945831299,0.086915016174316
1561387074,0.004626989364624,0.0029730796813965,0.090566873550415
1561387074,0.0048930644989014,0.0027220249176025,0.094177007675171
1561387074,0.0044660568237305,0.0032532215118408,0.098787784576416
1561387074,0.004889965057373,0.00323486328125,0.087613105773926
1561387074,0.0041859149932861,0.0029561519622803,0.092809915542603
1561387074,0.0044510364532471,0.0030338764190674,0.093258857727051
1561387074,0.0043890476226807,0.002877950668335,0.091866016387939
1561387074,0.0050098896026611,0.0029599666595459,0.08672022819519
1561387075,0.004584789276123,0.0030288696289062,0.088932991027832
1561387075,0.0043838024139404,0.0030639171600342,0.093677043914795
1561387075,0.0044240951538086,0.0032880306243896,0.096575021743774
1561387075,0.0045349597930908,0.0030198097229004,0.16524314880371
1561387075,0.0046200752258301,0.0031590461730957,0.085564136505127
1561387075,0.0045070648193359,0.0026750564575195,0.087409973144531
1561387075,0.004335880279541,0.0027041435241699,0.085257053375244
1561387075,0.0043978691101074,0.00313401222229,0.084555149078369
1561387075,0.0050320625305176,0.0027899742126465,0.087069988250732
1561387075,0.0044229030609131,0.0028929710388184,0.087316036224365
1561387076,0.0047218799591064,0.0026848316192627,0.08913779258728
1561387076,0.0042729377746582,0.0032467842102051,0.086091041564941
1561387076,0.0045700073242188,0.002810001373291,0.089133024215698
1561387076,0.0043559074401855,0.0030040740966797,0.085771083831787
1561387076,0.0048010349273682,0.0029611587524414,0.084970951080322
1561387076,0.0049281120300293,0.0031609535217285,0.089288949966431
1561387076,0.0049889087677002,0.0031290054321289,0.086924076080322
1561387076,0.0049660205841064,0.0031299591064453,0.08601188659668
1561387076,0.0046420097351074,0.0032129287719727,0.087424993515015
1561387076,0.0042679309844971,0.0031020641326904,0.087357044219971
1561387077,0.0044808387756348,0.0026741027832031,0.08586597442627
1561387077,0.0042250156402588,0.0028488636016846,0.087615966796875
1561387077,0.0044279098510742,0.002647876739502,0.092013120651245
1561387077,0.0046370029449463,0.0034141540527344,0.089077949523926
1561387077,0.0051600933074951,0.00325608253479,0.085934162139893
1561387077,0.0045897960662842,0.0029089450836182,0.093055009841919
1561387077,0.0045452117919922,0.0031988620758057,0.10047316551208
1561387077,0.0047578811645508,0.002918004989624,0.087512016296387
1561387077,0.0042860507965088,0.003101110458374,0.087177038192749
1561387077,0.0051059722900391,0.0031468868255615,0.087468147277832
1561387078,0.0047149658203125,0.0031468868255615,0.086142063140869
1561387078,0.0044519901275635,0.0025899410247803,0.084954977035522
1561387078,0.0044639110565186,0.0026798248291016,0.087443113327026
1561387078,0.0046319961547852,0.0028319358825684,0.15719509124756
1561387078,0.004918098449707,0.0036430358886719,0.094550132751465
1561387078,0.0046310424804688,0.0032529830932617,0.086168050765991
1561387078,0.0044999122619629,0.0031800270080566,0.086766958236694
1561387078,0.0044710636138916,0.0029070377349854,0.086414098739624
1561387078,0.0047211647033691,0.0027458667755127,0.087297201156616
1561387078,0.0042641162872314,0.0026791095733643,0.087173938751221
1561387079,0.0044629573822021,0.0027649402618408,0.085131883621216
1561387079,0.0045020580291748,0.0026059150695801,0.096526145935059
1561387079,0.0044350624084473,0.0034489631652832,0.095124006271362
1561387079,0.004694938659668,0.0029630661010742,0.088781118392944
1561387079,0.0046279430389404,0.0031330585479736,0.19323897361755
1561387079,0.0041871070861816,0.0029129981994629,0.086924076080322
1561387079,0.0041720867156982,0.0027220249176025,0.087273120880127
1561387079,0.0044488906860352,0.0030758380889893,0.089879035949707
1561387079,0.0047729015350342,0.0032439231872559,0.088302135467529
1561387080,0.0048408508300781,0.0028622150421143,0.087483882904053
1561387080,0.0043208599090576,0.0028889179229736,0.087629079818726
1561387080,0.0047578811645508,0.0026149749755859,0.088551044464111
1561387080,0.004810094833374,0.003230094909668,0.088796854019165
1561387080,0.005155086517334,0.0034000873565674,0.093492031097412
1561387080,0.0045969486236572,0.0033268928527832,0.094334125518799
1561387080,0.0046019554138184,0.0027930736541748,0.094743013381958
1561387080,0.0049688816070557,0.0034048557281494,0.10019397735596
1561387080,0.0051531791687012,0.0033659934997559,0.088413000106812
1561387080,0.0047628879547119,0.0035719871520996,0.0899817943573
1561387081,0.0044741630554199,0.0031089782714844,0.092756032943726
1561387081,0.0046920776367188,0.0031609535217285,0.095462083816528
1561387081,0.0050721168518066,0.0033619403839111,0.15258502960205
1561387081,0.0045099258422852,0.0031211376190186,0.087995052337646
1561387081,0.0046799182891846,0.0031921863555908,0.085738897323608
1561387081,0.0049309730529785,0.003709077835083,0.088888883590698
1561387081,0.0051708221435547,0.0035948753356934,0.089427947998047
1561387081,0.0044000148773193,0.0035479068756104,0.12271404266357
1561387081,0.0045440196990967,0.0026121139526367,0.090524911880493
1561387081,0.004939079284668,0.0032660961151123,0.085845947265625
1561387082,0.0050461292266846,0.0034670829772949,0.086693048477173
1561387082,0.0042550563812256,0.0034379959106445,0.095913171768188
1561387082,0.0049569606781006,0.0028631687164307,0.086603879928589
1561387082,0.0050220489501953,0.0035209655761719,0.099082946777344
1561387082,0.0042769908905029,0.002938985824585,0.087689876556396
1561387082,0.0044879913330078,0.0031490325927734,0.092657089233398
1561387082,0.0049328804016113,0.0032060146331787,0.087163209915161
1561387082,0.0043110847473145,0.0035741329193115,0.087833881378174
1561387082,0.0051569938659668,0.0032889842987061,0.088023900985718
1561387082,0.0041570663452148,0.00313401222229,0.087435007095337
1561387083,0.0046460628509521,0.0029850006103516,0.085716009140015
1561387083,0.0044620037078857,0.0033020973205566,0.14881896972656
1561387083,0.004601001739502,0.0031058788299561,0.088252067565918
1561387083,0.004626989364624,0.0035970211029053,0.097990989685059
1561387083,0.0044040679931641,0.0033929347991943,0.087206840515137
1561387083,0.0046122074127197,0.0032649040222168,0.089414119720459
1561387083,0.0047178268432617,0.0027878284454346,0.086773157119751
1561387083,0.0045058727264404,0.0032310485839844,0.086894989013672
1561387083,0.0045011043548584,0.0028808116912842,0.087548971176147
1561387084,0.004767894744873,0.0037040710449219,0.085899114608765
1561387084,0.0045750141143799,0.0032029151916504,0.086401224136353
1561387084,0.0043039321899414,0.0033330917358398,0.15379786491394
1561387084,0.0045299530029297,0.0031161308288574,0.088207006454468
1561387084,0.0045819282531738,0.0031378269195557,0.087109088897705
1561387084,0.0052659511566162,0.0033140182495117,0.084491014480591
1561387084,0.0047731399536133,0.0033159255981445,0.098201990127563
1561387084,0.0046529769897461,0.0035159587860107,0.090880155563354
1561387084,0.0045359134674072,0.0033137798309326,0.087809801101685
1561387084,0.0047218799591064,0.0032699108123779,0.088890075683594
1561387085,0.0042788982391357,0.0033338069915771,0.084978103637695
1561387085,0.0049059391021729,0.003291130065918,0.096940040588379
1561387085,0.0041239261627197,0.0035021305084229,0.087362051010132
1561387085,0.0049657821655273,0.0032789707183838,0.087450981140137
1561387085,0.0052559375762939,0.003870964050293,0.090857982635498
1561387085,0.004767894744873,0.0029129981994629,0.08644700050354
1561387085,0.0045077800750732,0.0031177997589111,0.099908113479614
1561387085,0.0050761699676514,0.0033190250396729,0.089484930038452
1561387085,0.0046498775482178,0.00301194190979,0.088093042373657
1561387085,0.0043530464172363,0.0032761096954346,0.098536968231201
1561387086,0.0049419403076172,0.0037779808044434,0.086416959762573
1561387086,0.0042350292205811,0.0032260417938232,0.09475302696228
1561387086,0.0045170783996582,0.0028629302978516,0.088857173919678
1561387086,0.004939079284668,0.0034070014953613,0.086513996124268
1561387086,0.0045239925384521,0.0036318302154541,0.099337100982666
1561387086,0.0045499801635742,0.0026540756225586,0.089415073394775
1561387086,0.0046000480651855,0.0035820007324219,0.08777904510498
1561387086,0.0048871040344238,0.0031640529632568,0.087794065475464
1561387086,0.0046770572662354,0.0036458969116211,0.08833384513855
1561387086,0.0043110847473145,0.0030510425567627,0.088273048400879
1561387087,0.0049679279327393,0.0037188529968262,0.088509082794189
1561387087,0.0045680999755859,0.002856969833374,0.15449595451355
1561387087,0.0048930644989014,0.0032031536102295,0.087421894073486
1561387087,0.0046851634979248,0.0033528804779053,0.090253114700317
1561387087,0.0041708946228027,0.0032799243927002,0.085270881652832
1561387087,0.0046300888061523,0.0027480125427246,0.086971044540405
1561387087,0.0043599605560303,0.0032548904418945,0.090580940246582
1561387087,0.0049488544464111,0.0031218528747559,0.089473962783813
1561387087,0.0051929950714111,0.0035369396209717,0.098973035812378
1561387087,0.0046801567077637,0.0032410621643066,0.098417997360229
1561387088,0.0044817924499512,0.0032360553741455,0.089278936386108
1561387088,0.0051438808441162,0.0032811164855957,0.088228940963745
1561387088,0.0047111511230469,0.0032868385314941,0.089621067047119
1561387088,0.0044360160827637,0.0032451152801514,0.088418960571289
1561387088,0.0042910575866699,0.003413200378418,0.088052034378052
1561387088,0.0048060417175293,0.0029189586639404,0.084656000137329
1561387088,0.0047669410705566,0.00313401222229,0.087479114532471
1561387088,0.0043048858642578,0.0031881332397461,0.090874910354614
1561387088,0.0044770240783691,0.0033831596374512,0.088330030441284
1561387088,0.0051450729370117,0.0034198760986328,0.090845823287964
1561387089,0.0049500465393066,0.003197193145752,0.087839841842651
1561387089,0.0043938159942627,0.0031769275665283,0.096590995788574
1561387089,0.0045781135559082,0.0033540725708008,0.087654113769531
1561387089,0.0044350624084473,0.0034580230712891,0.089472055435181
1561387089,0.0043818950653076,0.0036449432373047,0.098500967025757
1561387089,0.0048599243164062,0.0029950141906738,0.097226858139038
1561387089,0.0050690174102783,0.0033040046691895,0.10345602035522
1561387089,0.0050508975982666,0.0033540725708008,0.09103798866272
1561387089,0.0048768520355225,0.0034289360046387,0.088274002075195
1561387090,0.0047149658203125,0.0034279823303223,0.23062014579773
1561387090,0.0042839050292969,0.0033388137817383,0.086774110794067
1561387090,0.0049278736114502,0.0032901763916016,0.087821960449219
1561387090,0.0046150684356689,0.0036289691925049,0.093652963638306
1561387090,0.004971981048584,0.0032970905303955,0.089102983474731
1561387090,0.0050580501556396,0.003809928894043,0.093773126602173
1561387090,0.0053479671478271,0.0030040740966797,0.08649206161499
1561387090,0.0045089721679688,0.0037319660186768,0.087821960449219
1561387090,0.0051169395446777,0.0030219554901123,0.086699962615967
1561387090,0.0049819946289062,0.0036098957061768,0.088449954986572
1561387091,0.004680871963501,0.0031909942626953,0.088447093963623
1561387091,0.0049760341644287,0.0033369064331055,0.091219186782837
1561387091,0.0047540664672852,0.0032351016998291,0.085847854614258
1561387091,0.0042548179626465,0.0032658576965332,0.086611986160278
1561387091,0.0055649280548096,0.0035469532012939,0.10613608360291
1561387091,0.005230188369751,0.0037469863891602,0.09251594543457
1561387091,0.0052900314331055,0.003615140914917,0.14144587516785
1561387091,0.0043790340423584,0.0034589767456055,0.086864948272705
1561387091,0.0051119327545166,0.002979040145874,0.087913036346436
1561387092,0.0046429634094238,0.0029411315917969,0.086828947067261
1561387092,0.0046930313110352,0.0029499530792236,0.086594104766846
1561387092,0.0045959949493408,0.0032999515533447,0.099467992782593
1561387092,0.0046920776367188,0.0031847953796387,0.085155010223389
1561387092,0.0049288272857666,0.0037288665771484,0.091218948364258
1561387092,0.0048370361328125,0.0025889873504639,0.085662126541138
1561387092,0.00459885597229,0.0033299922943115,0.093863964080811
1561387092,0.0051429271697998,0.0034458637237549,0.095827102661133
1561387092,0.0053391456604004,0.0037109851837158,0.097861051559448
1561387092,0.0046219825744629,0.0034260749816895,0.089239120483398
1561387093,0.0049970149993896,0.0036251544952393,0.1558518409729
1561387093,0.0046811103820801,0.0028488636016846,0.087706804275513
1561387093,0.0044729709625244,0.0031521320343018,0.086945056915283
1561387093,0.0047779083251953,0.0030210018157959,0.08648681640625
1561387093,0.0046918392181396,0.0035779476165771,0.088717937469482
1561387093,0.0051560401916504,0.0032598972320557,0.08712100982666
1561387093,0.0044238567352295,0.0035088062286377,0.097012996673584
1561387093,0.0048849582672119,0.0032439231872559,0.09807014465332
1561387093,0.0045521259307861,0.0031890869140625,0.085928916931152
1561387093,0.0048191547393799,0.0029709339141846,0.085946083068848
1561387094,0.0049679279327393,0.003680944442749,0.087266206741333
1561387094,0.0048000812530518,0.0030040740966797,0.095526933670044
1561387094,0.0048201084136963,0.0036060810089111,0.086971998214722
1561387094,0.0045089721679688,0.0031321048736572,0.086144924163818
1561387094,0.0054590702056885,0.0039329528808594,0.087218999862671
1561387094,0.0051479339599609,0.0035829544067383,0.086360931396484
1561387094,0.0045199394226074,0.0031881332397461,0.095037937164307
1561387094,0.0053460597991943,0.0029828548431396,0.085978031158447
1561387094,0.0046558380126953,0.0037438869476318,0.085916996002197
1561387094,0.004892110824585,0.0033130645751953,0.087996959686279
1561387095,0.004227876663208,0.0033509731292725,0.087826013565063
1561387095,0.0047008991241455,0.0033848285675049,0.087441205978394
1561387095,0.0049278736114502,0.0030341148376465,0.085561990737915
1561387095,0.0049290657043457,0.0032439231872559,0.086379051208496
1561387095,0.0044698715209961,0.0033528804779053,0.088099002838135
1561387095,0.0047481060028076,0.0031089782714844,0.085592031478882
1561387095,0.0045239925384521,0.0035340785980225,0.089498996734619
1561387095,0.0050899982452393,0.0035879611968994,0.08727502822876
1561387095,0.0046110153198242,0.0032789707183838,0.087975978851318
1561387095,0.0046911239624023,0.0031929016113281,0.15218901634216
1561387096,0.0050511360168457,0.0034101009368896,0.088034868240356
1561387096,0.0050530433654785,0.0030429363250732,0.089703798294067
1561387096,0.004464864730835,0.0032591819763184,0.091948986053467
1561387096,0.0047681331634521,0.0030720233917236,0.085977077484131
1561387096,0.0050070285797119,0.0035810470581055,0.094152927398682
1561387096,0.0050878524780273,0.0032320022583008,0.08739185333252
1561387096,0.0049958229064941,0.0037319660186768,0.095762014389038
1561387096,0.0051660537719727,0.0032839775085449,0.088298082351685
1561387096,0.0044729709625244,0.0033161640167236,0.086545944213867
1561387096,0.0044279098510742,0.0034091472625732,0.088356971740723
1561387097,0.004364013671875,0.0033619403839111,0.087891817092896
1561387097,0.0048558712005615,0.0031189918518066,0.086657047271729
1561387097,0.005256175994873,0.0035040378570557,0.096434831619263
1561387097,0.0042839050292969,0.0032310485839844,0.086247205734253
1561387097,0.0054030418395996,0.0032939910888672,0.087970972061157
1561387097,0.0046889781951904,0.0034120082855225,0.085551977157593
1561387097,0.004626989364624,0.0034208297729492,0.089145183563232
1561387097,0.0048260688781738,0.0031189918518066,0.087274074554443
1561387097,0.0053930282592773,0.0037329196929932,0.087217807769775
1561387097,0.0049090385437012,0.0027379989624023,0.086186170578003
1561387097,0.0043540000915527,0.0027451515197754,0.085697889328003
1561387098,0.0049080848693848,0.0031530857086182,0.092535018920898
1561387098,0.0043380260467529,0.0029318332672119,0.085204839706421
1561387098,0.0048918724060059,0.0026340484619141,0.085123062133789
1561387098,0.004295825958252,0.0027899742126465,0.086827039718628
1561387098,0.0048542022705078,0.0028669834136963,0.083353996276855
1561387098,0.0045030117034912,0.0028691291809082,0.085839033126831
1561387098,0.0046579837799072,0.0026249885559082,0.094336032867432
1561387098,0.0042209625244141,0.0028159618377686,0.091558933258057
1561387098,0.0046989917755127,0.0026600360870361,0.21400690078735
1561387099,0.0042669773101807,0.0030150413513184,0.092223882675171
1561387099,0.0046310424804688,0.0030620098114014,0.086318016052246
1561387099,0.0046420097351074,0.0031490325927734,0.087963104248047
1561387099,0.0041399002075195,0.0029399394989014,0.086156845092773
1561387099,0.0053849220275879,0.0030679702758789,0.086335897445679
1561387099,0.0044078826904297,0.0026111602783203,0.084297895431519
1561387099,0.004539966583252,0.0032510757446289,0.088120937347412
1561387099,0.0047149658203125,0.0026619434356689,0.094166040420532
1561387099,0.0044319629669189,0.0036308765411377,0.089539051055908
1561387099,0.0047369003295898,0.002673864364624,0.08902907371521
1561387100,0.0044410228729248,0.0029771327972412,0.085596084594727
1561387100,0.0047621726989746,0.0027408599853516,0.095440864562988
1561387100,0.0042369365692139,0.0027320384979248,0.085931062698364
1561387100,0.004641056060791,0.0027689933776855,0.086486101150513
1561387100,0.004601001739502,0.0031149387359619,0.088218927383423
1561387100,0.0047409534454346,0.0028550624847412,0.085141897201538
1561387100,0.0047290325164795,0.0029139518737793,0.084424018859863
1561387100,0.0052971839904785,0.0032260417938232,0.085378885269165
1561387100,0.0051329135894775,0.0030992031097412,0.085543870925903
1561387100,0.0044248104095459,0.002910852432251,0.087537050247192
1561387100,0.0046970844268799,0.0031249523162842,0.087016820907593
1561387101,0.0042080879211426,0.0026569366455078,0.088953971862793
1561387101,0.0045750141143799,0.0032057762145996,0.088523149490356
1561387101,0.0045371055603027,0.0032119750976562,0.08580493927002
1561387101,0.0044999122619629,0.0027270317077637,0.085921049118042
1561387101,0.0050110816955566,0.0029628276824951,0.08607816696167
1561387101,0.0042970180511475,0.0031049251556396,0.086260080337524
1561387101,0.004918098449707,0.0031590461730957,0.094932079315186
1561387101,0.0048329830169678,0.0033390522003174,0.15975880622864
1561387101,0.0046229362487793,0.0029611587524414,0.087702989578247
1561387102,0.0044448375701904,0.0030159950256348,0.084414005279541
1561387102,0.0050361156463623,0.003201961517334,0.087546110153198
1561387102,0.0043950080871582,0.0029850006103516,0.085306167602539
1561387102,0.0048069953918457,0.0031681060791016,0.086210966110229
1561387102,0.0042140483856201,0.0027520656585693,0.090535879135132
1561387102,0.0046141147613525,0.0026600360870361,0.086691856384277
1561387102,0.0047979354858398,0.0032072067260742,0.086115837097168
1561387102,0.0052750110626221,0.0026140213012695,0.084718942642212
1561387102,0.0041890144348145,0.0028669834136963,0.08446478843689
1561387102,0.0046529769897461,0.0028929710388184,0.10061311721802
1561387102,0.0051789283752441,0.0032021999359131,0.085019826889038
1561387103,0.0044338703155518,0.0030608177185059,0.089325189590454
1561387103,0.0044181346893311,0.0026800632476807,0.084952116012573
1561387103,0.0046868324279785,0.0030539035797119,0.086735010147095
1561387103,0.0045340061187744,0.0027139186859131,0.084989070892334
1561387103,0.0045311450958252,0.0028369426727295,0.087486982345581
1561387103,0.0047168731689453,0.0028021335601807,0.094466924667358
1561387103,0.0050439834594727,0.002953052520752,0.087306022644043
1561387103,0.0046870708465576,0.0031130313873291,0.085259914398193
1561387103,0.0047709941864014,0.0027811527252197,0.084439039230347
1561387103,0.0044910907745361,0.0026800632476807,0.085554838180542
1561387104,0.0043251514434814,0.002708911895752,0.081632852554321
1561387104,0.0044388771057129,0.0031108856201172,0.088763952255249
1561387104,0.0048370361328125,0.002608060836792,0.085304975509644
1561387104,0.0049259662628174,0.0030570030212402,0.090669870376587
1561387104,0.0031521320343018,0.001568078994751,0.055329084396362
1561387104,0.0004727840423584,0.00019121170043945,0.011162042617798
1561387104,0.005795955657959,0.0031270980834961,0.092160940170288
1561387104,0.005486011505127,0.0031299591064453,0.1567280292511
1561387104,0.0052249431610107,0.0031590461730957,0.088371992111206
1561387104,0.0053408145904541,0.0031859874725342,0.088273048400879
1561387104,0.0053300857543945,0.0031280517578125,0.089273929595947
1561387104,0.0025241374969482,0.0011858940124512,0.042317152023315
1561387105,0.0011920928955078,0.00055313110351562,0.021059036254883
1561387105,0.0030460357666016,0.0016758441925049,0.051553010940552
1561387105,0.0018420219421387,0.0010149478912354,0.031805992126465
1561387105,0.005112886428833,0.0032408237457275,0.092957019805908
1561387105,0.0046851634979248,0.0029048919677734,0.07906699180603
1561387105,0.0040199756622314,0.0026750564575195,0.084810018539429
1561387105,0.0043859481811523,0.0027310848236084,0.077512979507446
1561387105,0.0040490627288818,0.0024609565734863,0.079844951629639
1561387105,0.0043790340423584,0.0025300979614258,0.087459087371826
1561387105,0.0043559074401855,0.0026400089263916,0.079506158828735
1561387105,0.0042810440063477,0.0028600692749023,0.078207969665527
1561387105,0.0041930675506592,0.0029139518737793,0.085602045059204
1561387106,0.0043621063232422,0.0026280879974365,0.079195976257324
1561387106,0.0041179656982422,0.0029339790344238,0.08014988899231
1561387106,0.003993034362793,0.0026860237121582,0.078067064285278
1561387106,0.004586935043335,0.0025219917297363,0.078130006790161
1561387106,0.0040631294250488,0.0026049613952637,0.078260183334351
1561387106,0.0047290325164795,0.0029590129852295,0.080316066741943
1561387106,0.0042629241943359,0.0028221607208252,0.077494859695435
1561387106,0.0039451122283936,0.0025279521942139,0.082890033721924
1561387106,0.0043578147888184,0.0027627944946289,0.07917308807373
1561387106,0.0039401054382324,0.0025999546051025,0.078634023666382
1561387106,0.0039632320404053,0.0027809143066406,0.078999996185303
1561387106,0.0044839382171631,0.0025827884674072,0.077447175979614
1561387107,0.0044000148773193,0.0029239654541016,0.080824136734009
1561387107,0.0039839744567871,0.0024528503417969,0.083522081375122
1561387107,0.0044350624084473,0.0027329921722412,0.078438997268677
1561387107,0.0043191909790039,0.0024640560150146,0.083254814147949
1561387107,0.0045969486236572,0.0026729106903076,0.086326122283936
1561387107,0.0041940212249756,0.0026869773864746,0.14302492141724
1561387107,0.0040428638458252,0.0029110908508301,0.080824136734009
1561387107,0.0045590400695801,0.0029370784759521,0.079048871994019
1561387107,0.0047690868377686,0.002500057220459,0.085983991622925
1561387107,0.0045149326324463,0.0029230117797852,0.085253000259399
1561387108,0.0039749145507812,0.0028162002563477,0.081251859664917
1561387108,0.0040128231048584,0.0026419162750244,0.083173036575317
1561387108,0.0042650699615479,0.0024950504302979,0.083407878875732
1561387108,0.0039758682250977,0.0025749206542969,0.091575860977173
1561387108,0.0040609836578369,0.0024840831756592,0.084710121154785
1561387108,0.0041401386260986,0.0027508735656738,0.083951234817505
1561387108,0.0041189193725586,0.0025820732116699,0.084398984909058
1561387108,0.0043740272521973,0.0029520988464355,0.085246086120605
1561387108,0.0043821334838867,0.0026140213012695,0.087644815444946
1561387108,0.0040698051452637,0.0025680065155029,0.088218927383423
1561387108,0.0042650699615479,0.0028011798858643,0.091631889343262
1561387109,0.0040898323059082,0.0028491020202637,0.088608980178833
1561387109,0.0045461654663086,0.0026769638061523,0.088484048843384
1561387109,0.0045881271362305,0.0024828910827637,0.087996006011963
1561387109,0.0039792060852051,0.0027079582214355,0.088135004043579
1561387109,0.0042951107025146,0.0024621486663818,0.09122896194458
1561387109,0.0041670799255371,0.0028879642486572,0.086664915084839
1561387109,0.0042529106140137,0.002708911895752,0.090750932693481
1561387109,0.0045130252838135,0.0027790069580078,0.090284109115601
1561387109,0.0051138401031494,0.0030472278594971,0.099488019943237
1561387109,0.0060200691223145,0.0041658878326416,0.12187480926514
1561387110,0.0051507949829102,0.0027308464050293,0.089648962020874
1561387110,0.0012600421905518,0.00074386596679688,0.021382093429565
1561387110,0.0056960582733154,0.0039651393890381,0.11608004570007
1561387110,0.005850076675415,0.0042109489440918,0.17987990379333
1561387110,0.0063190460205078,0.0040199756622314,0.12309813499451
1561387110,0.0061898231506348,0.0040810108184814,0.1374409198761
1561387110,0.006397008895874,0.0036571025848389,0.11454010009766
1561387110,0.0045080184936523,0.0027830600738525,0.080367088317871
1561387110,0.0044629573822021,0.0025770664215088,0.082166910171509
1561387111,0.0040280818939209,0.003040075302124,0.084964990615845
1561387111,0.0043230056762695,0.0025379657745361,0.08274507522583
1561387111,0.0042548179626465,0.0027439594268799,0.083242893218994
1561387111,0.0042228698730469,0.0025451183319092,0.082804918289185
1561387111,0.004784107208252,0.0037140846252441,0.082721948623657
1561387111,0.004558801651001,0.0031158924102783,0.085257053375244
1561387111,0.0045390129089355,0.0034580230712891,0.096426963806152
1561387111,0.0051140785217285,0.0031740665435791,0.089539051055908
1561387111,0.0049769878387451,0.0030298233032227,0.085293054580688
1561387111,0.0045080184936523,0.0027110576629639,0.088162899017334
1561387112,0.0042359828948975,0.0031139850616455,0.084850072860718
1561387112,0.004464864730835,0.0029280185699463,0.092905044555664
1561387112,0.0046911239624023,0.0027248859405518,0.097224235534668
1561387112,0.0041477680206299,0.0030968189239502,0.092803001403809
1561387112,0.0047450065612793,0.0029568672180176,0.091422080993652
1561387112,0.0039010047912598,0.0026710033416748,0.082620859146118
1561387112,0.004166841506958,0.0026378631591797,0.086737155914307
1561387112,0.0044119358062744,0.0025579929351807,0.0852370262146
1561387112,0.0047481060028076,0.0030550956726074,0.085450887680054
1561387112,0.0045289993286133,0.0027189254760742,0.08502721786499
1561387112,0.0040059089660645,0.0030279159545898,0.083470106124878
1561387113,0.0044398307800293,0.0029730796813965,0.091511964797974
1561387113,0.004655122756958,0.0029380321502686,0.14907217025757
1561387113,0.004647970199585,0.0026340484619141,0.084346055984497
1561387113,0.0043189525604248,0.0028531551361084,0.088672876358032
1561387113,0.0042488574981689,0.0025479793548584,0.086605072021484
1561387113,0.0038888454437256,0.0028228759765625,0.088900089263916
1561387113,0.0047271251678467,0.0025949478149414,0.087248086929321
1561387113,0.0046291351318359,0.003119945526123,0.086679935455322
1561387113,0.0044100284576416,0.0025620460510254,0.08814811706543
1561387113,0.0043408870697021,0.0029211044311523,0.085516929626465
1561387114,0.0043978691101074,0.0028510093688965,0.084846019744873
1561387114,0.0045781135559082,0.0028688907623291,0.088544845581055
1561387114,0.004594087600708,0.0028579235076904,0.089679956436157
1561387114,0.0040819644927979,0.0028297901153564,0.083827018737793
1561387114,0.0046000480651855,0.0026941299438477,0.087821006774902
1561387114,0.0045039653778076,0.0027608871459961,0.15357518196106
1561387114,0.0046219825744629,0.0030419826507568,0.086635112762451
1561387114,0.0044798851013184,0.0029439926147461,0.086281061172485
1561387114,0.0046041011810303,0.0025510787963867,0.09477686882019
1561387115,0.0040879249572754,0.0028889179229736,0.093786954879761
1561387115,0.0044219493865967,0.0030179023742676,0.085230827331543
1561387115,0.0042650699615479,0.002579927444458,0.085883140563965
1561387115,0.0046150684356689,0.002903938293457,0.083981990814209
1561387115,0.0042479038238525,0.0025620460510254,0.084741115570068
1561387115,0.0046241283416748,0.0031981468200684,0.08967399597168
1561387115,0.0039060115814209,0.0029168128967285,0.083667993545532
1561387115,0.0047409534454346,0.0031640529632568,0.09548807144165
1561387115,0.0042707920074463,0.0032389163970947,0.089837074279785
1561387115,0.0041821002960205,0.0031659603118896,0.092158079147339
1561387115,0.0040831565856934,0.0030920505523682,0.09575891494751
1561387116,0.0044209957122803,0.0031590461730957,0.15001797676086
1561387116,0.0043799877166748,0.0034799575805664,0.094799041748047
1561387116,0.0047640800476074,0.0033280849456787,0.092412948608398
1561387116,0.0048530101776123,0.0031559467315674,0.094985008239746
1561387116,0.0046391487121582,0.002842903137207,0.086138010025024
1561387116,0.0045449733734131,0.0031371116638184,0.098680973052979
1561387116,0.0043649673461914,0.0034170150756836,0.096849918365479
1561387116,0.0045559406280518,0.003180980682373,0.078872919082642
1561387116,0.0041420459747314,0.0033988952636719,0.090235948562622
1561387117,0.004019021987915,0.0029270648956299,0.094409942626953
1561387117,0.0042290687561035,0.003364086151123,0.10831999778748
1561387117,0.0057768821716309,0.0042660236358643,0.12993717193604
1561387117,0.0069119930267334,0.0043189525604248,0.14315509796143
1561387117,0.0065250396728516,0.0045409202575684,0.14400696754456
1561387117,0.0063040256500244,0.0045440196990967,0.12959408760071
1561387117,0.0068421363830566,0.004504919052124,0.12747001647949
1561387118,0.0069408416748047,0.0050017833709717,0.12209296226501
1561387118,0.006788969039917,0.0043900012969971,0.12731385231018
1561387118,0.0063879489898682,0.0039288997650146,0.12394714355469
1561387118,0.0068631172180176,0.0046501159667969,0.1269519329071
1561387118,0.0063209533691406,0.0042979717254639,0.1214280128479
1561387118,0.0066471099853516,0.0045511722564697,0.13404703140259
1561387118,0.0061089992523193,0.0044870376586914,0.12429618835449
1561387118,0.0065319538116455,0.0044918060302734,0.11985087394714
1561387119,0.0069620609283447,0.0038871765136719,0.18789100646973
1561387119,0.0070579051971436,0.0043618679046631,0.12076616287231
1561387119,0.0069417953491211,0.0045549869537354,0.13043284416199
1561387119,0.0068440437316895,0.0038108825683594,0.12264800071716
1561387119,0.0061490535736084,0.0042591094970703,0.10523009300232
1561387119,0.0051438808441162,0.0034880638122559,0.088544130325317
1561387119,0.0046670436859131,0.0033509731292725,0.089416027069092
1561387120,0.0050151348114014,0.0034430027008057,0.11753010749817
1561387120,0.0047130584716797,0.003148078918457,0.094576120376587
1561387120,0.0041561126708984,0.002993106842041,0.08295202255249
1561387120,0.0045900344848633,0.0031421184539795,0.085751056671143
1561387120,0.0046260356903076,0.0028238296508789,0.088711023330688
1561387120,0.0048911571502686,0.0032041072845459,0.091344833374023
1561387120,0.0050060749053955,0.0033838748931885,0.090418100357056
1561387120,0.0048592090606689,0.0029189586639404,0.091941118240356
1561387120,0.0050699710845947,0.0036079883575439,0.085817813873291
1561387120,0.0045011043548584,0.0028159618377686,0.085597991943359
1561387120,0.0053660869598389,0.0035929679870605,0.086666822433472
1561387121,0.0047309398651123,0.0027661323547363,0.08870005607605
1561387121,0.0046889781951904,0.0035419464111328,0.086014032363892
1561387121,0.0050170421600342,0.0030550956726074,0.10607385635376
1561387121,0.0042829513549805,0.0031390190124512,0.11795520782471
1561387121,0.0047199726104736,0.003000020980835,0.089416027069092
1561387121,0.0043220520019531,0.0034761428833008,0.097299814224243
1561387121,0.005112886428833,0.0034408569335938,0.094603776931763
1561387121,0.0049140453338623,0.0035760402679443,0.0866858959198
1561387121,0.0049519538879395,0.0029821395874023,0.092308044433594
1561387122,0.0050959587097168,0.0030810832977295,0.083376169204712
1561387122,0.0044379234313965,0.0025949478149414,0.14068484306335
1561387122,0.0051038265228271,0.0033888816833496,0.089862108230591
1561387122,0.0048491954803467,0.0029089450836182,0.086757183074951
1561387122,0.0045437812805176,0.00323486328125,0.086916208267212
1561387122,0.0046331882476807,0.0030670166015625,0.087756156921387
1561387122,0.0045220851898193,0.0032761096954346,0.088568925857544
1561387122,0.0048620700836182,0.0034339427947998,0.097714185714722
1561387122,0.0047869682312012,0.0030491352081299,0.085788011550903
1561387122,0.0045161247253418,0.0032448768615723,0.0887770652771
1561387123,0.0046279430389404,0.0028891563415527,0.084849834442139
1561387123,0.0047101974487305,0.0032479763031006,0.091105937957764
1561387123,0.0052061080932617,0.0030910968780518,0.088119029998779
1561387123,0.0049099922180176,0.0035059452056885,0.084952116012573
1561387123,0.0051510334014893,0.0034489631652832,0.089356184005737
1561387123,0.0048758983612061,0.0032711029052734,0.085669040679932
1561387123,0.0046350955963135,0.0030510425567627,0.087377071380615
1561387123,0.0052380561828613,0.0033330917358398,0.087389945983887
1561387123,0.0049750804901123,0.0034818649291992,0.10286998748779
1561387123,0.0050609111785889,0.0032551288604736,0.087878942489624
1561387124,0.0047330856323242,0.0033280849456787,0.086894989013672
1561387124,0.0046811103820801,0.0026929378509521,0.086035013198853
